2019-08-02 00:01:30.6118||INFO|Microsoft.AspNetCore.DataProtection.KeyManagement.XmlKeyManager|User profile is available. Using 'C:\Users\Administrator\AppData\Local\ASP.NET\DataProtection-Keys' as key repository and Windows DPAPI to encrypt keys at rest. |url: |action: 
2019-08-02 00:01:32.8630|1|INFO|Microsoft.AspNetCore.Hosting.Internal.WebHost|Request starting HTTP/1.1 GET http://localhost:5008/api/values   |url: http://localhost/api/values|action: 
2019-08-02 00:01:33.0150|2|INFO|Microsoft.AspNetCore.Hosting.Internal.WebHost|Request finished in 151.5599ms 404  |url: http://localhost/api/values|action: 
2019-08-02 00:01:39.7914|1|INFO|Microsoft.AspNetCore.Hosting.Internal.WebHost|Request starting HTTP/1.1 GET http://localhost:5008/swagger/index.html   |url: http://localhost/swagger/index.html|action: 
2019-08-02 00:01:39.9454|2|INFO|Microsoft.AspNetCore.Hosting.Internal.WebHost|Request finished in 154.5167ms 200 text/html |url: http://localhost/swagger/index.html|action: 
2019-08-02 00:01:40.1544|1|INFO|Microsoft.AspNetCore.Hosting.Internal.WebHost|Request starting HTTP/1.1 GET http://localhost:5008/swagger/v1/swagger.json   |url: http://localhost/swagger/v1/swagger.json|action: 
2019-08-02 00:01:40.4144|2|INFO|Microsoft.AspNetCore.Hosting.Internal.WebHost|Request finished in 259.7229ms 200 application/json;charset=utf-8 |url: http://localhost/swagger/v1/swagger.json|action: 
2019-08-02 00:01:49.3199|1|INFO|Microsoft.AspNetCore.Hosting.Internal.WebHost|Request starting HTTP/1.1 POST http://localhost:5008/Health_Card_To_His/get_his_scheduling_list application/json-patch+json 30 |url: http://localhost/Health_Card_To_His/get_his_scheduling_list|action: 
2019-08-02 00:01:49.3199|4|INFO|Microsoft.AspNetCore.Cors.Infrastructure.CorsService|Policy execution successful. |url: http://localhost/Health_Card_To_His/get_his_scheduling_list|action: 
2019-08-02 00:01:49.3709|3|INFO|Microsoft.AspNetCore.Mvc.Internal.ControllerActionInvoker|Route matched with {action = "get_his_scheduling_list", controller = "Health_Card_To_His"}. Executing controller action with signature System.Threading.Tasks.Task`1[Quote.AspNetCore.ApiJsonResultData] get_his_scheduling_list(DapperTast.Param.Get_His_Scheduling_List_Param) on controller DapperTast.Controllers.Health_Card_To_HisController (DapperTast). |url: http://localhost/Health_Card_To_His/get_his_scheduling_list|action: get_his_scheduling_list
2019-08-02 00:01:49.4159|1|INFO|Microsoft.AspNetCore.Mvc.Internal.ControllerActionInvoker|Executing action method DapperTast.Controllers.Health_Card_To_HisController.get_his_scheduling_list (DapperTast) - Validation state: Valid |url: http://localhost/Health_Card_To_His/get_his_scheduling_list|action: get_his_scheduling_list
2019-08-02 00:01:49.5909|2|INFO|Microsoft.AspNetCore.Mvc.Internal.ControllerActionInvoker|Executed action method DapperTast.Controllers.Health_Card_To_HisController.get_his_scheduling_list (DapperTast), returned result Microsoft.AspNetCore.Mvc.ObjectResult in 171.2297ms. |url: http://localhost/Health_Card_To_His/get_his_scheduling_list|action: get_his_scheduling_list
2019-08-02 00:01:49.6009|1|INFO|Microsoft.AspNetCore.Mvc.Infrastructure.ObjectResultExecutor|Executing ObjectResult, writing value of type 'Quote.AspNetCore.ApiJsonResultData'. |url: http://localhost/Health_Card_To_His/get_his_scheduling_list|action: get_his_scheduling_list
2019-08-02 00:01:49.6009|2|INFO|Microsoft.AspNetCore.Mvc.Internal.ControllerActionInvoker|Executed action DapperTast.Controllers.Health_Card_To_HisController.get_his_scheduling_list (DapperTast) in 238.5264ms |url: http://localhost/Health_Card_To_His/get_his_scheduling_list|action: get_his_scheduling_list
2019-08-02 00:01:49.6199|2|INFO|Microsoft.AspNetCore.Hosting.Internal.WebHost|Request finished in 299.6357ms 200 application/json; charset=utf-8 |url: http://localhost/Health_Card_To_His/get_his_scheduling_list|action: get_his_scheduling_list
2019-08-02 00:02:14.3563||INFO|Microsoft.AspNetCore.DataProtection.KeyManagement.XmlKeyManager|User profile is available. Using 'C:\Users\Administrator\AppData\Local\ASP.NET\DataProtection-Keys' as key repository and Windows DPAPI to encrypt keys at rest. |url: |action: 
2019-08-02 00:02:15.8114|1|INFO|Microsoft.AspNetCore.Hosting.Internal.WebHost|Request starting HTTP/1.1 GET http://localhost:5008/api/values   |url: http://localhost/api/values|action: 
2019-08-02 00:02:16.1464|2|INFO|Microsoft.AspNetCore.Hosting.Internal.WebHost|Request finished in 331.8841ms 404  |url: http://localhost/api/values|action: 
2019-08-02 00:02:19.3326|1|INFO|Microsoft.AspNetCore.Hosting.Internal.WebHost|Request starting HTTP/1.1 GET http://localhost:5008/swagger/index.html   |url: http://localhost/swagger/index.html|action: 
2019-08-02 00:02:19.4596|2|INFO|Microsoft.AspNetCore.Hosting.Internal.WebHost|Request finished in 135.1945ms 200 text/html |url: http://localhost/swagger/index.html|action: 
2019-08-02 00:02:19.6806|1|INFO|Microsoft.AspNetCore.Hosting.Internal.WebHost|Request starting HTTP/1.1 GET http://localhost:5008/swagger/v1/swagger.json   |url: http://localhost/swagger/v1/swagger.json|action: 
2019-08-02 00:02:19.9647|2|INFO|Microsoft.AspNetCore.Hosting.Internal.WebHost|Request finished in 284.0696ms 200 application/json;charset=utf-8 |url: http://localhost/swagger/v1/swagger.json|action: 
2019-08-02 00:02:28.2271|1|INFO|Microsoft.AspNetCore.Hosting.Internal.WebHost|Request starting HTTP/1.1 POST http://localhost:5008/Health_Card_To_His/get_his_scheduling_list application/json-patch+json 36 |url: http://localhost/Health_Card_To_His/get_his_scheduling_list|action: 
2019-08-02 00:02:28.2271|4|INFO|Microsoft.AspNetCore.Cors.Infrastructure.CorsService|Policy execution successful. |url: http://localhost/Health_Card_To_His/get_his_scheduling_list|action: 
2019-08-02 00:02:28.2911|3|INFO|Microsoft.AspNetCore.Mvc.Internal.ControllerActionInvoker|Route matched with {action = "get_his_scheduling_list", controller = "Health_Card_To_His"}. Executing controller action with signature System.Threading.Tasks.Task`1[Quote.AspNetCore.ApiJsonResultData] get_his_scheduling_list(DapperTast.Param.Get_His_Scheduling_List_Param) on controller DapperTast.Controllers.Health_Card_To_HisController (DapperTast). |url: http://localhost/Health_Card_To_His/get_his_scheduling_list|action: get_his_scheduling_list
2019-08-02 00:02:28.3971|1|INFO|Microsoft.AspNetCore.Mvc.Internal.ControllerActionInvoker|Executing action method DapperTast.Controllers.Health_Card_To_HisController.get_his_scheduling_list (DapperTast) - Validation state: Valid |url: http://localhost/Health_Card_To_His/get_his_scheduling_list|action: get_his_scheduling_list
2019-08-02 00:03:29.8737||INFO|Microsoft.AspNetCore.DataProtection.KeyManagement.XmlKeyManager|User profile is available. Using 'C:\Users\Administrator\AppData\Local\ASP.NET\DataProtection-Keys' as key repository and Windows DPAPI to encrypt keys at rest. |url: |action: 
2019-08-02 00:03:31.2617|1|INFO|Microsoft.AspNetCore.Hosting.Internal.WebHost|Request starting HTTP/1.1 GET http://localhost:5008/api/values   |url: http://localhost/api/values|action: 
2019-08-02 00:03:31.7038|2|INFO|Microsoft.AspNetCore.Hosting.Internal.WebHost|Request finished in 442.0589ms 404  |url: http://localhost/api/values|action: 
2019-08-02 00:03:34.7419|1|INFO|Microsoft.AspNetCore.Hosting.Internal.WebHost|Request starting HTTP/1.1 GET http://localhost:5008/swagger/index.html   |url: http://localhost/swagger/index.html|action: 
2019-08-02 00:03:34.8539|2|INFO|Microsoft.AspNetCore.Hosting.Internal.WebHost|Request finished in 114.0548ms 200 text/html |url: http://localhost/swagger/index.html|action: 
2019-08-02 00:03:35.0720|1|INFO|Microsoft.AspNetCore.Hosting.Internal.WebHost|Request starting HTTP/1.1 GET http://localhost:5008/swagger/v1/swagger.json   |url: http://localhost/swagger/v1/swagger.json|action: 
2019-08-02 00:03:35.4010|2|INFO|Microsoft.AspNetCore.Hosting.Internal.WebHost|Request finished in 322.4574ms 200 application/json;charset=utf-8 |url: http://localhost/swagger/v1/swagger.json|action: 
2019-08-02 00:03:42.2984|1|INFO|Microsoft.AspNetCore.Hosting.Internal.WebHost|Request starting HTTP/1.1 POST http://localhost:5008/Health_Card_To_His/get_his_scheduling_list application/json-patch+json 32 |url: http://localhost/Health_Card_To_His/get_his_scheduling_list|action: 
2019-08-02 00:03:42.3114|4|INFO|Microsoft.AspNetCore.Cors.Infrastructure.CorsService|Policy execution successful. |url: http://localhost/Health_Card_To_His/get_his_scheduling_list|action: 
2019-08-02 00:03:42.3664|3|INFO|Microsoft.AspNetCore.Mvc.Internal.ControllerActionInvoker|Route matched with {action = "get_his_scheduling_list", controller = "Health_Card_To_His"}. Executing controller action with signature System.Threading.Tasks.Task`1[Quote.AspNetCore.ApiJsonResultData] get_his_scheduling_list(DapperTast.Param.Get_His_Scheduling_List_Param) on controller DapperTast.Controllers.Health_Card_To_HisController (DapperTast). |url: http://localhost/Health_Card_To_His/get_his_scheduling_list|action: get_his_scheduling_list
2019-08-02 00:03:42.4774|1|INFO|Microsoft.AspNetCore.Mvc.Internal.ControllerActionInvoker|Executing action method DapperTast.Controllers.Health_Card_To_HisController.get_his_scheduling_list (DapperTast) - Validation state: Valid |url: http://localhost/Health_Card_To_His/get_his_scheduling_list|action: get_his_scheduling_list
2019-08-02 00:04:27.4750||INFO|Microsoft.AspNetCore.DataProtection.KeyManagement.XmlKeyManager|User profile is available. Using 'C:\Users\Administrator\AppData\Local\ASP.NET\DataProtection-Keys' as key repository and Windows DPAPI to encrypt keys at rest. |url: |action: 
2019-08-02 00:04:28.9490|1|INFO|Microsoft.AspNetCore.Hosting.Internal.WebHost|Request starting HTTP/1.1 GET http://localhost:5008/api/values   |url: http://localhost/api/values|action: 
2019-08-02 00:04:29.3301|2|INFO|Microsoft.AspNetCore.Hosting.Internal.WebHost|Request finished in 385.2842ms 404  |url: http://localhost/api/values|action: 
2019-08-02 00:04:35.7974|1|INFO|Microsoft.AspNetCore.Hosting.Internal.WebHost|Request starting HTTP/1.1 GET http://localhost:5008/swagger/index.html   |url: http://localhost/swagger/index.html|action: 
2019-08-02 00:04:35.9024|2|INFO|Microsoft.AspNetCore.Hosting.Internal.WebHost|Request finished in 108.7078ms 200 text/html |url: http://localhost/swagger/index.html|action: 
2019-08-02 00:04:36.1415|1|INFO|Microsoft.AspNetCore.Hosting.Internal.WebHost|Request starting HTTP/1.1 GET http://localhost:5008/swagger/v1/swagger.json   |url: http://localhost/swagger/v1/swagger.json|action: 
2019-08-02 00:04:36.4255|2|INFO|Microsoft.AspNetCore.Hosting.Internal.WebHost|Request finished in 281.0046ms 200 application/json;charset=utf-8 |url: http://localhost/swagger/v1/swagger.json|action: 
2019-08-02 00:04:43.4719|1|INFO|Microsoft.AspNetCore.Hosting.Internal.WebHost|Request starting HTTP/1.1 POST http://localhost:5008/Health_Card_To_His/get_his_scheduling_list application/json-patch+json 31 |url: http://localhost/Health_Card_To_His/get_his_scheduling_list|action: 
2019-08-02 00:04:43.4719|4|INFO|Microsoft.AspNetCore.Cors.Infrastructure.CorsService|Policy execution successful. |url: http://localhost/Health_Card_To_His/get_his_scheduling_list|action: 
2019-08-02 00:04:43.5299|3|INFO|Microsoft.AspNetCore.Mvc.Internal.ControllerActionInvoker|Route matched with {action = "get_his_scheduling_list", controller = "Health_Card_To_His"}. Executing controller action with signature System.Threading.Tasks.Task`1[Quote.AspNetCore.ApiJsonResultData] get_his_scheduling_list(DapperTast.Param.Get_His_Scheduling_List_Param) on controller DapperTast.Controllers.Health_Card_To_HisController (DapperTast). |url: http://localhost/Health_Card_To_His/get_his_scheduling_list|action: get_his_scheduling_list
2019-08-02 00:04:43.6369|1|INFO|Microsoft.AspNetCore.Mvc.Internal.ControllerActionInvoker|Executing action method DapperTast.Controllers.Health_Card_To_HisController.get_his_scheduling_list (DapperTast) - Validation state: Valid |url: http://localhost/Health_Card_To_His/get_his_scheduling_list|action: get_his_scheduling_list
2019-08-02 00:05:10.3804|2|INFO|Microsoft.AspNetCore.Mvc.Internal.ControllerActionInvoker|Executed action method DapperTast.Controllers.Health_Card_To_HisController.get_his_scheduling_list (DapperTast), returned result Microsoft.AspNetCore.Mvc.ObjectResult in 26736.9366ms. |url: http://localhost/Health_Card_To_His/get_his_scheduling_list|action: get_his_scheduling_list
2019-08-02 00:05:10.3984|1|INFO|Microsoft.AspNetCore.Mvc.Infrastructure.ObjectResultExecutor|Executing ObjectResult, writing value of type 'Quote.AspNetCore.ApiJsonResultData'. |url: http://localhost/Health_Card_To_His/get_his_scheduling_list|action: get_his_scheduling_list
2019-08-02 00:05:10.4244|2|INFO|Microsoft.AspNetCore.Mvc.Internal.ControllerActionInvoker|Executed action DapperTast.Controllers.Health_Card_To_HisController.get_his_scheduling_list (DapperTast) in 26887.5826ms |url: http://localhost/Health_Card_To_His/get_his_scheduling_list|action: get_his_scheduling_list
2019-08-02 00:05:10.4474|2|INFO|Microsoft.AspNetCore.Hosting.Internal.WebHost|Request finished in 26975.7931ms 200 application/json; charset=utf-8 |url: http://localhost/Health_Card_To_His/get_his_scheduling_list|action: get_his_scheduling_list
2019-08-02 00:05:32.2857||INFO|Microsoft.AspNetCore.DataProtection.KeyManagement.XmlKeyManager|User profile is available. Using 'C:\Users\Administrator\AppData\Local\ASP.NET\DataProtection-Keys' as key repository and Windows DPAPI to encrypt keys at rest. |url: |action: 
2019-08-02 00:05:33.5467|1|INFO|Microsoft.AspNetCore.Hosting.Internal.WebHost|Request starting HTTP/1.1 GET http://localhost:5008/api/values   |url: http://localhost/api/values|action: 
2019-08-02 00:05:33.9088|2|INFO|Microsoft.AspNetCore.Hosting.Internal.WebHost|Request finished in 362.2889ms 404  |url: http://localhost/api/values|action: 
2019-08-02 00:05:38.5000|1|INFO|Microsoft.AspNetCore.Hosting.Internal.WebHost|Request starting HTTP/1.1 GET http://localhost:5008/swagger/index.html   |url: http://localhost/swagger/index.html|action: 
2019-08-02 00:05:38.6260|2|INFO|Microsoft.AspNetCore.Hosting.Internal.WebHost|Request finished in 124.7619ms 200 text/html |url: http://localhost/swagger/index.html|action: 
2019-08-02 00:05:38.8420|1|INFO|Microsoft.AspNetCore.Hosting.Internal.WebHost|Request starting HTTP/1.1 GET http://localhost:5008/swagger/v1/swagger.json   |url: http://localhost/swagger/v1/swagger.json|action: 
2019-08-02 00:05:39.1661|2|INFO|Microsoft.AspNetCore.Hosting.Internal.WebHost|Request finished in 323.8494ms 200 application/json;charset=utf-8 |url: http://localhost/swagger/v1/swagger.json|action: 
2019-08-02 00:05:48.4466|1|INFO|Microsoft.AspNetCore.Hosting.Internal.WebHost|Request starting HTTP/1.1 POST http://localhost:5008/Health_Card_To_His/get_his_scheduling_list application/json-patch+json 32 |url: http://localhost/Health_Card_To_His/get_his_scheduling_list|action: 
2019-08-02 00:05:48.4466|4|INFO|Microsoft.AspNetCore.Cors.Infrastructure.CorsService|Policy execution successful. |url: http://localhost/Health_Card_To_His/get_his_scheduling_list|action: 
2019-08-02 00:05:48.5096|3|INFO|Microsoft.AspNetCore.Mvc.Internal.ControllerActionInvoker|Route matched with {action = "get_his_scheduling_list", controller = "Health_Card_To_His"}. Executing controller action with signature System.Threading.Tasks.Task`1[Quote.AspNetCore.ApiJsonResultData] get_his_scheduling_list(DapperTast.Param.Get_His_Scheduling_List_Param) on controller DapperTast.Controllers.Health_Card_To_HisController (DapperTast). |url: http://localhost/Health_Card_To_His/get_his_scheduling_list|action: get_his_scheduling_list
2019-08-02 00:05:48.6276|1|INFO|Microsoft.AspNetCore.Mvc.Internal.ControllerActionInvoker|Executing action method DapperTast.Controllers.Health_Card_To_HisController.get_his_scheduling_list (DapperTast) - Validation state: Valid |url: http://localhost/Health_Card_To_His/get_his_scheduling_list|action: get_his_scheduling_list
2019-08-02 00:07:55.5449|2|INFO|Microsoft.AspNetCore.Mvc.Internal.ControllerActionInvoker|Executed action method DapperTast.Controllers.Health_Card_To_HisController.get_his_scheduling_list (DapperTast), returned result Microsoft.AspNetCore.Mvc.ObjectResult in 126909.2205ms. |url: http://localhost/Health_Card_To_His/get_his_scheduling_list|action: get_his_scheduling_list
2019-08-02 00:07:55.5599|1|INFO|Microsoft.AspNetCore.Mvc.Infrastructure.ObjectResultExecutor|Executing ObjectResult, writing value of type 'Quote.AspNetCore.ApiJsonResultData'. |url: http://localhost/Health_Card_To_His/get_his_scheduling_list|action: get_his_scheduling_list
2019-08-02 00:07:55.5989|2|INFO|Microsoft.AspNetCore.Mvc.Internal.ControllerActionInvoker|Executed action DapperTast.Controllers.Health_Card_To_HisController.get_his_scheduling_list (DapperTast) in 127083.301ms |url: http://localhost/Health_Card_To_His/get_his_scheduling_list|action: get_his_scheduling_list
2019-08-02 00:07:55.6099|2|INFO|Microsoft.AspNetCore.Hosting.Internal.WebHost|Request finished in 127172.1475ms 200 application/json; charset=utf-8 |url: http://localhost/Health_Card_To_His/get_his_scheduling_list|action: get_his_scheduling_list
2019-08-02 00:09:05.3669||INFO|Microsoft.AspNetCore.DataProtection.KeyManagement.XmlKeyManager|User profile is available. Using 'C:\Users\Administrator\AppData\Local\ASP.NET\DataProtection-Keys' as key repository and Windows DPAPI to encrypt keys at rest. |url: |action: 
2019-08-02 00:09:06.7329|1|INFO|Microsoft.AspNetCore.Hosting.Internal.WebHost|Request starting HTTP/1.1 GET http://localhost:5008/api/values   |url: http://localhost/api/values|action: 
2019-08-02 00:09:07.0499|2|INFO|Microsoft.AspNetCore.Hosting.Internal.WebHost|Request finished in 316.9039ms 404  |url: http://localhost/api/values|action: 
2019-08-02 00:09:14.8094|1|INFO|Microsoft.AspNetCore.Hosting.Internal.WebHost|Request starting HTTP/1.1 GET http://localhost:5008/swagger/index.html   |url: http://localhost/swagger/index.html|action: 
2019-08-02 00:09:14.9114|2|INFO|Microsoft.AspNetCore.Hosting.Internal.WebHost|Request finished in 110.3958ms 200 text/html |url: http://localhost/swagger/index.html|action: 
2019-08-02 00:09:15.1134|1|INFO|Microsoft.AspNetCore.Hosting.Internal.WebHost|Request starting HTTP/1.1 GET http://localhost:5008/swagger/v1/swagger.json   |url: http://localhost/swagger/v1/swagger.json|action: 
2019-08-02 00:09:15.4004|2|INFO|Microsoft.AspNetCore.Hosting.Internal.WebHost|Request finished in 287.0315ms 200 application/json;charset=utf-8 |url: http://localhost/swagger/v1/swagger.json|action: 
2019-08-02 00:09:23.7369|1|INFO|Microsoft.AspNetCore.Hosting.Internal.WebHost|Request starting HTTP/1.1 POST http://localhost:5008/Health_Card_To_His/get_his_scheduling_list application/json-patch+json 30 |url: http://localhost/Health_Card_To_His/get_his_scheduling_list|action: 
2019-08-02 00:09:23.7369|4|INFO|Microsoft.AspNetCore.Cors.Infrastructure.CorsService|Policy execution successful. |url: http://localhost/Health_Card_To_His/get_his_scheduling_list|action: 
2019-08-02 00:09:23.8009|3|INFO|Microsoft.AspNetCore.Mvc.Internal.ControllerActionInvoker|Route matched with {action = "get_his_scheduling_list", controller = "Health_Card_To_His"}. Executing controller action with signature System.Threading.Tasks.Task`1[Quote.AspNetCore.ApiJsonResultData] get_his_scheduling_list(DapperTast.Param.Get_His_Scheduling_List_Param) on controller DapperTast.Controllers.Health_Card_To_HisController (DapperTast). |url: http://localhost/Health_Card_To_His/get_his_scheduling_list|action: get_his_scheduling_list
2019-08-02 00:09:23.9169|1|INFO|Microsoft.AspNetCore.Mvc.Internal.ControllerActionInvoker|Executing action method DapperTast.Controllers.Health_Card_To_HisController.get_his_scheduling_list (DapperTast) - Validation state: Valid |url: http://localhost/Health_Card_To_His/get_his_scheduling_list|action: get_his_scheduling_list
2019-08-02 00:09:26.2860|2|INFO|Microsoft.AspNetCore.Mvc.Internal.ControllerActionInvoker|Executed action method DapperTast.Controllers.Health_Card_To_HisController.get_his_scheduling_list (DapperTast), returned result Microsoft.AspNetCore.Mvc.ObjectResult in 2362.2949ms. |url: http://localhost/Health_Card_To_His/get_his_scheduling_list|action: get_his_scheduling_list
2019-08-02 00:09:26.3060|1|INFO|Microsoft.AspNetCore.Mvc.Infrastructure.ObjectResultExecutor|Executing ObjectResult, writing value of type 'Quote.AspNetCore.ApiJsonResultData'. |url: http://localhost/Health_Card_To_His/get_his_scheduling_list|action: get_his_scheduling_list
2019-08-02 00:09:26.3231|2|INFO|Microsoft.AspNetCore.Mvc.Internal.ControllerActionInvoker|Executed action DapperTast.Controllers.Health_Card_To_HisController.get_his_scheduling_list (DapperTast) in 2514.8252ms |url: http://localhost/Health_Card_To_His/get_his_scheduling_list|action: get_his_scheduling_list
2019-08-02 00:09:26.3371|2|INFO|Microsoft.AspNetCore.Hosting.Internal.WebHost|Request finished in 2617.1811ms 200 application/json; charset=utf-8 |url: http://localhost/Health_Card_To_His/get_his_scheduling_list|action: get_his_scheduling_list
2019-08-02 00:09:53.1196||INFO|Microsoft.AspNetCore.DataProtection.KeyManagement.XmlKeyManager|User profile is available. Using 'C:\Users\Administrator\AppData\Local\ASP.NET\DataProtection-Keys' as key repository and Windows DPAPI to encrypt keys at rest. |url: |action: 
2019-08-02 00:09:53.5876|1|INFO|Microsoft.AspNetCore.Hosting.Internal.WebHost|Request starting HTTP/1.1 GET http://localhost:5008/api/values   |url: http://localhost/api/values|action: 
2019-08-02 00:09:53.7936|2|INFO|Microsoft.AspNetCore.Hosting.Internal.WebHost|Request finished in 207.4707ms 404  |url: http://localhost/api/values|action: 
2019-08-02 00:09:57.1718|1|INFO|Microsoft.AspNetCore.Hosting.Internal.WebHost|Request starting HTTP/1.1 GET http://localhost:5008/swagger/index.html   |url: http://localhost/swagger/index.html|action: 
2019-08-02 00:09:57.2838|2|INFO|Microsoft.AspNetCore.Hosting.Internal.WebHost|Request finished in 112.1855ms 200 text/html |url: http://localhost/swagger/index.html|action: 
2019-08-02 00:09:57.4748|1|INFO|Microsoft.AspNetCore.Hosting.Internal.WebHost|Request starting HTTP/1.1 GET http://localhost:5008/swagger/v1/swagger.json   |url: http://localhost/swagger/v1/swagger.json|action: 
2019-08-02 00:09:57.7138|2|INFO|Microsoft.AspNetCore.Hosting.Internal.WebHost|Request finished in 239.2991ms 200 application/json;charset=utf-8 |url: http://localhost/swagger/v1/swagger.json|action: 
2019-08-02 00:10:06.4463|1|INFO|Microsoft.AspNetCore.Hosting.Internal.WebHost|Request starting HTTP/1.1 POST http://localhost:5008/Health_Card_To_His/get_his_scheduling_list application/json-patch+json 31 |url: http://localhost/Health_Card_To_His/get_his_scheduling_list|action: 
2019-08-02 00:10:06.4483|4|INFO|Microsoft.AspNetCore.Cors.Infrastructure.CorsService|Policy execution successful. |url: http://localhost/Health_Card_To_His/get_his_scheduling_list|action: 
2019-08-02 00:10:06.4943|3|INFO|Microsoft.AspNetCore.Mvc.Internal.ControllerActionInvoker|Route matched with {action = "get_his_scheduling_list", controller = "Health_Card_To_His"}. Executing controller action with signature System.Threading.Tasks.Task`1[Quote.AspNetCore.ApiJsonResultData] get_his_scheduling_list(DapperTast.Param.Get_His_Scheduling_List_Param) on controller DapperTast.Controllers.Health_Card_To_HisController (DapperTast). |url: http://localhost/Health_Card_To_His/get_his_scheduling_list|action: get_his_scheduling_list
2019-08-02 00:10:06.5404|1|INFO|Microsoft.AspNetCore.Mvc.Internal.ControllerActionInvoker|Executing action method DapperTast.Controllers.Health_Card_To_HisController.get_his_scheduling_list (DapperTast) - Validation state: Valid |url: http://localhost/Health_Card_To_His/get_his_scheduling_list|action: get_his_scheduling_list
2019-08-02 00:10:06.6844|2|INFO|Microsoft.AspNetCore.Mvc.Internal.ControllerActionInvoker|Executed action method DapperTast.Controllers.Health_Card_To_HisController.get_his_scheduling_list (DapperTast), returned result Microsoft.AspNetCore.Mvc.ObjectResult in 139.5287ms. |url: http://localhost/Health_Card_To_His/get_his_scheduling_list|action: get_his_scheduling_list
2019-08-02 00:10:06.6844|1|INFO|Microsoft.AspNetCore.Mvc.Infrastructure.ObjectResultExecutor|Executing ObjectResult, writing value of type 'Quote.AspNetCore.ApiJsonResultData'. |url: http://localhost/Health_Card_To_His/get_his_scheduling_list|action: get_his_scheduling_list
2019-08-02 00:10:06.7064|2|INFO|Microsoft.AspNetCore.Mvc.Internal.ControllerActionInvoker|Executed action DapperTast.Controllers.Health_Card_To_HisController.get_his_scheduling_list (DapperTast) in 209.0261ms |url: http://localhost/Health_Card_To_His/get_his_scheduling_list|action: get_his_scheduling_list
2019-08-02 00:10:06.7124|2|INFO|Microsoft.AspNetCore.Hosting.Internal.WebHost|Request finished in 265.8739ms 200 application/json; charset=utf-8 |url: http://localhost/Health_Card_To_His/get_his_scheduling_list|action: get_his_scheduling_list
2019-08-02 00:12:12.2215||INFO|Microsoft.AspNetCore.DataProtection.KeyManagement.XmlKeyManager|User profile is available. Using 'C:\Users\Administrator\AppData\Local\ASP.NET\DataProtection-Keys' as key repository and Windows DPAPI to encrypt keys at rest. |url: |action: 
2019-08-02 00:12:13.5446|1|INFO|Microsoft.AspNetCore.Hosting.Internal.WebHost|Request starting HTTP/1.1 GET http://localhost:5008/api/values   |url: http://localhost/api/values|action: 
2019-08-02 00:12:13.9256|2|INFO|Microsoft.AspNetCore.Hosting.Internal.WebHost|Request finished in 388.4167ms 404  |url: http://localhost/api/values|action: 
2019-08-02 00:12:17.3618|1|INFO|Microsoft.AspNetCore.Hosting.Internal.WebHost|Request starting HTTP/1.1 GET http://localhost:5008/swagger/index.html   |url: http://localhost/swagger/index.html|action: 
2019-08-02 00:12:17.4848|2|INFO|Microsoft.AspNetCore.Hosting.Internal.WebHost|Request finished in 130.4685ms 200 text/html |url: http://localhost/swagger/index.html|action: 
2019-08-02 00:12:17.7059|1|INFO|Microsoft.AspNetCore.Hosting.Internal.WebHost|Request starting HTTP/1.1 GET http://localhost:5008/swagger/v1/swagger.json   |url: http://localhost/swagger/v1/swagger.json|action: 
2019-08-02 00:12:18.0259|2|INFO|Microsoft.AspNetCore.Hosting.Internal.WebHost|Request finished in 320.9307ms 200 application/json;charset=utf-8 |url: http://localhost/swagger/v1/swagger.json|action: 
2019-08-02 00:12:26.9394|1|INFO|Microsoft.AspNetCore.Hosting.Internal.WebHost|Request starting HTTP/1.1 POST http://localhost:5008/Health_Card_To_His/get_his_scheduling_list application/json-patch+json 32 |url: http://localhost/Health_Card_To_His/get_his_scheduling_list|action: 
2019-08-02 00:12:26.9474|4|INFO|Microsoft.AspNetCore.Cors.Infrastructure.CorsService|Policy execution successful. |url: http://localhost/Health_Card_To_His/get_his_scheduling_list|action: 
2019-08-02 00:12:27.0014|3|INFO|Microsoft.AspNetCore.Mvc.Internal.ControllerActionInvoker|Route matched with {action = "get_his_scheduling_list", controller = "Health_Card_To_His"}. Executing controller action with signature System.Threading.Tasks.Task`1[Quote.AspNetCore.ApiJsonResultData] get_his_scheduling_list(DapperTast.Param.Get_His_Scheduling_List_Param) on controller DapperTast.Controllers.Health_Card_To_HisController (DapperTast). |url: http://localhost/Health_Card_To_His/get_his_scheduling_list|action: get_his_scheduling_list
2019-08-02 00:12:27.1114|1|INFO|Microsoft.AspNetCore.Mvc.Internal.ControllerActionInvoker|Executing action method DapperTast.Controllers.Health_Card_To_HisController.get_his_scheduling_list (DapperTast) - Validation state: Valid |url: http://localhost/Health_Card_To_His/get_his_scheduling_list|action: get_his_scheduling_list
2019-08-02 09:39:10.1245||INFO|Microsoft.AspNetCore.DataProtection.KeyManagement.XmlKeyManager|User profile is available. Using 'C:\Users\Administrator\AppData\Local\ASP.NET\DataProtection-Keys' as key repository and Windows DPAPI to encrypt keys at rest. |url: |action: 
2019-08-02 09:39:11.7106|1|INFO|Microsoft.AspNetCore.Hosting.Internal.WebHost|Request starting HTTP/1.1 GET http://localhost:5008/api/values   |url: http://localhost/api/values|action: 
2019-08-02 09:39:12.0636|2|INFO|Microsoft.AspNetCore.Hosting.Internal.WebHost|Request finished in 338.0709ms 404  |url: http://localhost/api/values|action: 
2019-08-02 09:39:15.6028|1|INFO|Microsoft.AspNetCore.Hosting.Internal.WebHost|Request starting HTTP/1.1 GET http://localhost:5008/swagger/index.html   |url: http://localhost/swagger/index.html|action: 
2019-08-02 09:39:15.7428|2|INFO|Microsoft.AspNetCore.Hosting.Internal.WebHost|Request finished in 142.7782ms 200 text/html |url: http://localhost/swagger/index.html|action: 
2019-08-02 09:39:15.9658|1|INFO|Microsoft.AspNetCore.Hosting.Internal.WebHost|Request starting HTTP/1.1 GET http://localhost:5008/swagger/v1/swagger.json   |url: http://localhost/swagger/v1/swagger.json|action: 
2019-08-02 09:39:16.2429|2|INFO|Microsoft.AspNetCore.Hosting.Internal.WebHost|Request finished in 276.9779ms 200 application/json;charset=utf-8 |url: http://localhost/swagger/v1/swagger.json|action: 
2019-08-02 09:39:25.6734|1|INFO|Microsoft.AspNetCore.Hosting.Internal.WebHost|Request starting HTTP/1.1 POST http://localhost:5008/Health_Card_To_His/get_his_scheduling_list application/json-patch+json 30 |url: http://localhost/Health_Card_To_His/get_his_scheduling_list|action: 
2019-08-02 09:39:25.6874|4|INFO|Microsoft.AspNetCore.Cors.Infrastructure.CorsService|Policy execution successful. |url: http://localhost/Health_Card_To_His/get_his_scheduling_list|action: 
2019-08-02 09:39:25.7444|3|INFO|Microsoft.AspNetCore.Mvc.Internal.ControllerActionInvoker|Route matched with {action = "get_his_scheduling_list", controller = "Health_Card_To_His"}. Executing controller action with signature System.Threading.Tasks.Task`1[Quote.AspNetCore.ApiJsonResultData] get_his_scheduling_list(DapperTast.Param.Get_His_Scheduling_List_Param) on controller DapperTast.Controllers.Health_Card_To_HisController (DapperTast). |url: http://localhost/Health_Card_To_His/get_his_scheduling_list|action: get_his_scheduling_list
2019-08-02 09:39:25.8624|1|INFO|Microsoft.AspNetCore.Mvc.Internal.ControllerActionInvoker|Executing action method DapperTast.Controllers.Health_Card_To_HisController.get_his_scheduling_list (DapperTast) - Validation state: Valid |url: http://localhost/Health_Card_To_His/get_his_scheduling_list|action: get_his_scheduling_list
2019-08-02 09:39:44.2735|2|INFO|Microsoft.AspNetCore.Mvc.Internal.ControllerActionInvoker|Executed action method DapperTast.Controllers.Health_Card_To_HisController.get_his_scheduling_list (DapperTast), returned result Microsoft.AspNetCore.Mvc.ObjectResult in 18401.4787ms. |url: http://localhost/Health_Card_To_His/get_his_scheduling_list|action: get_his_scheduling_list
2019-08-02 09:39:44.2875|1|INFO|Microsoft.AspNetCore.Mvc.Infrastructure.ObjectResultExecutor|Executing ObjectResult, writing value of type 'Quote.AspNetCore.ApiJsonResultData'. |url: http://localhost/Health_Card_To_His/get_his_scheduling_list|action: get_his_scheduling_list
2019-08-02 09:39:44.3145|2|INFO|Microsoft.AspNetCore.Mvc.Internal.ControllerActionInvoker|Executed action DapperTast.Controllers.Health_Card_To_HisController.get_his_scheduling_list (DapperTast) in 18560.9496ms |url: http://localhost/Health_Card_To_His/get_his_scheduling_list|action: get_his_scheduling_list
2019-08-02 09:39:44.3325|2|INFO|Microsoft.AspNetCore.Hosting.Internal.WebHost|Request finished in 18673.6811ms 200 application/json; charset=utf-8 |url: http://localhost/Health_Card_To_His/get_his_scheduling_list|action: get_his_scheduling_list
2019-08-02 09:40:51.2433||INFO|Microsoft.AspNetCore.DataProtection.KeyManagement.XmlKeyManager|User profile is available. Using 'C:\Users\Administrator\AppData\Local\ASP.NET\DataProtection-Keys' as key repository and Windows DPAPI to encrypt keys at rest. |url: |action: 
2019-08-02 09:40:51.7883|1|INFO|Microsoft.AspNetCore.Hosting.Internal.WebHost|Request starting HTTP/1.1 GET http://localhost:5008/api/values   |url: http://localhost/api/values|action: 
2019-08-02 09:40:52.0113|2|INFO|Microsoft.AspNetCore.Hosting.Internal.WebHost|Request finished in 223.7571ms 404  |url: http://localhost/api/values|action: 
2019-08-02 09:40:58.3337|1|INFO|Microsoft.AspNetCore.Hosting.Internal.WebHost|Request starting HTTP/1.1 GET http://localhost:5008/swagger/index.html   |url: http://localhost/swagger/index.html|action: 
2019-08-02 09:40:58.4507|2|INFO|Microsoft.AspNetCore.Hosting.Internal.WebHost|Request finished in 117.17ms 200 text/html |url: http://localhost/swagger/index.html|action: 
2019-08-02 09:40:58.6357|1|INFO|Microsoft.AspNetCore.Hosting.Internal.WebHost|Request starting HTTP/1.1 GET http://localhost:5008/swagger/v1/swagger.json   |url: http://localhost/swagger/v1/swagger.json|action: 
2019-08-02 09:40:58.8657|2|INFO|Microsoft.AspNetCore.Hosting.Internal.WebHost|Request finished in 230.2996ms 200 application/json;charset=utf-8 |url: http://localhost/swagger/v1/swagger.json|action: 
2019-08-02 09:41:08.9043|1|INFO|Microsoft.AspNetCore.Hosting.Internal.WebHost|Request starting HTTP/1.1 POST http://localhost:5008/Health_Card_To_His/get_his_scheduling_list application/json-patch+json 32 |url: http://localhost/Health_Card_To_His/get_his_scheduling_list|action: 
2019-08-02 09:41:08.9043|4|INFO|Microsoft.AspNetCore.Cors.Infrastructure.CorsService|Policy execution successful. |url: http://localhost/Health_Card_To_His/get_his_scheduling_list|action: 
2019-08-02 09:41:08.9643|3|INFO|Microsoft.AspNetCore.Mvc.Internal.ControllerActionInvoker|Route matched with {action = "get_his_scheduling_list", controller = "Health_Card_To_His"}. Executing controller action with signature System.Threading.Tasks.Task`1[Quote.AspNetCore.ApiJsonResultData] get_his_scheduling_list(DapperTast.Param.Get_His_Scheduling_List_Param) on controller DapperTast.Controllers.Health_Card_To_HisController (DapperTast). |url: http://localhost/Health_Card_To_His/get_his_scheduling_list|action: get_his_scheduling_list
2019-08-02 09:41:09.0123|1|INFO|Microsoft.AspNetCore.Mvc.Internal.ControllerActionInvoker|Executing action method DapperTast.Controllers.Health_Card_To_HisController.get_his_scheduling_list (DapperTast) - Validation state: Valid |url: http://localhost/Health_Card_To_His/get_his_scheduling_list|action: get_his_scheduling_list
2019-08-02 09:41:09.1633|2|INFO|Microsoft.AspNetCore.Mvc.Internal.ControllerActionInvoker|Executed action method DapperTast.Controllers.Health_Card_To_HisController.get_his_scheduling_list (DapperTast), returned result Microsoft.AspNetCore.Mvc.ObjectResult in 146.314ms. |url: http://localhost/Health_Card_To_His/get_his_scheduling_list|action: get_his_scheduling_list
2019-08-02 09:41:09.1763|1|INFO|Microsoft.AspNetCore.Mvc.Infrastructure.ObjectResultExecutor|Executing ObjectResult, writing value of type 'Quote.AspNetCore.ApiJsonResultData'. |url: http://localhost/Health_Card_To_His/get_his_scheduling_list|action: get_his_scheduling_list
2019-08-02 09:41:09.1923|2|INFO|Microsoft.AspNetCore.Mvc.Internal.ControllerActionInvoker|Executed action DapperTast.Controllers.Health_Card_To_HisController.get_his_scheduling_list (DapperTast) in 224.0008ms |url: http://localhost/Health_Card_To_His/get_his_scheduling_list|action: get_his_scheduling_list
2019-08-02 09:41:09.1923|2|INFO|Microsoft.AspNetCore.Hosting.Internal.WebHost|Request finished in 295.6998ms 200 application/json; charset=utf-8 |url: http://localhost/Health_Card_To_His/get_his_scheduling_list|action: get_his_scheduling_list
2019-08-02 09:42:13.3760||INFO|Microsoft.AspNetCore.DataProtection.KeyManagement.XmlKeyManager|User profile is available. Using 'C:\Users\Administrator\AppData\Local\ASP.NET\DataProtection-Keys' as key repository and Windows DPAPI to encrypt keys at rest. |url: |action: 
2019-08-02 09:42:13.9420|1|INFO|Microsoft.AspNetCore.Hosting.Internal.WebHost|Request starting HTTP/1.1 GET http://localhost:5008/api/values   |url: http://localhost/api/values|action: 
2019-08-02 09:42:14.1770|2|INFO|Microsoft.AspNetCore.Hosting.Internal.WebHost|Request finished in 235.6824ms 404  |url: http://localhost/api/values|action: 
2019-08-02 09:42:18.4923|1|INFO|Microsoft.AspNetCore.Hosting.Internal.WebHost|Request starting HTTP/1.1 GET http://localhost:5008/swagger/index.html   |url: http://localhost/swagger/index.html|action: 
2019-08-02 09:42:18.6023|2|INFO|Microsoft.AspNetCore.Hosting.Internal.WebHost|Request finished in 109.6759ms 200 text/html |url: http://localhost/swagger/index.html|action: 
2019-08-02 09:42:18.7993|1|INFO|Microsoft.AspNetCore.Hosting.Internal.WebHost|Request starting HTTP/1.1 GET http://localhost:5008/swagger/v1/swagger.json   |url: http://localhost/swagger/v1/swagger.json|action: 
2019-08-02 09:42:19.0263|2|INFO|Microsoft.AspNetCore.Hosting.Internal.WebHost|Request finished in 226.9418ms 200 application/json;charset=utf-8 |url: http://localhost/swagger/v1/swagger.json|action: 
2019-08-02 09:42:27.0868|1|INFO|Microsoft.AspNetCore.Hosting.Internal.WebHost|Request starting HTTP/1.1 POST http://localhost:5008/Health_Card_To_His/get_his_scheduling_list application/json-patch+json 30 |url: http://localhost/Health_Card_To_His/get_his_scheduling_list|action: 
2019-08-02 09:42:27.0868|4|INFO|Microsoft.AspNetCore.Cors.Infrastructure.CorsService|Policy execution successful. |url: http://localhost/Health_Card_To_His/get_his_scheduling_list|action: 
2019-08-02 09:42:27.1328|3|INFO|Microsoft.AspNetCore.Mvc.Internal.ControllerActionInvoker|Route matched with {action = "get_his_scheduling_list", controller = "Health_Card_To_His"}. Executing controller action with signature System.Threading.Tasks.Task`1[Quote.AspNetCore.ApiJsonResultData] get_his_scheduling_list(DapperTast.Param.Get_His_Scheduling_List_Param) on controller DapperTast.Controllers.Health_Card_To_HisController (DapperTast). |url: http://localhost/Health_Card_To_His/get_his_scheduling_list|action: get_his_scheduling_list
2019-08-02 09:42:27.1768|1|INFO|Microsoft.AspNetCore.Mvc.Internal.ControllerActionInvoker|Executing action method DapperTast.Controllers.Health_Card_To_HisController.get_his_scheduling_list (DapperTast) - Validation state: Valid |url: http://localhost/Health_Card_To_His/get_his_scheduling_list|action: get_his_scheduling_list
2019-08-02 09:42:27.3048|2|INFO|Microsoft.AspNetCore.Mvc.Internal.ControllerActionInvoker|Executed action method DapperTast.Controllers.Health_Card_To_HisController.get_his_scheduling_list (DapperTast), returned result Microsoft.AspNetCore.Mvc.ObjectResult in 123.9516ms. |url: http://localhost/Health_Card_To_His/get_his_scheduling_list|action: get_his_scheduling_list
2019-08-02 09:42:27.3198|1|INFO|Microsoft.AspNetCore.Mvc.Infrastructure.ObjectResultExecutor|Executing ObjectResult, writing value of type 'Quote.AspNetCore.ApiJsonResultData'. |url: http://localhost/Health_Card_To_His/get_his_scheduling_list|action: get_his_scheduling_list
2019-08-02 09:42:27.3308|2|INFO|Microsoft.AspNetCore.Mvc.Internal.ControllerActionInvoker|Executed action DapperTast.Controllers.Health_Card_To_HisController.get_his_scheduling_list (DapperTast) in 194.5216ms |url: http://localhost/Health_Card_To_His/get_his_scheduling_list|action: get_his_scheduling_list
2019-08-02 09:42:27.3308|2|INFO|Microsoft.AspNetCore.Hosting.Internal.WebHost|Request finished in 250.1736ms 200 application/json; charset=utf-8 |url: http://localhost/Health_Card_To_His/get_his_scheduling_list|action: get_his_scheduling_list
2019-08-02 11:24:23.6596||INFO|Microsoft.AspNetCore.DataProtection.KeyManagement.XmlKeyManager|User profile is available. Using 'C:\Users\Administrator\AppData\Local\ASP.NET\DataProtection-Keys' as key repository and Windows DPAPI to encrypt keys at rest. |url: |action: 
2019-08-02 11:24:24.7887|1|INFO|Microsoft.AspNetCore.Hosting.Internal.WebHost|Request starting HTTP/1.1 GET http://localhost:5008/api/values   |url: http://localhost/api/values|action: 
2019-08-02 11:24:25.3967|2|INFO|Microsoft.AspNetCore.Hosting.Internal.WebHost|Request finished in 608.7792ms 404  |url: http://localhost/api/values|action: 
2019-08-02 11:24:29.0709|1|INFO|Microsoft.AspNetCore.Hosting.Internal.WebHost|Request starting HTTP/1.1 GET http://localhost:5008/swagger/index.html   |url: http://localhost/swagger/index.html|action: 
2019-08-02 11:24:29.3149|2|INFO|Microsoft.AspNetCore.Hosting.Internal.WebHost|Request finished in 244.5094ms 200 text/html |url: http://localhost/swagger/index.html|action: 
2019-08-02 11:24:29.6770|1|INFO|Microsoft.AspNetCore.Hosting.Internal.WebHost|Request starting HTTP/1.1 GET http://localhost:5008/swagger/v1/swagger.json   |url: http://localhost/swagger/v1/swagger.json|action: 
2019-08-02 11:24:29.9300|2|INFO|Microsoft.AspNetCore.Hosting.Internal.WebHost|Request finished in 252.769ms 200 application/json;charset=utf-8 |url: http://localhost/swagger/v1/swagger.json|action: 
2019-08-02 17:35:40.9208||INFO|Microsoft.AspNetCore.DataProtection.KeyManagement.XmlKeyManager|User profile is available. Using 'C:\Users\Administrator\AppData\Local\ASP.NET\DataProtection-Keys' as key repository and Windows DPAPI to encrypt keys at rest. |url: |action: 
2019-08-02 17:35:41.7189|1|INFO|Microsoft.AspNetCore.Hosting.Internal.WebHost|Request starting HTTP/1.1 GET http://localhost:5008/api/values   |url: http://localhost/api/values|action: 
2019-08-02 17:35:42.3109|2|INFO|Microsoft.AspNetCore.Hosting.Internal.WebHost|Request finished in 592.6535ms 404  |url: http://localhost/api/values|action: 
2019-08-02 17:35:51.3664|1|INFO|Microsoft.AspNetCore.Hosting.Internal.WebHost|Request starting HTTP/1.1 GET http://localhost:5008/swagger/index.html   |url: http://localhost/swagger/index.html|action: 
2019-08-02 17:35:51.6384|2|INFO|Microsoft.AspNetCore.Hosting.Internal.WebHost|Request finished in 271.9129ms 200 text/html |url: http://localhost/swagger/index.html|action: 
2019-08-02 17:35:51.9784|1|INFO|Microsoft.AspNetCore.Hosting.Internal.WebHost|Request starting HTTP/1.1 GET http://localhost:5008/swagger/v1/swagger.json   |url: http://localhost/swagger/v1/swagger.json|action: 
2019-08-02 17:35:52.2375|2|INFO|Microsoft.AspNetCore.Hosting.Internal.WebHost|Request finished in 259.0596ms 200 application/json;charset=utf-8 |url: http://localhost/swagger/v1/swagger.json|action: 
2019-08-02 17:36:01.3430|1|INFO|Microsoft.AspNetCore.Hosting.Internal.WebHost|Request starting HTTP/1.1 POST http://localhost:5008/Health_Card_To_His/get_his_scheduling_list application/json-patch+json 30 |url: http://localhost/Health_Card_To_His/get_his_scheduling_list|action: 
2019-08-02 17:36:01.3430|4|INFO|Microsoft.AspNetCore.Cors.Infrastructure.CorsService|Policy execution successful. |url: http://localhost/Health_Card_To_His/get_his_scheduling_list|action: 
2019-08-02 17:36:01.4090|3|INFO|Microsoft.AspNetCore.Mvc.Internal.ControllerActionInvoker|Route matched with {action = "get_his_scheduling_list", controller = "Health_Card_To_His"}. Executing controller action with signature System.Threading.Tasks.Task`1[Quote.AspNetCore.ApiJsonResultData] get_his_scheduling_list(DapperTast.Param.Get_His_Scheduling_List_Param) on controller DapperTast.Controllers.Health_Card_To_HisController (DapperTast). |url: http://localhost/Health_Card_To_His/get_his_scheduling_list|action: get_his_scheduling_list
2019-08-02 17:36:01.4630|1|INFO|Microsoft.AspNetCore.Mvc.Internal.ControllerActionInvoker|Executing action method DapperTast.Controllers.Health_Card_To_HisController.get_his_scheduling_list (DapperTast) - Validation state: Valid |url: http://localhost/Health_Card_To_His/get_his_scheduling_list|action: get_his_scheduling_list
2019-08-02 17:36:01.7750|2|INFO|Microsoft.AspNetCore.Mvc.Internal.ControllerActionInvoker|Executed action method DapperTast.Controllers.Health_Card_To_HisController.get_his_scheduling_list (DapperTast), returned result Microsoft.AspNetCore.Mvc.ObjectResult in 308.1802ms. |url: http://localhost/Health_Card_To_His/get_his_scheduling_list|action: get_his_scheduling_list
2019-08-02 17:36:01.7750|1|INFO|Microsoft.AspNetCore.Mvc.Infrastructure.ObjectResultExecutor|Executing ObjectResult, writing value of type 'Quote.AspNetCore.ApiJsonResultData'. |url: http://localhost/Health_Card_To_His/get_his_scheduling_list|action: get_his_scheduling_list
2019-08-02 17:36:01.7930|2|INFO|Microsoft.AspNetCore.Mvc.Internal.ControllerActionInvoker|Executed action DapperTast.Controllers.Health_Card_To_HisController.get_his_scheduling_list (DapperTast) in 380.0622ms |url: http://localhost/Health_Card_To_His/get_his_scheduling_list|action: get_his_scheduling_list
2019-08-02 17:36:01.7930|2|INFO|Microsoft.AspNetCore.Hosting.Internal.WebHost|Request finished in 451.1171ms 200 application/json; charset=utf-8 |url: http://localhost/Health_Card_To_His/get_his_scheduling_list|action: get_his_scheduling_list
2019-08-02 17:36:39.4052||INFO|Microsoft.AspNetCore.DataProtection.KeyManagement.XmlKeyManager|User profile is available. Using 'C:\Users\Administrator\AppData\Local\ASP.NET\DataProtection-Keys' as key repository and Windows DPAPI to encrypt keys at rest. |url: |action: 
2019-08-02 17:36:41.1923|1|INFO|Microsoft.AspNetCore.Hosting.Internal.WebHost|Request starting HTTP/1.1 GET http://localhost:5008/api/values   |url: http://localhost/api/values|action: 
2019-08-02 17:36:41.6783|2|INFO|Microsoft.AspNetCore.Hosting.Internal.WebHost|Request finished in 494.6121ms 404  |url: http://localhost/api/values|action: 
2019-08-02 17:36:49.8718|1|INFO|Microsoft.AspNetCore.Hosting.Internal.WebHost|Request starting HTTP/1.1 POST http://localhost:5008/Health_Card_To_His/get_his_scheduling_list application/json-patch+json 30 |url: http://localhost/Health_Card_To_His/get_his_scheduling_list|action: 
2019-08-02 17:36:49.8718|4|INFO|Microsoft.AspNetCore.Cors.Infrastructure.CorsService|Policy execution successful. |url: http://localhost/Health_Card_To_His/get_his_scheduling_list|action: 
2019-08-02 17:36:49.9478|3|INFO|Microsoft.AspNetCore.Mvc.Internal.ControllerActionInvoker|Route matched with {action = "get_his_scheduling_list", controller = "Health_Card_To_His"}. Executing controller action with signature System.Threading.Tasks.Task`1[Quote.AspNetCore.ApiJsonResultData] get_his_scheduling_list(DapperTast.Param.Get_His_Scheduling_List_Param) on controller DapperTast.Controllers.Health_Card_To_HisController (DapperTast). |url: http://localhost/Health_Card_To_His/get_his_scheduling_list|action: get_his_scheduling_list
2019-08-02 17:36:50.1258|1|INFO|Microsoft.AspNetCore.Mvc.Internal.ControllerActionInvoker|Executing action method DapperTast.Controllers.Health_Card_To_HisController.get_his_scheduling_list (DapperTast) - Validation state: Valid |url: http://localhost/Health_Card_To_His/get_his_scheduling_list|action: get_his_scheduling_list
2019-08-02 17:36:50.7538|2|INFO|Microsoft.AspNetCore.Mvc.Internal.ControllerActionInvoker|Executed action method DapperTast.Controllers.Health_Card_To_HisController.get_his_scheduling_list (DapperTast), returned result Microsoft.AspNetCore.Mvc.ObjectResult in 620.6574ms. |url: http://localhost/Health_Card_To_His/get_his_scheduling_list|action: get_his_scheduling_list
2019-08-02 17:36:50.7698|1|INFO|Microsoft.AspNetCore.Mvc.Infrastructure.ObjectResultExecutor|Executing ObjectResult, writing value of type 'Quote.AspNetCore.ApiJsonResultData'. |url: http://localhost/Health_Card_To_His/get_his_scheduling_list|action: get_his_scheduling_list
2019-08-02 17:36:50.7968|2|INFO|Microsoft.AspNetCore.Mvc.Internal.ControllerActionInvoker|Executed action DapperTast.Controllers.Health_Card_To_HisController.get_his_scheduling_list (DapperTast) in 835.0675ms |url: http://localhost/Health_Card_To_His/get_his_scheduling_list|action: get_his_scheduling_list
2019-08-02 17:36:50.7968|2|INFO|Microsoft.AspNetCore.Hosting.Internal.WebHost|Request finished in 933.2553ms 200 application/json; charset=utf-8 |url: http://localhost/Health_Card_To_His/get_his_scheduling_list|action: get_his_scheduling_list
2019-08-02 17:45:07.9642||INFO|Microsoft.AspNetCore.DataProtection.KeyManagement.XmlKeyManager|User profile is available. Using 'C:\Users\Administrator\AppData\Local\ASP.NET\DataProtection-Keys' as key repository and Windows DPAPI to encrypt keys at rest. |url: |action: 
2019-08-02 17:45:10.8124|1|INFO|Microsoft.AspNetCore.Hosting.Internal.WebHost|Request starting HTTP/1.1 GET http://localhost:5008/api/values   |url: http://localhost/api/values|action: 
2019-08-02 17:45:11.9925|2|INFO|Microsoft.AspNetCore.Hosting.Internal.WebHost|Request finished in 1158.8897ms 404  |url: http://localhost/api/values|action: 
2019-08-02 17:45:15.7587|1|INFO|Microsoft.AspNetCore.Hosting.Internal.WebHost|Request starting HTTP/1.1 GET http://localhost:5008/swagger/index.html   |url: http://localhost/swagger/index.html|action: 
2019-08-02 17:45:16.0757|2|INFO|Microsoft.AspNetCore.Hosting.Internal.WebHost|Request finished in 317.1612ms 200 text/html |url: http://localhost/swagger/index.html|action: 
2019-08-02 17:45:16.5127|1|INFO|Microsoft.AspNetCore.Hosting.Internal.WebHost|Request starting HTTP/1.1 GET http://localhost:5008/swagger/v1/swagger.json   |url: http://localhost/swagger/v1/swagger.json|action: 
2019-08-02 17:45:16.8548|2|INFO|Microsoft.AspNetCore.Hosting.Internal.WebHost|Request finished in 345.538ms 200 application/json;charset=utf-8 |url: http://localhost/swagger/v1/swagger.json|action: 
2019-08-02 17:46:11.7799|1|INFO|Microsoft.AspNetCore.Hosting.Internal.WebHost|Request starting HTTP/1.1 POST http://localhost:5008/Health_Card_To_His/get_his_scheduling_list application/json-patch+json 30 |url: http://localhost/Health_Card_To_His/get_his_scheduling_list|action: 
2019-08-02 17:46:11.8139|4|INFO|Microsoft.AspNetCore.Cors.Infrastructure.CorsService|Policy execution successful. |url: http://localhost/Health_Card_To_His/get_his_scheduling_list|action: 
2019-08-02 17:46:11.8819|3|INFO|Microsoft.AspNetCore.Mvc.Internal.ControllerActionInvoker|Route matched with {action = "get_his_scheduling_list", controller = "Health_Card_To_His"}. Executing controller action with signature System.Threading.Tasks.Task`1[Quote.AspNetCore.ApiJsonResultData] get_his_scheduling_list(DapperTast.Param.Get_His_Scheduling_List_Param) on controller DapperTast.Controllers.Health_Card_To_HisController (DapperTast). |url: http://localhost/Health_Card_To_His/get_his_scheduling_list|action: get_his_scheduling_list
2019-08-02 17:46:12.0459|1|INFO|Microsoft.AspNetCore.Mvc.Internal.ControllerActionInvoker|Executing action method DapperTast.Controllers.Health_Card_To_HisController.get_his_scheduling_list (DapperTast) - Validation state: Valid |url: http://localhost/Health_Card_To_His/get_his_scheduling_list|action: get_his_scheduling_list
2019-08-02 17:46:12.9630|2|INFO|Microsoft.AspNetCore.Mvc.Internal.ControllerActionInvoker|Executed action method DapperTast.Controllers.Health_Card_To_HisController.get_his_scheduling_list (DapperTast), returned result Microsoft.AspNetCore.Mvc.ObjectResult in 909.6924ms. |url: http://localhost/Health_Card_To_His/get_his_scheduling_list|action: get_his_scheduling_list
2019-08-02 17:46:12.9760|1|INFO|Microsoft.AspNetCore.Mvc.Infrastructure.ObjectResultExecutor|Executing ObjectResult, writing value of type 'Quote.AspNetCore.ApiJsonResultData'. |url: http://localhost/Health_Card_To_His/get_his_scheduling_list|action: get_his_scheduling_list
2019-08-02 17:46:12.9950|2|INFO|Microsoft.AspNetCore.Mvc.Internal.ControllerActionInvoker|Executed action DapperTast.Controllers.Health_Card_To_HisController.get_his_scheduling_list (DapperTast) in 1105.4166ms |url: http://localhost/Health_Card_To_His/get_his_scheduling_list|action: get_his_scheduling_list
2019-08-02 17:46:12.9950|2|INFO|Microsoft.AspNetCore.Hosting.Internal.WebHost|Request finished in 1223.5232ms 200 application/json; charset=utf-8 |url: http://localhost/Health_Card_To_His/get_his_scheduling_list|action: get_his_scheduling_list
2019-08-02 17:48:59.3485||INFO|Microsoft.AspNetCore.DataProtection.KeyManagement.XmlKeyManager|User profile is available. Using 'C:\Users\Administrator\AppData\Local\ASP.NET\DataProtection-Keys' as key repository and Windows DPAPI to encrypt keys at rest. |url: |action: 
2019-08-02 17:49:01.0296|1|INFO|Microsoft.AspNetCore.Hosting.Internal.WebHost|Request starting HTTP/1.1 GET http://localhost:5008/api/values   |url: http://localhost/api/values|action: 
2019-08-02 17:49:01.6336|2|INFO|Microsoft.AspNetCore.Hosting.Internal.WebHost|Request finished in 604.0032ms 404  |url: http://localhost/api/values|action: 
2019-08-02 17:49:51.5895||INFO|Microsoft.AspNetCore.DataProtection.KeyManagement.XmlKeyManager|User profile is available. Using 'C:\Users\Administrator\AppData\Local\ASP.NET\DataProtection-Keys' as key repository and Windows DPAPI to encrypt keys at rest. |url: |action: 
2019-08-02 17:49:52.9885|1|INFO|Microsoft.AspNetCore.Hosting.Internal.WebHost|Request starting HTTP/1.1 GET http://localhost:5008/api/values   |url: http://localhost/api/values|action: 
2019-08-02 17:49:53.5556|2|INFO|Microsoft.AspNetCore.Hosting.Internal.WebHost|Request finished in 596.513ms 404  |url: http://localhost/api/values|action: 
2019-08-02 17:49:56.6508|1|INFO|Microsoft.AspNetCore.Hosting.Internal.WebHost|Request starting HTTP/1.1 GET http://localhost:5008/swagger/index.html   |url: http://localhost/swagger/index.html|action: 
2019-08-02 17:49:56.8348|2|INFO|Microsoft.AspNetCore.Hosting.Internal.WebHost|Request finished in 182.0442ms 200 text/html |url: http://localhost/swagger/index.html|action: 
2019-08-02 17:49:57.2558|1|INFO|Microsoft.AspNetCore.Hosting.Internal.WebHost|Request starting HTTP/1.1 GET http://localhost:5008/swagger/v1/swagger.json   |url: http://localhost/swagger/v1/swagger.json|action: 
2019-08-02 17:49:57.5968|2|INFO|Microsoft.AspNetCore.Hosting.Internal.WebHost|Request finished in 348.3921ms 200 application/json;charset=utf-8 |url: http://localhost/swagger/v1/swagger.json|action: 
2019-08-02 17:50:07.2794|1|INFO|Microsoft.AspNetCore.Hosting.Internal.WebHost|Request starting HTTP/1.1 POST http://localhost:5008/Health_Card_To_His/get_his_scheduling_list application/json-patch+json 32 |url: http://localhost/Health_Card_To_His/get_his_scheduling_list|action: 
2019-08-02 17:50:07.2924|4|INFO|Microsoft.AspNetCore.Cors.Infrastructure.CorsService|Policy execution successful. |url: http://localhost/Health_Card_To_His/get_his_scheduling_list|action: 
2019-08-02 17:50:07.3624|3|INFO|Microsoft.AspNetCore.Mvc.Internal.ControllerActionInvoker|Route matched with {action = "get_his_scheduling_list", controller = "Health_Card_To_His"}. Executing controller action with signature System.Threading.Tasks.Task`1[Quote.AspNetCore.ApiJsonResultData] get_his_scheduling_list(DapperTast.Param.Get_His_Scheduling_List_Param) on controller DapperTast.Controllers.Health_Card_To_HisController (DapperTast). |url: http://localhost/Health_Card_To_His/get_his_scheduling_list|action: get_his_scheduling_list
2019-08-02 17:50:07.4774|1|INFO|Microsoft.AspNetCore.Mvc.Internal.ControllerActionInvoker|Executing action method DapperTast.Controllers.Health_Card_To_HisController.get_his_scheduling_list (DapperTast) - Validation state: Valid |url: http://localhost/Health_Card_To_His/get_his_scheduling_list|action: get_his_scheduling_list
2019-08-02 17:50:07.9014|2|INFO|Microsoft.AspNetCore.Mvc.Internal.ControllerActionInvoker|Executed action method DapperTast.Controllers.Health_Card_To_HisController.get_his_scheduling_list (DapperTast), returned result Microsoft.AspNetCore.Mvc.ObjectResult in 412.5016ms. |url: http://localhost/Health_Card_To_His/get_his_scheduling_list|action: get_his_scheduling_list
2019-08-02 17:50:07.9194|1|INFO|Microsoft.AspNetCore.Mvc.Infrastructure.ObjectResultExecutor|Executing ObjectResult, writing value of type 'Quote.AspNetCore.ApiJsonResultData'. |url: http://localhost/Health_Card_To_His/get_his_scheduling_list|action: get_his_scheduling_list
2019-08-02 17:50:07.9454|2|INFO|Microsoft.AspNetCore.Mvc.Internal.ControllerActionInvoker|Executed action DapperTast.Controllers.Health_Card_To_HisController.get_his_scheduling_list (DapperTast) in 575.5477ms |url: http://localhost/Health_Card_To_His/get_his_scheduling_list|action: get_his_scheduling_list
2019-08-02 17:50:07.9594|2|INFO|Microsoft.AspNetCore.Hosting.Internal.WebHost|Request finished in 681.407ms 200 application/json; charset=utf-8 |url: http://localhost/Health_Card_To_His/get_his_scheduling_list|action: get_his_scheduling_list
2019-08-02 23:34:16.8269||INFO|Microsoft.AspNetCore.DataProtection.KeyManagement.XmlKeyManager|User profile is available. Using 'C:\Users\Administrator\AppData\Local\ASP.NET\DataProtection-Keys' as key repository and Windows DPAPI to encrypt keys at rest. |url: |action: 
2019-08-02 23:34:17.6260|1|INFO|Microsoft.AspNetCore.Hosting.Internal.WebHost|Request starting HTTP/1.1 GET http://localhost:5008/api/values   |url: http://localhost/api/values|action: 
2019-08-02 23:34:18.1890|2|INFO|Microsoft.AspNetCore.Hosting.Internal.WebHost|Request finished in 559.9328ms 404  |url: http://localhost/api/values|action: 
2019-08-02 23:34:22.9943|1|INFO|Microsoft.AspNetCore.Hosting.Internal.WebHost|Request starting HTTP/1.1 GET http://localhost:5008/swagger/index.html   |url: http://localhost/swagger/index.html|action: 
2019-08-02 23:34:23.2963|2|INFO|Microsoft.AspNetCore.Hosting.Internal.WebHost|Request finished in 302.4321ms 200 text/html |url: http://localhost/swagger/index.html|action: 
2019-08-02 23:34:23.6443|1|INFO|Microsoft.AspNetCore.Hosting.Internal.WebHost|Request starting HTTP/1.1 GET http://localhost:5008/swagger/v1/swagger.json   |url: http://localhost/swagger/v1/swagger.json|action: 
2019-08-02 23:34:23.9123|2|INFO|Microsoft.AspNetCore.Hosting.Internal.WebHost|Request finished in 267.594ms 200 application/json;charset=utf-8 |url: http://localhost/swagger/v1/swagger.json|action: 
2019-08-02 23:34:37.5471|1|INFO|Microsoft.AspNetCore.Hosting.Internal.WebHost|Request starting HTTP/1.1 POST http://localhost:5008/Health_Card_To_His/get_his_scheduling_list application/json-patch+json 67 |url: http://localhost/Health_Card_To_His/get_his_scheduling_list|action: 
2019-08-02 23:34:37.5471|4|INFO|Microsoft.AspNetCore.Cors.Infrastructure.CorsService|Policy execution successful. |url: http://localhost/Health_Card_To_His/get_his_scheduling_list|action: 
2019-08-02 23:34:37.6011|3|INFO|Microsoft.AspNetCore.Mvc.Internal.ControllerActionInvoker|Route matched with {action = "get_his_scheduling_list", controller = "Health_Card_To_His"}. Executing controller action with signature System.Threading.Tasks.Task`1[Quote.AspNetCore.ApiJsonResultData] get_his_scheduling_list(DapperTast.Param.Get_His_Scheduling_List_Param) on controller DapperTast.Controllers.Health_Card_To_HisController (DapperTast). |url: http://localhost/Health_Card_To_His/get_his_scheduling_list|action: get_his_scheduling_list
2019-08-02 23:34:37.6521|1|INFO|Microsoft.AspNetCore.Mvc.Internal.ControllerActionInvoker|Executing action method DapperTast.Controllers.Health_Card_To_HisController.get_his_scheduling_list (DapperTast) - Validation state: Valid |url: http://localhost/Health_Card_To_His/get_his_scheduling_list|action: get_his_scheduling_list
2019-08-02 23:34:37.8571|2|INFO|Microsoft.AspNetCore.Mvc.Internal.ControllerActionInvoker|Executed action method DapperTast.Controllers.Health_Card_To_HisController.get_his_scheduling_list (DapperTast), returned result Microsoft.AspNetCore.Mvc.ObjectResult in 199.0062ms. |url: http://localhost/Health_Card_To_His/get_his_scheduling_list|action: get_his_scheduling_list
2019-08-02 23:34:37.8571|1|INFO|Microsoft.AspNetCore.Mvc.Infrastructure.ObjectResultExecutor|Executing ObjectResult, writing value of type 'Quote.AspNetCore.ApiJsonResultData'. |url: http://localhost/Health_Card_To_His/get_his_scheduling_list|action: get_his_scheduling_list
2019-08-02 23:34:37.8851|2|INFO|Microsoft.AspNetCore.Mvc.Internal.ControllerActionInvoker|Executed action DapperTast.Controllers.Health_Card_To_HisController.get_his_scheduling_list (DapperTast) in 280.211ms |url: http://localhost/Health_Card_To_His/get_his_scheduling_list|action: get_his_scheduling_list
2019-08-02 23:34:37.8941|2|INFO|Microsoft.AspNetCore.Hosting.Internal.WebHost|Request finished in 346.4074ms 200 application/json; charset=utf-8 |url: http://localhost/Health_Card_To_His/get_his_scheduling_list|action: get_his_scheduling_list
2019-08-02 23:35:23.3987|1|INFO|Microsoft.AspNetCore.Hosting.Internal.WebHost|Request starting HTTP/1.1 POST http://localhost:5008/Health_Card_To_His/get_his_scheduling_list application/json-patch+json 67 |url: http://localhost/Health_Card_To_His/get_his_scheduling_list|action: 
2019-08-02 23:35:23.3987|4|INFO|Microsoft.AspNetCore.Cors.Infrastructure.CorsService|Policy execution successful. |url: http://localhost/Health_Card_To_His/get_his_scheduling_list|action: 
2019-08-02 23:35:23.3987|3|INFO|Microsoft.AspNetCore.Mvc.Internal.ControllerActionInvoker|Route matched with {action = "get_his_scheduling_list", controller = "Health_Card_To_His"}. Executing controller action with signature System.Threading.Tasks.Task`1[Quote.AspNetCore.ApiJsonResultData] get_his_scheduling_list(DapperTast.Param.Get_His_Scheduling_List_Param) on controller DapperTast.Controllers.Health_Card_To_HisController (DapperTast). |url: http://localhost/Health_Card_To_His/get_his_scheduling_list|action: get_his_scheduling_list
2019-08-02 23:35:23.3987|1|INFO|Microsoft.AspNetCore.Mvc.Internal.ControllerActionInvoker|Executing action method DapperTast.Controllers.Health_Card_To_HisController.get_his_scheduling_list (DapperTast) - Validation state: Valid |url: http://localhost/Health_Card_To_His/get_his_scheduling_list|action: get_his_scheduling_list
2019-08-02 23:35:23.4127|2|INFO|Microsoft.AspNetCore.Mvc.Internal.ControllerActionInvoker|Executed action method DapperTast.Controllers.Health_Card_To_HisController.get_his_scheduling_list (DapperTast), returned result Microsoft.AspNetCore.Mvc.ObjectResult in 10.3987ms. |url: http://localhost/Health_Card_To_His/get_his_scheduling_list|action: get_his_scheduling_list
2019-08-02 23:35:23.4127|1|INFO|Microsoft.AspNetCore.Mvc.Infrastructure.ObjectResultExecutor|Executing ObjectResult, writing value of type 'Quote.AspNetCore.ApiJsonResultData'. |url: http://localhost/Health_Card_To_His/get_his_scheduling_list|action: get_his_scheduling_list
2019-08-02 23:35:23.4257|2|INFO|Microsoft.AspNetCore.Mvc.Internal.ControllerActionInvoker|Executed action DapperTast.Controllers.Health_Card_To_HisController.get_his_scheduling_list (DapperTast) in 24.5112ms |url: http://localhost/Health_Card_To_His/get_his_scheduling_list|action: get_his_scheduling_list
2019-08-02 23:35:23.4257|2|INFO|Microsoft.AspNetCore.Hosting.Internal.WebHost|Request finished in 28.2959ms 200 application/json; charset=utf-8 |url: http://localhost/Health_Card_To_His/get_his_scheduling_list|action: get_his_scheduling_list
