2019-01-19 11:33:57.9819||INFO|Microsoft.AspNetCore.DataProtection.KeyManagement.XmlKeyManager|User profile is available. Using 'C:\Users\Administrator\AppData\Local\ASP.NET\DataProtection-Keys' as key repository and Windows DPAPI to encrypt keys at rest. |url: |action: 
2019-01-19 11:33:59.5399|1|INFO|Microsoft.AspNetCore.Hosting.Internal.WebHost|Request starting HTTP/1.1 GET http://localhost:5008/api/values   |url: http://localhost/api/values|action: 
2019-01-19 11:33:59.8024|2|INFO|Microsoft.AspNetCore.Hosting.Internal.WebHost|Request finished in 263.9256ms 404  |url: http://localhost/api/values|action: 
2019-01-19 11:34:09.5924|1|INFO|Microsoft.AspNetCore.Hosting.Internal.WebHost|Request starting HTTP/1.1 GET http://localhost:5008/swagger   |url: http://localhost/swagger|action: 
2019-01-19 11:34:09.5924|2|INFO|Microsoft.AspNetCore.Hosting.Internal.WebHost|Request finished in 3.9476ms 301  |url: http://localhost/swagger|action: 
2019-01-19 11:34:09.5924|1|INFO|Microsoft.AspNetCore.Hosting.Internal.WebHost|Request starting HTTP/1.1 GET http://localhost:5008/swagger/index.html   |url: http://localhost/swagger/index.html|action: 
2019-01-19 11:34:09.6891|2|INFO|Microsoft.AspNetCore.Hosting.Internal.WebHost|Request finished in 88.4101ms 200 text/html |url: http://localhost/swagger/index.html|action: 
2019-01-19 11:34:09.7007|1|INFO|Microsoft.AspNetCore.Hosting.Internal.WebHost|Request starting HTTP/1.1 GET http://localhost:5008/swagger/swagger-ui.css   |url: http://localhost/swagger/swagger-ui.css|action: 
2019-01-19 11:34:09.7007|1|INFO|Microsoft.AspNetCore.Hosting.Internal.WebHost|Request starting HTTP/1.1 GET http://localhost:5008/swagger/swagger-ui-standalone-preset.js   |url: http://localhost/swagger/swagger-ui-standalone-preset.js|action: 
2019-01-19 11:34:09.7007|1|INFO|Microsoft.AspNetCore.Hosting.Internal.WebHost|Request starting HTTP/1.1 GET http://localhost:5008/swagger/swagger-ui-bundle.js   |url: http://localhost/swagger/swagger-ui-bundle.js|action: 
2019-01-19 11:34:09.7531|2|INFO|Microsoft.AspNetCore.StaticFiles.StaticFileMiddleware|Sending file. Request path: '/swagger-ui.css'. Physical path: 'N/A' |url: http://localhost/swagger/swagger-ui.css|action: 
2019-01-19 11:34:09.7531|2|INFO|Microsoft.AspNetCore.StaticFiles.StaticFileMiddleware|Sending file. Request path: '/swagger-ui-standalone-preset.js'. Physical path: 'N/A' |url: http://localhost/swagger/swagger-ui-standalone-preset.js|action: 
2019-01-19 11:34:09.7531|2|INFO|Microsoft.AspNetCore.StaticFiles.StaticFileMiddleware|Sending file. Request path: '/swagger-ui-bundle.js'. Physical path: 'N/A' |url: http://localhost/swagger/swagger-ui-bundle.js|action: 
2019-01-19 11:34:09.7531|2|INFO|Microsoft.AspNetCore.Hosting.Internal.WebHost|Request finished in 58.1995ms 200 text/css |url: http://localhost/swagger/swagger-ui.css|action: 
2019-01-19 11:34:09.7531|2|INFO|Microsoft.AspNetCore.Hosting.Internal.WebHost|Request finished in 52.9062ms 200 application/javascript |url: http://localhost/swagger/swagger-ui-standalone-preset.js|action: 
2019-01-19 11:34:09.7531|2|INFO|Microsoft.AspNetCore.Hosting.Internal.WebHost|Request finished in 52.6875ms 200 application/javascript |url: http://localhost/swagger/swagger-ui-bundle.js|action: 
2019-01-19 11:34:18.4569|1|INFO|Microsoft.AspNetCore.Hosting.Internal.WebHost|Request starting HTTP/1.1 GET http://localhost:5008/swagger/index.html   |url: http://localhost/swagger/index.html|action: 
2019-01-19 11:34:18.4569|2|INFO|Microsoft.AspNetCore.Hosting.Internal.WebHost|Request finished in 3.0855ms 200 text/html |url: http://localhost/swagger/index.html|action: 
2019-01-19 11:34:18.4948|1|INFO|Microsoft.AspNetCore.Hosting.Internal.WebHost|Request starting HTTP/1.1 GET http://localhost:5008/swagger/swagger-ui-bundle.js   |url: http://localhost/swagger/swagger-ui-bundle.js|action: 
2019-01-19 11:34:18.4948|1|INFO|Microsoft.AspNetCore.Hosting.Internal.WebHost|Request starting HTTP/1.1 GET http://localhost:5008/swagger/swagger-ui.css   |url: http://localhost/swagger/swagger-ui.css|action: 
2019-01-19 11:34:18.4948|1|INFO|Microsoft.AspNetCore.Hosting.Internal.WebHost|Request starting HTTP/1.1 GET http://localhost:5008/swagger/swagger-ui-standalone-preset.js   |url: http://localhost/swagger/swagger-ui-standalone-preset.js|action: 
2019-01-19 11:34:18.4948|2|INFO|Microsoft.AspNetCore.StaticFiles.StaticFileMiddleware|Sending file. Request path: '/swagger-ui.css'. Physical path: 'N/A' |url: http://localhost/swagger/swagger-ui.css|action: 
2019-01-19 11:34:18.4948|2|INFO|Microsoft.AspNetCore.Hosting.Internal.WebHost|Request finished in 13.4386ms 200 text/css |url: http://localhost/swagger/swagger-ui.css|action: 
2019-01-19 11:34:18.4948|2|INFO|Microsoft.AspNetCore.StaticFiles.StaticFileMiddleware|Sending file. Request path: '/swagger-ui-standalone-preset.js'. Physical path: 'N/A' |url: http://localhost/swagger/swagger-ui-standalone-preset.js|action: 
2019-01-19 11:34:18.5117|2|INFO|Microsoft.AspNetCore.Hosting.Internal.WebHost|Request finished in 16.1089ms 200 application/javascript |url: http://localhost/swagger/swagger-ui-standalone-preset.js|action: 
2019-01-19 11:34:18.5287|2|INFO|Microsoft.AspNetCore.StaticFiles.StaticFileMiddleware|Sending file. Request path: '/swagger-ui-bundle.js'. Physical path: 'N/A' |url: http://localhost/swagger/swagger-ui-bundle.js|action: 
2019-01-19 11:34:18.5287|2|INFO|Microsoft.AspNetCore.Hosting.Internal.WebHost|Request finished in 35.7355ms 200 application/javascript |url: http://localhost/swagger/swagger-ui-bundle.js|action: 
2019-01-19 11:34:18.9902|1|INFO|Microsoft.AspNetCore.Hosting.Internal.WebHost|Request starting HTTP/1.1 GET http://localhost:5008/swagger/v1/swagger.json   |url: http://localhost/swagger/v1/swagger.json|action: 
2019-01-19 11:34:19.0342|1|INFO|Microsoft.AspNetCore.Hosting.Internal.WebHost|Request starting HTTP/1.1 GET http://localhost:5008/swagger/favicon-32x32.png   |url: http://localhost/swagger/favicon-32x32.png|action: 
2019-01-19 11:34:19.0342|2|INFO|Microsoft.AspNetCore.StaticFiles.StaticFileMiddleware|Sending file. Request path: '/favicon-32x32.png'. Physical path: 'N/A' |url: http://localhost/swagger/favicon-32x32.png|action: 
2019-01-19 11:34:19.0422|2|INFO|Microsoft.AspNetCore.Hosting.Internal.WebHost|Request finished in 6.8291ms 200 image/png |url: http://localhost/swagger/favicon-32x32.png|action: 
2019-01-19 11:34:19.0422|1|INFO|Microsoft.AspNetCore.Hosting.Internal.WebHost|Request starting HTTP/1.1 GET http://localhost:5008/swagger/favicon-16x16.png   |url: http://localhost/swagger/favicon-16x16.png|action: 
2019-01-19 11:34:19.0422|2|INFO|Microsoft.AspNetCore.StaticFiles.StaticFileMiddleware|Sending file. Request path: '/favicon-16x16.png'. Physical path: 'N/A' |url: http://localhost/swagger/favicon-16x16.png|action: 
2019-01-19 11:34:19.0598|2|INFO|Microsoft.AspNetCore.Hosting.Internal.WebHost|Request finished in 9.0356ms 200 image/png |url: http://localhost/swagger/favicon-16x16.png|action: 
2019-01-19 11:34:19.2361|2|INFO|Microsoft.AspNetCore.Hosting.Internal.WebHost|Request finished in 245.9315ms 200 application/json;charset=utf-8 |url: http://localhost/swagger/v1/swagger.json|action: 
2019-01-19 11:34:46.7205|1|INFO|Microsoft.AspNetCore.Hosting.Internal.WebHost|Request starting HTTP/1.1 GET http://localhost:5008/Values/PageList   |url: http://localhost/Values/PageList|action: 
2019-01-19 11:34:46.8383|1|INFO|Microsoft.AspNetCore.Authentication.JwtBearer.JwtBearerHandler|Failed to validate the token. Microsoft.IdentityModel.Tokens.SecurityTokenInvalidSignatureException: IDX10503: Signature validation failed. Keys tried: '[PII is hidden]'.
Exceptions caught:
 '[PII is hidden]'.
token: '[PII is hidden]'.
   at System.IdentityModel.Tokens.Jwt.JwtSecurityTokenHandler.ValidateSignature(String token, TokenValidationParameters validationParameters) in C:\agent2\_work\56\s\src\System.IdentityModel.Tokens.Jwt\JwtSecurityTokenHandler.cs:line 975
   at System.IdentityModel.Tokens.Jwt.JwtSecurityTokenHandler.ValidateToken(String token, TokenValidationParameters validationParameters, SecurityToken& validatedToken) in C:\agent2\_work\56\s\src\System.IdentityModel.Tokens.Jwt\JwtSecurityTokenHandler.cs:line 718
   at Microsoft.AspNetCore.Authentication.JwtBearer.JwtBearerHandler.HandleAuthenticateAsync()|url: http://localhost/Values/PageList|action: 
2019-01-19 11:34:46.8383|7|INFO|Microsoft.AspNetCore.Authentication.JwtBearer.JwtBearerHandler|Bearer was not authenticated. Failure message: IDX10503: Signature validation failed. Keys tried: '[PII is hidden]'.
Exceptions caught:
 '[PII is hidden]'.
token: '[PII is hidden]'. |url: http://localhost/Values/PageList|action: 
2019-01-19 11:34:46.8723|1|INFO|Microsoft.AspNetCore.Mvc.Internal.ControllerActionInvoker|Route matched with {action = "PageList", controller = "Values"}. Executing action DapperTast.Controllers.ValuesController.PageList (DapperTast) |url: http://localhost/Values/PageList|action: PageList
2019-01-19 11:34:46.8924|2|INFO|Microsoft.AspNetCore.Authorization.DefaultAuthorizationService|Authorization failed. |url: http://localhost/Values/PageList|action: PageList
2019-01-19 11:34:46.8924|3|INFO|Microsoft.AspNetCore.Mvc.Internal.ControllerActionInvoker|Authorization failed for the request at filter 'Microsoft.AspNetCore.Mvc.Authorization.AuthorizeFilter'. |url: http://localhost/Values/PageList|action: PageList
2019-01-19 11:34:46.8924|1|INFO|Microsoft.AspNetCore.Mvc.ChallengeResult|Executing ChallengeResult with authentication schemes (). |url: http://localhost/Values/PageList|action: PageList
2019-01-19 11:34:46.9130|12|INFO|Microsoft.AspNetCore.Authentication.JwtBearer.JwtBearerHandler|AuthenticationScheme: Bearer was challenged. |url: http://localhost/Values/PageList|action: PageList
2019-01-19 11:34:46.9176|2|INFO|Microsoft.AspNetCore.Mvc.Internal.ControllerActionInvoker|Executed action DapperTast.Controllers.ValuesController.PageList (DapperTast) in 38.1492ms |url: http://localhost/Values/PageList|action: PageList
2019-01-19 11:34:46.9176|2|INFO|Microsoft.AspNetCore.Hosting.Internal.WebHost|Request finished in 198.9099ms 401  |url: http://localhost/Values/PageList|action: PageList
2019-01-19 11:35:40.8037|1|INFO|Microsoft.AspNetCore.Hosting.Internal.WebHost|Request starting HTTP/1.1 GET http://localhost:5008/swagger/favicon-32x32.png   |url: http://localhost/swagger/favicon-32x32.png|action: 
2019-01-19 11:35:40.8037|2|INFO|Microsoft.AspNetCore.StaticFiles.StaticFileMiddleware|Sending file. Request path: '/favicon-32x32.png'. Physical path: 'N/A' |url: http://localhost/swagger/favicon-32x32.png|action: 
2019-01-19 11:35:40.8071|2|INFO|Microsoft.AspNetCore.Hosting.Internal.WebHost|Request finished in 3.4231ms 200 image/png |url: http://localhost/swagger/favicon-32x32.png|action: 
2019-01-19 11:35:40.8852|1|INFO|Microsoft.AspNetCore.Hosting.Internal.WebHost|Request starting HTTP/1.1 GET http://localhost:5008/swagger/v1/swagger.json   |url: http://localhost/swagger/v1/swagger.json|action: 
2019-01-19 11:35:40.8852|2|INFO|Microsoft.AspNetCore.Hosting.Internal.WebHost|Request finished in 5.4174ms 200 application/json;charset=utf-8 |url: http://localhost/swagger/v1/swagger.json|action: 
2019-01-19 11:36:26.8256||INFO|Microsoft.AspNetCore.DataProtection.KeyManagement.XmlKeyManager|User profile is available. Using 'C:\Users\Administrator\AppData\Local\ASP.NET\DataProtection-Keys' as key repository and Windows DPAPI to encrypt keys at rest. |url: |action: 
2019-01-19 11:36:28.6925|1|INFO|Microsoft.AspNetCore.Hosting.Internal.WebHost|Request starting HTTP/1.1 GET http://localhost:5008/api/values   |url: http://localhost/api/values|action: 
2019-01-19 11:36:29.1411|2|INFO|Microsoft.AspNetCore.Hosting.Internal.WebHost|Request finished in 446.6874ms 404  |url: http://localhost/api/values|action: 
2019-01-19 11:36:39.3687|1|INFO|Microsoft.AspNetCore.Hosting.Internal.WebHost|Request starting HTTP/1.1 GET http://localhost:5008/swagger/index.html   |url: http://localhost/swagger/index.html|action: 
2019-01-19 11:36:39.4896|2|INFO|Microsoft.AspNetCore.Hosting.Internal.WebHost|Request finished in 120.8155ms 200 text/html |url: http://localhost/swagger/index.html|action: 
2019-01-19 11:36:39.6129|1|INFO|Microsoft.AspNetCore.Hosting.Internal.WebHost|Request starting HTTP/1.1 GET http://localhost:5008/swagger/swagger-ui.css   |url: http://localhost/swagger/swagger-ui.css|action: 
2019-01-19 11:36:39.6277|6|INFO|Microsoft.AspNetCore.StaticFiles.StaticFileMiddleware|The file /swagger-ui.css was not modified |url: http://localhost/swagger/swagger-ui.css|action: 
2019-01-19 11:36:39.6277|2|INFO|Microsoft.AspNetCore.Hosting.Internal.WebHost|Request finished in 20.6833ms 304 text/css |url: http://localhost/swagger/swagger-ui.css|action: 
2019-01-19 11:36:39.6602|1|INFO|Microsoft.AspNetCore.Hosting.Internal.WebHost|Request starting HTTP/1.1 GET http://localhost:5008/swagger/swagger-ui-bundle.js   |url: http://localhost/swagger/swagger-ui-bundle.js|action: 
2019-01-19 11:36:39.6602|6|INFO|Microsoft.AspNetCore.StaticFiles.StaticFileMiddleware|The file /swagger-ui-bundle.js was not modified |url: http://localhost/swagger/swagger-ui-bundle.js|action: 
2019-01-19 11:36:39.6769|2|INFO|Microsoft.AspNetCore.Hosting.Internal.WebHost|Request finished in 14.1976ms 304 application/javascript |url: http://localhost/swagger/swagger-ui-bundle.js|action: 
2019-01-19 11:36:39.8687|1|INFO|Microsoft.AspNetCore.Hosting.Internal.WebHost|Request starting HTTP/1.1 GET http://localhost:5008/swagger/swagger-ui-standalone-preset.js   |url: http://localhost/swagger/swagger-ui-standalone-preset.js|action: 
2019-01-19 11:36:39.8746|6|INFO|Microsoft.AspNetCore.StaticFiles.StaticFileMiddleware|The file /swagger-ui-standalone-preset.js was not modified |url: http://localhost/swagger/swagger-ui-standalone-preset.js|action: 
2019-01-19 11:36:39.8746|2|INFO|Microsoft.AspNetCore.Hosting.Internal.WebHost|Request finished in 10.7978ms 304 application/javascript |url: http://localhost/swagger/swagger-ui-standalone-preset.js|action: 
2019-01-19 11:38:20.6780|1|INFO|Microsoft.AspNetCore.Hosting.Internal.WebHost|Request starting HTTP/1.1 GET http://localhost:5008/Values/PageList   |url: http://localhost/Values/PageList|action: 
2019-01-19 11:38:20.9350|2|INFO|Microsoft.AspNetCore.Authentication.JwtBearer.JwtBearerHandler|Successfully validated the token. |url: http://localhost/Values/PageList|action: 
2019-01-19 11:38:21.0052|1|INFO|Microsoft.AspNetCore.Mvc.Internal.ControllerActionInvoker|Route matched with {action = "PageList", controller = "Values"}. Executing action DapperTast.Controllers.ValuesController.PageList (DapperTast) |url: http://localhost/Values/PageList|action: PageList
2019-01-19 11:38:21.0556|1|INFO|Microsoft.AspNetCore.Authorization.DefaultAuthorizationService|Authorization was successful. |url: http://localhost/Values/PageList|action: PageList
2019-01-19 11:38:21.1670|1|INFO|Microsoft.AspNetCore.Mvc.Internal.ControllerActionInvoker|Executing action method DapperTast.Controllers.ValuesController.PageList (DapperTast) - Validation state: Valid |url: http://localhost/Values/PageList|action: PageList
2019-01-19 11:38:26.6035|2|INFO|Microsoft.AspNetCore.Mvc.Internal.ControllerActionInvoker|Executed action method DapperTast.Controllers.ValuesController.PageList (DapperTast), returned result Microsoft.AspNetCore.Mvc.ObjectResult in 5428.26ms. |url: http://localhost/Values/PageList|action: PageList
2019-01-19 11:38:26.6188|1|INFO|Microsoft.AspNetCore.Mvc.Infrastructure.ObjectResultExecutor|Executing ObjectResult, writing value of type 'Quote.AspNetCore.ApiJsonResultData'. |url: http://localhost/Values/PageList|action: PageList
2019-01-19 11:38:26.6569|2|INFO|Microsoft.AspNetCore.Mvc.Internal.ControllerActionInvoker|Executed action DapperTast.Controllers.ValuesController.PageList (DapperTast) in 5639.2171ms |url: http://localhost/Values/PageList|action: PageList
2019-01-19 11:38:26.6569|2|INFO|Microsoft.AspNetCore.Hosting.Internal.WebHost|Request finished in 5989.0851ms 200 application/json; charset=utf-8 |url: http://localhost/Values/PageList|action: PageList
2019-01-19 14:22:58.3634||INFO|Microsoft.AspNetCore.DataProtection.KeyManagement.XmlKeyManager|User profile is available. Using 'C:\Users\Administrator\AppData\Local\ASP.NET\DataProtection-Keys' as key repository and Windows DPAPI to encrypt keys at rest. |url: |action: 
2019-01-19 14:23:00.8056|1|INFO|Microsoft.AspNetCore.Hosting.Internal.WebHost|Request starting HTTP/1.1 GET http://localhost:5008/api/values   |url: http://localhost/api/values|action: 
2019-01-19 14:23:01.3049|2|INFO|Microsoft.AspNetCore.Hosting.Internal.WebHost|Request finished in 501.8493ms 404  |url: http://localhost/api/values|action: 
2019-01-19 14:23:55.4377|1|INFO|Microsoft.AspNetCore.Hosting.Internal.WebHost|Request starting HTTP/1.1 GET http://localhost:5008/swagger/index.html   |url: http://localhost/swagger/index.html|action: 
2019-01-19 14:23:55.6348|2|INFO|Microsoft.AspNetCore.Hosting.Internal.WebHost|Request finished in 199.4724ms 200 text/html |url: http://localhost/swagger/index.html|action: 
2019-01-19 14:23:56.2282|1|INFO|Microsoft.AspNetCore.Hosting.Internal.WebHost|Request starting HTTP/1.1 GET http://localhost:5008/swagger/v1/swagger.json   |url: http://localhost/swagger/v1/swagger.json|action: 
2019-01-19 14:23:56.5301|2|INFO|Microsoft.AspNetCore.Hosting.Internal.WebHost|Request finished in 299.5582ms 200 application/json;charset=utf-8 |url: http://localhost/swagger/v1/swagger.json|action: 
2019-01-19 14:24:15.4890|1|INFO|Microsoft.AspNetCore.Hosting.Internal.WebHost|Request starting HTTP/1.1 GET http://localhost:5008/System/GetJWTStr/Token?Uid=CFCDB300-3C3B-4C92-8C15-9BE6E45EA029&Role=123&Project=123&TokenType=web   |url: http://localhost/System/GetJWTStr/Token|action: 
2019-01-19 14:24:15.5873|1|INFO|Microsoft.AspNetCore.Mvc.Internal.ControllerActionInvoker|Route matched with {action = "GetJWTStr", controller = "System"}. Executing action DapperTast.Controllers.SystemController.GetJWTStr (DapperTast) |url: http://localhost/System/GetJWTStr/Token|action: GetJWTStr
2019-01-19 14:24:15.7269|1|INFO|Microsoft.AspNetCore.Mvc.Internal.ControllerActionInvoker|Executing action method DapperTast.Controllers.SystemController.GetJWTStr (DapperTast) with arguments (DapperTast.Helper.TokenModel) - Validation state: Valid |url: http://localhost/System/GetJWTStr/Token|action: GetJWTStr
2019-01-19 14:24:15.8179|2|INFO|Microsoft.AspNetCore.Mvc.Internal.ControllerActionInvoker|Executed action method DapperTast.Controllers.SystemController.GetJWTStr (DapperTast), returned result Microsoft.AspNetCore.Mvc.ObjectResult in 82.9329ms. |url: http://localhost/System/GetJWTStr/Token|action: GetJWTStr
2019-01-19 14:24:15.8318|1|INFO|Microsoft.AspNetCore.Mvc.Infrastructure.ObjectResultExecutor|Executing ObjectResult, writing value of type 'Quote.AspNetCore.ApiJsonResultData'. |url: http://localhost/System/GetJWTStr/Token|action: GetJWTStr
2019-01-19 14:24:15.8625|2|INFO|Microsoft.AspNetCore.Mvc.Internal.ControllerActionInvoker|Executed action DapperTast.Controllers.SystemController.GetJWTStr (DapperTast) in 254.2918ms |url: http://localhost/System/GetJWTStr/Token|action: GetJWTStr
2019-01-19 14:24:15.8625|2|INFO|Microsoft.AspNetCore.Hosting.Internal.WebHost|Request finished in 378.6621ms 200 application/json; charset=utf-8 |url: http://localhost/System/GetJWTStr/Token|action: GetJWTStr
2019-01-19 14:30:19.7075||INFO|Microsoft.AspNetCore.DataProtection.KeyManagement.XmlKeyManager|User profile is available. Using 'C:\Users\Administrator\AppData\Local\ASP.NET\DataProtection-Keys' as key repository and Windows DPAPI to encrypt keys at rest. |url: |action: 
2019-01-19 14:30:21.0689|1|INFO|Microsoft.AspNetCore.Hosting.Internal.WebHost|Request starting HTTP/1.1 GET http://localhost:5008/api/values   |url: http://localhost/api/values|action: 
2019-01-19 14:30:21.3783|2|INFO|Microsoft.AspNetCore.Hosting.Internal.WebHost|Request finished in 309.8326ms 404  |url: http://localhost/api/values|action: 
2019-01-19 14:30:26.3490|1|INFO|Microsoft.AspNetCore.Hosting.Internal.WebHost|Request starting HTTP/1.1 GET http://localhost:5008/System/GetJWTStr/Token?Uid=CFCDB300-3C3B-4C92-8C15-9BE6E45EA029&Role=123&Project=123&TokenType=web   |url: http://localhost/System/GetJWTStr/Token|action: 
2019-01-19 14:30:26.4196|1|INFO|Microsoft.AspNetCore.Mvc.Internal.ControllerActionInvoker|Route matched with {action = "GetJWTStr", controller = "System"}. Executing action DapperTast.Controllers.SystemController.GetJWTStr (DapperTast) |url: http://localhost/System/GetJWTStr/Token|action: GetJWTStr
2019-01-19 14:30:26.4813|1|INFO|Microsoft.AspNetCore.Mvc.Internal.ControllerActionInvoker|Executing action method DapperTast.Controllers.SystemController.GetJWTStr (DapperTast) with arguments (DapperTast.Helper.TokenModel) - Validation state: Valid |url: http://localhost/System/GetJWTStr/Token|action: GetJWTStr
2019-01-19 14:30:26.5960|2|INFO|Microsoft.AspNetCore.Mvc.Internal.ControllerActionInvoker|Executed action method DapperTast.Controllers.SystemController.GetJWTStr (DapperTast), returned result Microsoft.AspNetCore.Mvc.ObjectResult in 109.7523ms. |url: http://localhost/System/GetJWTStr/Token|action: GetJWTStr
2019-01-19 14:30:26.6090|1|INFO|Microsoft.AspNetCore.Mvc.Infrastructure.ObjectResultExecutor|Executing ObjectResult, writing value of type 'Quote.AspNetCore.ApiJsonResultData'. |url: http://localhost/System/GetJWTStr/Token|action: GetJWTStr
2019-01-19 14:30:26.6346|2|INFO|Microsoft.AspNetCore.Mvc.Internal.ControllerActionInvoker|Executed action DapperTast.Controllers.SystemController.GetJWTStr (DapperTast) in 209.8039ms |url: http://localhost/System/GetJWTStr/Token|action: GetJWTStr
2019-01-19 14:30:26.6372|2|INFO|Microsoft.AspNetCore.Hosting.Internal.WebHost|Request finished in 288.2066ms 200 application/json; charset=utf-8 |url: http://localhost/System/GetJWTStr/Token|action: GetJWTStr
2019-01-19 14:34:54.4479||INFO|Microsoft.AspNetCore.DataProtection.KeyManagement.XmlKeyManager|User profile is available. Using 'C:\Users\Administrator\AppData\Local\ASP.NET\DataProtection-Keys' as key repository and Windows DPAPI to encrypt keys at rest. |url: |action: 
2019-01-19 14:34:56.0444|1|INFO|Microsoft.AspNetCore.Hosting.Internal.WebHost|Request starting HTTP/1.1 GET http://localhost:5008/api/values   |url: http://localhost/api/values|action: 
2019-01-19 14:34:56.3243|2|INFO|Microsoft.AspNetCore.Hosting.Internal.WebHost|Request finished in 281.5741ms 404  |url: http://localhost/api/values|action: 
2019-01-19 14:35:03.5582|1|INFO|Microsoft.AspNetCore.Hosting.Internal.WebHost|Request starting HTTP/1.1 GET http://localhost:5008/System/GetJWTStr/Token?Uid=CFCDB300-3C3B-4C92-8C15-9BE6E45EA029&Role=123&Project=123&TokenType=web   |url: http://localhost/System/GetJWTStr/Token|action: 
2019-01-19 14:35:03.6130|1|INFO|Microsoft.AspNetCore.Mvc.Internal.ControllerActionInvoker|Route matched with {action = "GetJWTStr", controller = "System"}. Executing action DapperTast.Controllers.SystemController.GetJWTStr (DapperTast) |url: http://localhost/System/GetJWTStr/Token|action: GetJWTStr
2019-01-19 14:35:03.6651|1|INFO|Microsoft.AspNetCore.Mvc.Internal.ControllerActionInvoker|Executing action method DapperTast.Controllers.SystemController.GetJWTStr (DapperTast) with arguments (DapperTast.Helper.TokenModel) - Validation state: Valid |url: http://localhost/System/GetJWTStr/Token|action: GetJWTStr
2019-01-19 14:35:03.7597|2|INFO|Microsoft.AspNetCore.Mvc.Internal.ControllerActionInvoker|Executed action method DapperTast.Controllers.SystemController.GetJWTStr (DapperTast), returned result Microsoft.AspNetCore.Mvc.ObjectResult in 90.6281ms. |url: http://localhost/System/GetJWTStr/Token|action: GetJWTStr
2019-01-19 14:35:03.7708|1|INFO|Microsoft.AspNetCore.Mvc.Infrastructure.ObjectResultExecutor|Executing ObjectResult, writing value of type 'Quote.AspNetCore.ApiJsonResultData'. |url: http://localhost/System/GetJWTStr/Token|action: GetJWTStr
2019-01-19 14:35:03.7910|2|INFO|Microsoft.AspNetCore.Mvc.Internal.ControllerActionInvoker|Executed action DapperTast.Controllers.SystemController.GetJWTStr (DapperTast) in 173.043ms |url: http://localhost/System/GetJWTStr/Token|action: GetJWTStr
2019-01-19 14:35:03.7935|2|INFO|Microsoft.AspNetCore.Hosting.Internal.WebHost|Request finished in 235.2615ms 200 application/json; charset=utf-8 |url: http://localhost/System/GetJWTStr/Token|action: GetJWTStr
2019-01-19 14:35:50.4474|1|INFO|Microsoft.AspNetCore.Hosting.Internal.WebHost|Request starting HTTP/1.1 GET http://localhost:5008/Values/PageList   |url: http://localhost/Values/PageList|action: 
2019-01-19 14:35:50.5560|1|INFO|Microsoft.AspNetCore.Authentication.JwtBearer.JwtBearerHandler|Failed to validate the token. Microsoft.IdentityModel.Tokens.SecurityTokenInvalidAudienceException: IDX10214: Audience validation failed. Audiences: '[PII is hidden]'. Did not match: validationParameters.ValidAudience: '[PII is hidden]' or validationParameters.ValidAudiences: '[PII is hidden]'.
   at Microsoft.IdentityModel.Tokens.Validators.ValidateAudience(IEnumerable`1 audiences, SecurityToken securityToken, TokenValidationParameters validationParameters) in C:\agent2\_work\56\s\src\Microsoft.IdentityModel.Tokens\Validators.cs:line 108
   at System.IdentityModel.Tokens.Jwt.JwtSecurityTokenHandler.ValidateTokenPayload(JwtSecurityToken jwtToken, TokenValidationParameters validationParameters) in C:\agent2\_work\56\s\src\System.IdentityModel.Tokens.Jwt\JwtSecurityTokenHandler.cs:line 737
   at System.IdentityModel.Tokens.Jwt.JwtSecurityTokenHandler.ValidateToken(String token, TokenValidationParameters validationParameters, SecurityToken& validatedToken) in C:\agent2\_work\56\s\src\System.IdentityModel.Tokens.Jwt\JwtSecurityTokenHandler.cs:line 719
   at Microsoft.AspNetCore.Authentication.JwtBearer.JwtBearerHandler.HandleAuthenticateAsync()|url: http://localhost/Values/PageList|action: 
2019-01-19 14:35:50.5659|7|INFO|Microsoft.AspNetCore.Authentication.JwtBearer.JwtBearerHandler|Bearer was not authenticated. Failure message: IDX10214: Audience validation failed. Audiences: '[PII is hidden]'. Did not match: validationParameters.ValidAudience: '[PII is hidden]' or validationParameters.ValidAudiences: '[PII is hidden]'. |url: http://localhost/Values/PageList|action: 
2019-01-19 14:35:50.5659|1|INFO|Microsoft.AspNetCore.Mvc.Internal.ControllerActionInvoker|Route matched with {action = "PageList", controller = "Values"}. Executing action DapperTast.Controllers.ValuesController.PageList (DapperTast) |url: http://localhost/Values/PageList|action: PageList
2019-01-19 14:35:50.5878|2|INFO|Microsoft.AspNetCore.Authorization.DefaultAuthorizationService|Authorization failed. |url: http://localhost/Values/PageList|action: PageList
2019-01-19 14:35:50.5896|3|INFO|Microsoft.AspNetCore.Mvc.Internal.ControllerActionInvoker|Authorization failed for the request at filter 'Microsoft.AspNetCore.Mvc.Authorization.AuthorizeFilter'. |url: http://localhost/Values/PageList|action: PageList
2019-01-19 14:35:50.5896|1|INFO|Microsoft.AspNetCore.Mvc.ChallengeResult|Executing ChallengeResult with authentication schemes (). |url: http://localhost/Values/PageList|action: PageList
2019-01-19 14:35:50.6055|12|INFO|Microsoft.AspNetCore.Authentication.JwtBearer.JwtBearerHandler|AuthenticationScheme: Bearer was challenged. |url: http://localhost/Values/PageList|action: PageList
2019-01-19 14:35:50.6055|2|INFO|Microsoft.AspNetCore.Mvc.Internal.ControllerActionInvoker|Executed action DapperTast.Controllers.ValuesController.PageList (DapperTast) in 34.9078ms |url: http://localhost/Values/PageList|action: PageList
2019-01-19 14:35:50.6055|2|INFO|Microsoft.AspNetCore.Hosting.Internal.WebHost|Request finished in 161.1788ms 401  |url: http://localhost/Values/PageList|action: PageList
2019-01-19 14:36:19.4761||INFO|Microsoft.AspNetCore.DataProtection.KeyManagement.XmlKeyManager|User profile is available. Using 'C:\Users\Administrator\AppData\Local\ASP.NET\DataProtection-Keys' as key repository and Windows DPAPI to encrypt keys at rest. |url: |action: 
2019-01-19 14:36:20.5578|1|INFO|Microsoft.AspNetCore.Hosting.Internal.WebHost|Request starting HTTP/1.1 GET http://localhost:5008/api/values   |url: http://localhost/api/values|action: 
2019-01-19 14:36:20.8546|2|INFO|Microsoft.AspNetCore.Hosting.Internal.WebHost|Request finished in 298.8104ms 404  |url: http://localhost/api/values|action: 
2019-01-19 14:36:25.6090|1|INFO|Microsoft.AspNetCore.Hosting.Internal.WebHost|Request starting HTTP/1.1 GET http://localhost:5008/Values/PageList   |url: http://localhost/Values/PageList|action: 
2019-01-19 14:36:25.8266|1|INFO|Microsoft.AspNetCore.Authentication.JwtBearer.JwtBearerHandler|Failed to validate the token. Microsoft.IdentityModel.Tokens.SecurityTokenInvalidAudienceException: IDX10214: Audience validation failed. Audiences: '[PII is hidden]'. Did not match: validationParameters.ValidAudience: '[PII is hidden]' or validationParameters.ValidAudiences: '[PII is hidden]'.
   at Microsoft.IdentityModel.Tokens.Validators.ValidateAudience(IEnumerable`1 audiences, SecurityToken securityToken, TokenValidationParameters validationParameters) in C:\agent2\_work\56\s\src\Microsoft.IdentityModel.Tokens\Validators.cs:line 108
   at System.IdentityModel.Tokens.Jwt.JwtSecurityTokenHandler.ValidateTokenPayload(JwtSecurityToken jwtToken, TokenValidationParameters validationParameters) in C:\agent2\_work\56\s\src\System.IdentityModel.Tokens.Jwt\JwtSecurityTokenHandler.cs:line 737
   at System.IdentityModel.Tokens.Jwt.JwtSecurityTokenHandler.ValidateToken(String token, TokenValidationParameters validationParameters, SecurityToken& validatedToken) in C:\agent2\_work\56\s\src\System.IdentityModel.Tokens.Jwt\JwtSecurityTokenHandler.cs:line 719
   at Microsoft.AspNetCore.Authentication.JwtBearer.JwtBearerHandler.HandleAuthenticateAsync()|url: http://localhost/Values/PageList|action: 
2019-01-19 14:36:25.8266|7|INFO|Microsoft.AspNetCore.Authentication.JwtBearer.JwtBearerHandler|Bearer was not authenticated. Failure message: IDX10214: Audience validation failed. Audiences: '[PII is hidden]'. Did not match: validationParameters.ValidAudience: '[PII is hidden]' or validationParameters.ValidAudiences: '[PII is hidden]'. |url: http://localhost/Values/PageList|action: 
2019-01-19 14:36:25.8633|1|INFO|Microsoft.AspNetCore.Mvc.Internal.ControllerActionInvoker|Route matched with {action = "PageList", controller = "Values"}. Executing action DapperTast.Controllers.ValuesController.PageList (DapperTast) |url: http://localhost/Values/PageList|action: PageList
2019-01-19 14:36:25.8800|2|INFO|Microsoft.AspNetCore.Authorization.DefaultAuthorizationService|Authorization failed. |url: http://localhost/Values/PageList|action: PageList
2019-01-19 14:36:25.8800|3|INFO|Microsoft.AspNetCore.Mvc.Internal.ControllerActionInvoker|Authorization failed for the request at filter 'Microsoft.AspNetCore.Mvc.Authorization.AuthorizeFilter'. |url: http://localhost/Values/PageList|action: PageList
2019-01-19 14:36:25.8906|1|INFO|Microsoft.AspNetCore.Mvc.ChallengeResult|Executing ChallengeResult with authentication schemes (). |url: http://localhost/Values/PageList|action: PageList
2019-01-19 14:36:25.8906|12|INFO|Microsoft.AspNetCore.Authentication.JwtBearer.JwtBearerHandler|AuthenticationScheme: Bearer was challenged. |url: http://localhost/Values/PageList|action: PageList
2019-01-19 14:36:25.9074|2|INFO|Microsoft.AspNetCore.Mvc.Internal.ControllerActionInvoker|Executed action DapperTast.Controllers.ValuesController.PageList (DapperTast) in 36.3658ms |url: http://localhost/Values/PageList|action: PageList
2019-01-19 14:36:25.9074|2|INFO|Microsoft.AspNetCore.Hosting.Internal.WebHost|Request finished in 299.7841ms 401  |url: http://localhost/Values/PageList|action: PageList
2019-01-19 14:36:30.2681|1|INFO|Microsoft.AspNetCore.Hosting.Internal.WebHost|Request starting HTTP/1.1 GET http://localhost:5008/System/GetJWTStr/Token?Uid=CFCDB300-3C3B-4C92-8C15-9BE6E45EA029&Role=123&Project=123&TokenType=web   |url: http://localhost/System/GetJWTStr/Token|action: 
2019-01-19 14:36:30.2999|1|INFO|Microsoft.AspNetCore.Mvc.Internal.ControllerActionInvoker|Route matched with {action = "GetJWTStr", controller = "System"}. Executing action DapperTast.Controllers.SystemController.GetJWTStr (DapperTast) |url: http://localhost/System/GetJWTStr/Token|action: GetJWTStr
2019-01-19 14:36:30.3644|1|INFO|Microsoft.AspNetCore.Mvc.Internal.ControllerActionInvoker|Executing action method DapperTast.Controllers.SystemController.GetJWTStr (DapperTast) with arguments (DapperTast.Helper.TokenModel) - Validation state: Valid |url: http://localhost/System/GetJWTStr/Token|action: GetJWTStr
2019-01-19 14:36:30.4014|2|INFO|Microsoft.AspNetCore.Mvc.Internal.ControllerActionInvoker|Executed action method DapperTast.Controllers.SystemController.GetJWTStr (DapperTast), returned result Microsoft.AspNetCore.Mvc.ObjectResult in 33.0615ms. |url: http://localhost/System/GetJWTStr/Token|action: GetJWTStr
2019-01-19 14:36:30.4014|1|INFO|Microsoft.AspNetCore.Mvc.Infrastructure.ObjectResultExecutor|Executing ObjectResult, writing value of type 'Quote.AspNetCore.ApiJsonResultData'. |url: http://localhost/System/GetJWTStr/Token|action: GetJWTStr
2019-01-19 14:36:30.4287|2|INFO|Microsoft.AspNetCore.Mvc.Internal.ControllerActionInvoker|Executed action DapperTast.Controllers.SystemController.GetJWTStr (DapperTast) in 126.5509ms |url: http://localhost/System/GetJWTStr/Token|action: GetJWTStr
2019-01-19 14:36:30.4353|2|INFO|Microsoft.AspNetCore.Hosting.Internal.WebHost|Request finished in 167.1649ms 200 application/json; charset=utf-8 |url: http://localhost/System/GetJWTStr/Token|action: GetJWTStr
2019-01-19 14:36:43.2488|1|INFO|Microsoft.AspNetCore.Hosting.Internal.WebHost|Request starting HTTP/1.1 GET http://localhost:5008/Values/PageList   |url: http://localhost/Values/PageList|action: 
2019-01-19 14:36:43.2488|1|INFO|Microsoft.AspNetCore.Authentication.JwtBearer.JwtBearerHandler|Failed to validate the token. Microsoft.IdentityModel.Tokens.SecurityTokenInvalidAudienceException: IDX10214: Audience validation failed. Audiences: '[PII is hidden]'. Did not match: validationParameters.ValidAudience: '[PII is hidden]' or validationParameters.ValidAudiences: '[PII is hidden]'.
   at Microsoft.IdentityModel.Tokens.Validators.ValidateAudience(IEnumerable`1 audiences, SecurityToken securityToken, TokenValidationParameters validationParameters) in C:\agent2\_work\56\s\src\Microsoft.IdentityModel.Tokens\Validators.cs:line 108
   at System.IdentityModel.Tokens.Jwt.JwtSecurityTokenHandler.ValidateTokenPayload(JwtSecurityToken jwtToken, TokenValidationParameters validationParameters) in C:\agent2\_work\56\s\src\System.IdentityModel.Tokens.Jwt\JwtSecurityTokenHandler.cs:line 737
   at System.IdentityModel.Tokens.Jwt.JwtSecurityTokenHandler.ValidateToken(String token, TokenValidationParameters validationParameters, SecurityToken& validatedToken) in C:\agent2\_work\56\s\src\System.IdentityModel.Tokens.Jwt\JwtSecurityTokenHandler.cs:line 719
   at Microsoft.AspNetCore.Authentication.JwtBearer.JwtBearerHandler.HandleAuthenticateAsync()|url: http://localhost/Values/PageList|action: 
2019-01-19 14:36:43.2488|7|INFO|Microsoft.AspNetCore.Authentication.JwtBearer.JwtBearerHandler|Bearer was not authenticated. Failure message: IDX10214: Audience validation failed. Audiences: '[PII is hidden]'. Did not match: validationParameters.ValidAudience: '[PII is hidden]' or validationParameters.ValidAudiences: '[PII is hidden]'. |url: http://localhost/Values/PageList|action: 
2019-01-19 14:36:43.2488|1|INFO|Microsoft.AspNetCore.Mvc.Internal.ControllerActionInvoker|Route matched with {action = "PageList", controller = "Values"}. Executing action DapperTast.Controllers.ValuesController.PageList (DapperTast) |url: http://localhost/Values/PageList|action: PageList
2019-01-19 14:36:43.2488|2|INFO|Microsoft.AspNetCore.Authorization.DefaultAuthorizationService|Authorization failed. |url: http://localhost/Values/PageList|action: PageList
2019-01-19 14:36:43.2488|3|INFO|Microsoft.AspNetCore.Mvc.Internal.ControllerActionInvoker|Authorization failed for the request at filter 'Microsoft.AspNetCore.Mvc.Authorization.AuthorizeFilter'. |url: http://localhost/Values/PageList|action: PageList
2019-01-19 14:36:43.2488|1|INFO|Microsoft.AspNetCore.Mvc.ChallengeResult|Executing ChallengeResult with authentication schemes (). |url: http://localhost/Values/PageList|action: PageList
2019-01-19 14:36:43.2488|12|INFO|Microsoft.AspNetCore.Authentication.JwtBearer.JwtBearerHandler|AuthenticationScheme: Bearer was challenged. |url: http://localhost/Values/PageList|action: PageList
2019-01-19 14:36:43.2631|2|INFO|Microsoft.AspNetCore.Mvc.Internal.ControllerActionInvoker|Executed action DapperTast.Controllers.ValuesController.PageList (DapperTast) in 7.725ms |url: http://localhost/Values/PageList|action: PageList
2019-01-19 14:36:43.2631|2|INFO|Microsoft.AspNetCore.Hosting.Internal.WebHost|Request finished in 16.1668ms 401  |url: http://localhost/Values/PageList|action: PageList
2019-01-19 14:56:40.1179||INFO|Microsoft.AspNetCore.DataProtection.KeyManagement.XmlKeyManager|User profile is available. Using 'C:\Users\Administrator\AppData\Local\ASP.NET\DataProtection-Keys' as key repository and Windows DPAPI to encrypt keys at rest. |url: |action: 
2019-01-19 14:56:41.8555|1|INFO|Microsoft.AspNetCore.Hosting.Internal.WebHost|Request starting HTTP/1.1 GET http://localhost:5008/api/values   |url: http://localhost/api/values|action: 
2019-01-19 14:56:42.1892|2|INFO|Microsoft.AspNetCore.Hosting.Internal.WebHost|Request finished in 335.5548ms 404  |url: http://localhost/api/values|action: 
2019-01-19 14:56:48.2251|1|INFO|Microsoft.AspNetCore.Hosting.Internal.WebHost|Request starting HTTP/1.1 GET http://localhost:5008/swagger/index.html   |url: http://localhost/swagger/index.html|action: 
2019-01-19 14:56:48.3191|2|INFO|Microsoft.AspNetCore.Hosting.Internal.WebHost|Request finished in 94.0198ms 200 text/html |url: http://localhost/swagger/index.html|action: 
2019-01-19 14:56:48.8444|1|INFO|Microsoft.AspNetCore.Hosting.Internal.WebHost|Request starting HTTP/1.1 GET http://localhost:5008/swagger/v1/swagger.json   |url: http://localhost/swagger/v1/swagger.json|action: 
2019-01-19 14:56:48.8714|1|INFO|Microsoft.AspNetCore.Hosting.Internal.WebHost|Request starting HTTP/1.1 GET http://localhost:5008/swagger/favicon-32x32.png   |url: http://localhost/swagger/favicon-32x32.png|action: 
2019-01-19 14:56:48.8978|2|INFO|Microsoft.AspNetCore.StaticFiles.StaticFileMiddleware|Sending file. Request path: '/favicon-32x32.png'. Physical path: 'N/A' |url: http://localhost/swagger/favicon-32x32.png|action: 
2019-01-19 14:56:48.8978|2|INFO|Microsoft.AspNetCore.Hosting.Internal.WebHost|Request finished in 29.9635ms 200 image/png |url: http://localhost/swagger/favicon-32x32.png|action: 
2019-01-19 14:56:49.1395|2|INFO|Microsoft.AspNetCore.Hosting.Internal.WebHost|Request finished in 294.8444ms 200 application/json;charset=utf-8 |url: http://localhost/swagger/v1/swagger.json|action: 
2019-01-19 14:57:12.3198|1|INFO|Microsoft.AspNetCore.Hosting.Internal.WebHost|Request starting HTTP/1.1 GET http://localhost:5008/System/GetJWTStr/Token?Uid=CFCDB300-3C3B-4C92-8C15-9BE6E45EA029&Role=123&Project=123&TokenType=web   |url: http://localhost/System/GetJWTStr/Token|action: 
2019-01-19 14:57:12.3724|1|INFO|Microsoft.AspNetCore.Mvc.Internal.ControllerActionInvoker|Route matched with {action = "GetJWTStr", controller = "System"}. Executing action DapperTast.Controllers.SystemController.GetJWTStr (DapperTast) |url: http://localhost/System/GetJWTStr/Token|action: GetJWTStr
2019-01-19 14:57:12.4184|1|INFO|Microsoft.AspNetCore.Mvc.Internal.ControllerActionInvoker|Executing action method DapperTast.Controllers.SystemController.GetJWTStr (DapperTast) with arguments (DapperTast.Helper.TokenModel) - Validation state: Valid |url: http://localhost/System/GetJWTStr/Token|action: GetJWTStr
2019-01-19 14:57:12.4729|2|INFO|Microsoft.AspNetCore.Mvc.Internal.ControllerActionInvoker|Executed action method DapperTast.Controllers.SystemController.GetJWTStr (DapperTast), returned result Microsoft.AspNetCore.Mvc.ObjectResult in 51.0441ms. |url: http://localhost/System/GetJWTStr/Token|action: GetJWTStr
2019-01-19 14:57:12.4849|1|INFO|Microsoft.AspNetCore.Mvc.Infrastructure.ObjectResultExecutor|Executing ObjectResult, writing value of type 'Quote.AspNetCore.ApiJsonResultData'. |url: http://localhost/System/GetJWTStr/Token|action: GetJWTStr
2019-01-19 14:57:12.4967|2|INFO|Microsoft.AspNetCore.Mvc.Internal.ControllerActionInvoker|Executed action DapperTast.Controllers.SystemController.GetJWTStr (DapperTast) in 118.6395ms |url: http://localhost/System/GetJWTStr/Token|action: GetJWTStr
2019-01-19 14:57:12.4967|2|INFO|Microsoft.AspNetCore.Hosting.Internal.WebHost|Request finished in 181.57ms 200 application/json; charset=utf-8 |url: http://localhost/System/GetJWTStr/Token|action: GetJWTStr
2019-01-19 14:58:06.0162|1|INFO|Microsoft.AspNetCore.Hosting.Internal.WebHost|Request starting HTTP/1.1 GET http://localhost:5008/Values/PageList   |url: http://localhost/Values/PageList|action: 
2019-01-19 14:58:06.1601|1|INFO|Microsoft.AspNetCore.Authentication.JwtBearer.JwtBearerHandler|Failed to validate the token. Microsoft.IdentityModel.Tokens.SecurityTokenInvalidIssuerException: IDX10205: Issuer validation failed. Issuer: '[PII is hidden]'. Did not match: validationParameters.ValidIssuer: '[PII is hidden]' or validationParameters.ValidIssuers: '[PII is hidden]'.
   at Microsoft.IdentityModel.Tokens.Validators.ValidateIssuer(String issuer, SecurityToken securityToken, TokenValidationParameters validationParameters) in C:\agent2\_work\56\s\src\Microsoft.IdentityModel.Tokens\Validators.cs:line 172
   at System.IdentityModel.Tokens.Jwt.JwtSecurityTokenHandler.ValidateTokenPayload(JwtSecurityToken jwtToken, TokenValidationParameters validationParameters) in C:\agent2\_work\56\s\src\System.IdentityModel.Tokens.Jwt\JwtSecurityTokenHandler.cs:line 737
   at System.IdentityModel.Tokens.Jwt.JwtSecurityTokenHandler.ValidateToken(String token, TokenValidationParameters validationParameters, SecurityToken& validatedToken) in C:\agent2\_work\56\s\src\System.IdentityModel.Tokens.Jwt\JwtSecurityTokenHandler.cs:line 719
   at Microsoft.AspNetCore.Authentication.JwtBearer.JwtBearerHandler.HandleAuthenticateAsync()|url: http://localhost/Values/PageList|action: 
2019-01-19 14:58:06.1714|7|INFO|Microsoft.AspNetCore.Authentication.JwtBearer.JwtBearerHandler|Bearer was not authenticated. Failure message: IDX10205: Issuer validation failed. Issuer: '[PII is hidden]'. Did not match: validationParameters.ValidIssuer: '[PII is hidden]' or validationParameters.ValidIssuers: '[PII is hidden]'. |url: http://localhost/Values/PageList|action: 
2019-01-19 14:58:06.1714|1|INFO|Microsoft.AspNetCore.Mvc.Internal.ControllerActionInvoker|Route matched with {action = "PageList", controller = "Values"}. Executing action DapperTast.Controllers.ValuesController.PageList (DapperTast) |url: http://localhost/Values/PageList|action: PageList
2019-01-19 14:58:06.1975|2|INFO|Microsoft.AspNetCore.Authorization.DefaultAuthorizationService|Authorization failed. |url: http://localhost/Values/PageList|action: PageList
2019-01-19 14:58:06.2041|3|INFO|Microsoft.AspNetCore.Mvc.Internal.ControllerActionInvoker|Authorization failed for the request at filter 'Microsoft.AspNetCore.Mvc.Authorization.AuthorizeFilter'. |url: http://localhost/Values/PageList|action: PageList
2019-01-19 14:58:06.2126|1|INFO|Microsoft.AspNetCore.Mvc.ChallengeResult|Executing ChallengeResult with authentication schemes (). |url: http://localhost/Values/PageList|action: PageList
2019-01-19 14:58:06.2126|12|INFO|Microsoft.AspNetCore.Authentication.JwtBearer.JwtBearerHandler|AuthenticationScheme: Bearer was challenged. |url: http://localhost/Values/PageList|action: PageList
2019-01-19 14:58:06.2344|2|INFO|Microsoft.AspNetCore.Mvc.Internal.ControllerActionInvoker|Executed action DapperTast.Controllers.ValuesController.PageList (DapperTast) in 58.067ms |url: http://localhost/Values/PageList|action: PageList
2019-01-19 14:58:06.2344|2|INFO|Microsoft.AspNetCore.Hosting.Internal.WebHost|Request finished in 222.3927ms 401  |url: http://localhost/Values/PageList|action: PageList
2019-01-19 14:58:09.0301|1|INFO|Microsoft.AspNetCore.Hosting.Internal.WebHost|Request starting HTTP/1.1 GET http://localhost:5008/Values/PageList   |url: http://localhost/Values/PageList|action: 
2019-01-19 14:58:09.0301|1|INFO|Microsoft.AspNetCore.Authentication.JwtBearer.JwtBearerHandler|Failed to validate the token. Microsoft.IdentityModel.Tokens.SecurityTokenInvalidIssuerException: IDX10205: Issuer validation failed. Issuer: '[PII is hidden]'. Did not match: validationParameters.ValidIssuer: '[PII is hidden]' or validationParameters.ValidIssuers: '[PII is hidden]'.
   at Microsoft.IdentityModel.Tokens.Validators.ValidateIssuer(String issuer, SecurityToken securityToken, TokenValidationParameters validationParameters) in C:\agent2\_work\56\s\src\Microsoft.IdentityModel.Tokens\Validators.cs:line 172
   at System.IdentityModel.Tokens.Jwt.JwtSecurityTokenHandler.ValidateTokenPayload(JwtSecurityToken jwtToken, TokenValidationParameters validationParameters) in C:\agent2\_work\56\s\src\System.IdentityModel.Tokens.Jwt\JwtSecurityTokenHandler.cs:line 737
   at System.IdentityModel.Tokens.Jwt.JwtSecurityTokenHandler.ValidateToken(String token, TokenValidationParameters validationParameters, SecurityToken& validatedToken) in C:\agent2\_work\56\s\src\System.IdentityModel.Tokens.Jwt\JwtSecurityTokenHandler.cs:line 719
   at Microsoft.AspNetCore.Authentication.JwtBearer.JwtBearerHandler.HandleAuthenticateAsync()|url: http://localhost/Values/PageList|action: 
2019-01-19 14:58:09.0301|7|INFO|Microsoft.AspNetCore.Authentication.JwtBearer.JwtBearerHandler|Bearer was not authenticated. Failure message: IDX10205: Issuer validation failed. Issuer: '[PII is hidden]'. Did not match: validationParameters.ValidIssuer: '[PII is hidden]' or validationParameters.ValidIssuers: '[PII is hidden]'. |url: http://localhost/Values/PageList|action: 
2019-01-19 14:58:09.0301|1|INFO|Microsoft.AspNetCore.Mvc.Internal.ControllerActionInvoker|Route matched with {action = "PageList", controller = "Values"}. Executing action DapperTast.Controllers.ValuesController.PageList (DapperTast) |url: http://localhost/Values/PageList|action: PageList
2019-01-19 14:58:09.0301|2|INFO|Microsoft.AspNetCore.Authorization.DefaultAuthorizationService|Authorization failed. |url: http://localhost/Values/PageList|action: PageList
2019-01-19 14:58:09.0301|3|INFO|Microsoft.AspNetCore.Mvc.Internal.ControllerActionInvoker|Authorization failed for the request at filter 'Microsoft.AspNetCore.Mvc.Authorization.AuthorizeFilter'. |url: http://localhost/Values/PageList|action: PageList
2019-01-19 14:58:09.0418|1|INFO|Microsoft.AspNetCore.Mvc.ChallengeResult|Executing ChallengeResult with authentication schemes (). |url: http://localhost/Values/PageList|action: PageList
2019-01-19 14:58:09.0418|12|INFO|Microsoft.AspNetCore.Authentication.JwtBearer.JwtBearerHandler|AuthenticationScheme: Bearer was challenged. |url: http://localhost/Values/PageList|action: PageList
2019-01-19 14:58:09.0418|2|INFO|Microsoft.AspNetCore.Mvc.Internal.ControllerActionInvoker|Executed action DapperTast.Controllers.ValuesController.PageList (DapperTast) in 8.8231ms |url: http://localhost/Values/PageList|action: PageList
2019-01-19 14:58:09.0418|2|INFO|Microsoft.AspNetCore.Hosting.Internal.WebHost|Request finished in 17.0067ms 401  |url: http://localhost/Values/PageList|action: PageList
2019-01-19 15:21:31.3739||INFO|Microsoft.AspNetCore.DataProtection.KeyManagement.XmlKeyManager|User profile is available. Using 'C:\Users\Administrator\AppData\Local\ASP.NET\DataProtection-Keys' as key repository and Windows DPAPI to encrypt keys at rest. |url: |action: 
2019-01-19 15:21:33.0513|1|INFO|Microsoft.AspNetCore.Hosting.Internal.WebHost|Request starting HTTP/1.1 GET http://localhost:5008/api/values   |url: http://localhost/api/values|action: 
2019-01-19 15:21:33.5379|2|INFO|Microsoft.AspNetCore.Hosting.Internal.WebHost|Request finished in 486.4198ms 404  |url: http://localhost/api/values|action: 
2019-01-19 15:21:50.1531|1|INFO|Microsoft.AspNetCore.Hosting.Internal.WebHost|Request starting HTTP/1.1 GET http://localhost:5008/swagger/index.html   |url: http://localhost/swagger/index.html|action: 
2019-01-19 15:21:50.2860|2|INFO|Microsoft.AspNetCore.Hosting.Internal.WebHost|Request finished in 132.6335ms 200 text/html |url: http://localhost/swagger/index.html|action: 
2019-01-19 15:21:50.8259|1|INFO|Microsoft.AspNetCore.Hosting.Internal.WebHost|Request starting HTTP/1.1 GET http://localhost:5008/swagger/favicon-32x32.png   |url: http://localhost/swagger/favicon-32x32.png|action: 
2019-01-19 15:21:50.8259|1|INFO|Microsoft.AspNetCore.Hosting.Internal.WebHost|Request starting HTTP/1.1 GET http://localhost:5008/swagger/v1/swagger.json   |url: http://localhost/swagger/v1/swagger.json|action: 
2019-01-19 15:21:50.8607|2|INFO|Microsoft.AspNetCore.StaticFiles.StaticFileMiddleware|Sending file. Request path: '/favicon-32x32.png'. Physical path: 'N/A' |url: http://localhost/swagger/favicon-32x32.png|action: 
2019-01-19 15:21:50.8607|2|INFO|Microsoft.AspNetCore.Hosting.Internal.WebHost|Request finished in 55.7541ms 200 image/png |url: http://localhost/swagger/favicon-32x32.png|action: 
2019-01-19 15:21:51.0983|2|INFO|Microsoft.AspNetCore.Hosting.Internal.WebHost|Request finished in 284.4855ms 200 application/json;charset=utf-8 |url: http://localhost/swagger/v1/swagger.json|action: 
2019-01-19 15:21:57.1186|1|INFO|Microsoft.AspNetCore.Hosting.Internal.WebHost|Request starting HTTP/1.1 GET http://localhost:5008/System/GetJWs/Token?ClientId=your_console_client_id&ClientKey=your_console_client_id   |url: http://localhost/System/GetJWs/Token|action: 
2019-01-19 15:21:57.1967|1|INFO|Microsoft.AspNetCore.Mvc.Internal.ControllerActionInvoker|Route matched with {action = "GetJWs", controller = "System"}. Executing action DapperTast.Controllers.SystemController.GetJWs (DapperTast) |url: http://localhost/System/GetJWs/Token|action: GetJWs
2019-01-19 15:21:57.3340|1|INFO|Microsoft.AspNetCore.Mvc.Internal.ControllerActionInvoker|Executing action method DapperTast.Controllers.SystemController.GetJWs (DapperTast) with arguments (DapperTast.Helper.AskForTokenRequest) - Validation state: Valid |url: http://localhost/System/GetJWs/Token|action: GetJWs
2019-01-19 15:21:57.4288|2|INFO|Microsoft.AspNetCore.Mvc.Internal.ControllerActionInvoker|Executed action method DapperTast.Controllers.SystemController.GetJWs (DapperTast), returned result Microsoft.AspNetCore.Mvc.ObjectResult in 85.28ms. |url: http://localhost/System/GetJWs/Token|action: GetJWs
2019-01-19 15:21:57.4504|1|INFO|Microsoft.AspNetCore.Mvc.Infrastructure.ObjectResultExecutor|Executing ObjectResult, writing value of type 'Quote.AspNetCore.ApiJsonResultData'. |url: http://localhost/System/GetJWs/Token|action: GetJWs
2019-01-19 15:21:57.4821|2|INFO|Microsoft.AspNetCore.Mvc.Internal.ControllerActionInvoker|Executed action DapperTast.Controllers.SystemController.GetJWs (DapperTast) in 268.3955ms |url: http://localhost/System/GetJWs/Token|action: GetJWs
2019-01-19 15:21:57.4821|2|INFO|Microsoft.AspNetCore.Hosting.Internal.WebHost|Request finished in 366.9767ms 200 application/json; charset=utf-8 |url: http://localhost/System/GetJWs/Token|action: GetJWs
2019-01-19 15:22:30.8208|1|INFO|Microsoft.AspNetCore.Hosting.Internal.WebHost|Request starting HTTP/1.1 GET http://localhost:5008/Values/PageList   |url: http://localhost/Values/PageList|action: 
2019-01-19 15:22:30.9118|2|INFO|Microsoft.AspNetCore.Authentication.JwtBearer.JwtBearerHandler|Successfully validated the token. |url: http://localhost/Values/PageList|action: 
2019-01-19 15:22:30.9415|1|INFO|Microsoft.AspNetCore.Mvc.Internal.ControllerActionInvoker|Route matched with {action = "PageList", controller = "Values"}. Executing action DapperTast.Controllers.ValuesController.PageList (DapperTast) |url: http://localhost/Values/PageList|action: PageList
2019-01-19 15:22:30.9670|1|INFO|Microsoft.AspNetCore.Authorization.DefaultAuthorizationService|Authorization was successful. |url: http://localhost/Values/PageList|action: PageList
2019-01-19 15:22:31.0072|1|INFO|Microsoft.AspNetCore.Mvc.Internal.ControllerActionInvoker|Executing action method DapperTast.Controllers.ValuesController.PageList (DapperTast) - Validation state: Valid |url: http://localhost/Values/PageList|action: PageList
2019-01-19 15:22:34.9366|2|INFO|Microsoft.AspNetCore.Mvc.Internal.ControllerActionInvoker|Executed action method DapperTast.Controllers.ValuesController.PageList (DapperTast), returned result Microsoft.AspNetCore.Mvc.ObjectResult in 3923.2998ms. |url: http://localhost/Values/PageList|action: PageList
2019-01-19 15:22:34.9366|1|INFO|Microsoft.AspNetCore.Mvc.Infrastructure.ObjectResultExecutor|Executing ObjectResult, writing value of type 'Quote.AspNetCore.ApiJsonResultData'. |url: http://localhost/Values/PageList|action: PageList
2019-01-19 15:22:34.9647|2|INFO|Microsoft.AspNetCore.Mvc.Internal.ControllerActionInvoker|Executed action DapperTast.Controllers.ValuesController.PageList (DapperTast) in 4017.3062ms |url: http://localhost/Values/PageList|action: PageList
2019-01-19 15:22:34.9647|2|INFO|Microsoft.AspNetCore.Hosting.Internal.WebHost|Request finished in 4150.845ms 200 application/json; charset=utf-8 |url: http://localhost/Values/PageList|action: PageList
2019-01-19 15:27:49.3149||INFO|Microsoft.AspNetCore.DataProtection.KeyManagement.XmlKeyManager|User profile is available. Using 'C:\Users\Administrator\AppData\Local\ASP.NET\DataProtection-Keys' as key repository and Windows DPAPI to encrypt keys at rest. |url: |action: 
2019-01-19 15:27:50.5819|1|INFO|Microsoft.AspNetCore.Hosting.Internal.WebHost|Request starting HTTP/1.1 GET http://localhost:5008/api/values   |url: http://localhost/api/values|action: 
2019-01-19 15:27:50.8923|2|INFO|Microsoft.AspNetCore.Hosting.Internal.WebHost|Request finished in 310.8532ms 404  |url: http://localhost/api/values|action: 
2019-01-19 15:28:05.4348|1|INFO|Microsoft.AspNetCore.Hosting.Internal.WebHost|Request starting HTTP/1.1 GET http://localhost:5008/swagger/index.html   |url: http://localhost/swagger/index.html|action: 
2019-01-19 15:28:05.5307|2|INFO|Microsoft.AspNetCore.Hosting.Internal.WebHost|Request finished in 95.8673ms 200 text/html |url: http://localhost/swagger/index.html|action: 
2019-01-19 15:28:06.0019|1|INFO|Microsoft.AspNetCore.Hosting.Internal.WebHost|Request starting HTTP/1.1 GET http://localhost:5008/swagger/v1/swagger.json   |url: http://localhost/swagger/v1/swagger.json|action: 
2019-01-19 15:28:06.0131|1|INFO|Microsoft.AspNetCore.Hosting.Internal.WebHost|Request starting HTTP/1.1 GET http://localhost:5008/swagger/favicon-32x32.png   |url: http://localhost/swagger/favicon-32x32.png|action: 
2019-01-19 15:28:06.0475|2|INFO|Microsoft.AspNetCore.StaticFiles.StaticFileMiddleware|Sending file. Request path: '/favicon-32x32.png'. Physical path: 'N/A' |url: http://localhost/swagger/favicon-32x32.png|action: 
2019-01-19 15:28:06.0475|2|INFO|Microsoft.AspNetCore.Hosting.Internal.WebHost|Request finished in 37.1979ms 200 image/png |url: http://localhost/swagger/favicon-32x32.png|action: 
2019-01-19 15:28:06.2548|2|INFO|Microsoft.AspNetCore.Hosting.Internal.WebHost|Request finished in 252.9351ms 200 application/json;charset=utf-8 |url: http://localhost/swagger/v1/swagger.json|action: 
2019-01-19 15:28:22.6741|1|INFO|Microsoft.AspNetCore.Hosting.Internal.WebHost|Request starting HTTP/1.1 GET http://localhost:5008/System/GetJWs/Token?ClientId=your_console_client_key&ClientKey=your_console_client_key   |url: http://localhost/System/GetJWs/Token|action: 
2019-01-19 15:28:22.7324|1|INFO|Microsoft.AspNetCore.Mvc.Internal.ControllerActionInvoker|Route matched with {action = "GetJWs", controller = "System"}. Executing action DapperTast.Controllers.SystemController.GetJWs (DapperTast) |url: http://localhost/System/GetJWs/Token|action: GetJWs
2019-01-19 15:28:22.7764|1|INFO|Microsoft.AspNetCore.Mvc.Internal.ControllerActionInvoker|Executing action method DapperTast.Controllers.SystemController.GetJWs (DapperTast) with arguments (DapperTast.Helper.AskForTokenRequest) - Validation state: Valid |url: http://localhost/System/GetJWs/Token|action: GetJWs
2019-01-19 15:28:22.8232|2|INFO|Microsoft.AspNetCore.Mvc.Internal.ControllerActionInvoker|Executed action method DapperTast.Controllers.SystemController.GetJWs (DapperTast), returned result Microsoft.AspNetCore.Mvc.ObjectResult in 43.3869ms. |url: http://localhost/System/GetJWs/Token|action: GetJWs
2019-01-19 15:28:22.8232|1|INFO|Microsoft.AspNetCore.Mvc.Infrastructure.ObjectResultExecutor|Executing ObjectResult, writing value of type 'Quote.AspNetCore.ApiJsonResultData'. |url: http://localhost/System/GetJWs/Token|action: GetJWs
2019-01-19 15:28:22.8455|2|INFO|Microsoft.AspNetCore.Mvc.Internal.ControllerActionInvoker|Executed action DapperTast.Controllers.SystemController.GetJWs (DapperTast) in 104.8668ms |url: http://localhost/System/GetJWs/Token|action: GetJWs
2019-01-19 15:28:22.8455|2|INFO|Microsoft.AspNetCore.Hosting.Internal.WebHost|Request finished in 173.2885ms 200 application/json; charset=utf-8 |url: http://localhost/System/GetJWs/Token|action: GetJWs
2019-01-19 15:29:17.5746|1|INFO|Microsoft.AspNetCore.Hosting.Internal.WebHost|Request starting HTTP/1.1 GET http://localhost:5008/Values/PageList   |url: http://localhost/Values/PageList|action: 
2019-01-19 15:29:17.6472|2|INFO|Microsoft.AspNetCore.Authentication.JwtBearer.JwtBearerHandler|Successfully validated the token. |url: http://localhost/Values/PageList|action: 
2019-01-19 15:29:17.6512|1|INFO|Microsoft.AspNetCore.Mvc.Internal.ControllerActionInvoker|Route matched with {action = "PageList", controller = "Values"}. Executing action DapperTast.Controllers.ValuesController.PageList (DapperTast) |url: http://localhost/Values/PageList|action: PageList
2019-01-19 15:29:17.6512|1|INFO|Microsoft.AspNetCore.Authorization.DefaultAuthorizationService|Authorization was successful. |url: http://localhost/Values/PageList|action: PageList
2019-01-19 15:29:17.6726|1|INFO|Microsoft.AspNetCore.Mvc.Internal.ControllerActionInvoker|Executing action method DapperTast.Controllers.ValuesController.PageList (DapperTast) - Validation state: Valid |url: http://localhost/Values/PageList|action: PageList
2019-01-19 15:29:17.6726|2|INFO|Microsoft.AspNetCore.Mvc.Internal.ControllerActionInvoker|Executed action method DapperTast.Controllers.ValuesController.PageList (DapperTast), returned result Microsoft.AspNetCore.Mvc.ObjectResult in 0.964ms. |url: http://localhost/Values/PageList|action: PageList
2019-01-19 15:29:17.6726|1|INFO|Microsoft.AspNetCore.Mvc.Infrastructure.ObjectResultExecutor|Executing ObjectResult, writing value of type 'Quote.AspNetCore.ApiJsonResultData'. |url: http://localhost/Values/PageList|action: PageList
2019-01-19 15:29:17.6887|2|INFO|Microsoft.AspNetCore.Mvc.Internal.ControllerActionInvoker|Executed action DapperTast.Controllers.ValuesController.PageList (DapperTast) in 35.9953ms |url: http://localhost/Values/PageList|action: PageList
2019-01-19 15:29:17.6887|2|INFO|Microsoft.AspNetCore.Hosting.Internal.WebHost|Request finished in 117.3162ms 200 application/json; charset=utf-8 |url: http://localhost/Values/PageList|action: PageList
2019-01-19 15:35:16.2594||INFO|Microsoft.AspNetCore.DataProtection.KeyManagement.XmlKeyManager|User profile is available. Using 'C:\Users\Administrator\AppData\Local\ASP.NET\DataProtection-Keys' as key repository and Windows DPAPI to encrypt keys at rest. |url: |action: 
2019-01-19 15:35:17.9654|1|INFO|Microsoft.AspNetCore.Hosting.Internal.WebHost|Request starting HTTP/1.1 GET http://localhost:5008/api/values   |url: http://localhost/api/values|action: 
2019-01-19 15:35:18.3785|2|INFO|Microsoft.AspNetCore.Hosting.Internal.WebHost|Request finished in 413.5021ms 404  |url: http://localhost/api/values|action: 
2019-01-19 15:35:44.0323|1|INFO|Microsoft.AspNetCore.Hosting.Internal.WebHost|Request starting HTTP/1.1 GET http://localhost:5008/System/GetJWTStr/Token?Uid=CFCDB300-3C3B-4C92-8C15-9BE6E45EA029&Role=123&Project=123&TokenType=web   |url: http://localhost/System/GetJWTStr/Token|action: 
2019-01-19 15:35:44.1361|1|INFO|Microsoft.AspNetCore.Mvc.Internal.ControllerActionInvoker|Route matched with {action = "GetJWTStr", controller = "System"}. Executing action DapperTast.Controllers.SystemController.GetJWTStr (DapperTast) |url: http://localhost/System/GetJWTStr/Token|action: GetJWTStr
2019-01-19 15:35:44.2835|1|INFO|Microsoft.AspNetCore.Mvc.Internal.ControllerActionInvoker|Executing action method DapperTast.Controllers.SystemController.GetJWTStr (DapperTast) with arguments (DapperTast.Helper.TokenModel) - Validation state: Valid |url: http://localhost/System/GetJWTStr/Token|action: GetJWTStr
2019-01-19 15:35:44.4441|2|INFO|Microsoft.AspNetCore.Mvc.Internal.ControllerActionInvoker|Executed action method DapperTast.Controllers.SystemController.GetJWTStr (DapperTast), returned result Microsoft.AspNetCore.Mvc.ObjectResult in 152.5995ms. |url: http://localhost/System/GetJWTStr/Token|action: GetJWTStr
2019-01-19 15:35:44.4595|1|INFO|Microsoft.AspNetCore.Mvc.Infrastructure.ObjectResultExecutor|Executing ObjectResult, writing value of type 'Quote.AspNetCore.ApiJsonResultData'. |url: http://localhost/System/GetJWTStr/Token|action: GetJWTStr
2019-01-19 15:35:44.4947|2|INFO|Microsoft.AspNetCore.Mvc.Internal.ControllerActionInvoker|Executed action DapperTast.Controllers.SystemController.GetJWTStr (DapperTast) in 347.8589ms |url: http://localhost/System/GetJWTStr/Token|action: GetJWTStr
2019-01-19 15:35:44.4947|2|INFO|Microsoft.AspNetCore.Hosting.Internal.WebHost|Request finished in 467.0613ms 200 application/json; charset=utf-8 |url: http://localhost/System/GetJWTStr/Token|action: GetJWTStr
2019-01-19 15:36:06.3321|1|INFO|Microsoft.AspNetCore.Hosting.Internal.WebHost|Request starting HTTP/1.1 GET http://localhost:5008/Values/PageList   |url: http://localhost/Values/PageList|action: 
2019-01-19 15:36:06.5072|2|INFO|Microsoft.AspNetCore.Authentication.JwtBearer.JwtBearerHandler|Successfully validated the token. |url: http://localhost/Values/PageList|action: 
2019-01-19 15:36:06.5971|1|INFO|Microsoft.AspNetCore.Mvc.Internal.ControllerActionInvoker|Route matched with {action = "PageList", controller = "Values"}. Executing action DapperTast.Controllers.ValuesController.PageList (DapperTast) |url: http://localhost/Values/PageList|action: PageList
2019-01-19 15:36:06.6358|1|INFO|Microsoft.AspNetCore.Authorization.DefaultAuthorizationService|Authorization was successful. |url: http://localhost/Values/PageList|action: PageList
2019-01-19 15:36:06.7436|1|INFO|Microsoft.AspNetCore.Mvc.Internal.ControllerActionInvoker|Executing action method DapperTast.Controllers.ValuesController.PageList (DapperTast) - Validation state: Valid |url: http://localhost/Values/PageList|action: PageList
2019-01-19 15:36:06.7697|2|INFO|Microsoft.AspNetCore.Mvc.Internal.ControllerActionInvoker|Executed action method DapperTast.Controllers.ValuesController.PageList (DapperTast), returned result Microsoft.AspNetCore.Mvc.ObjectResult in 2.0307ms. |url: http://localhost/Values/PageList|action: PageList
2019-01-19 15:36:06.7978|1|INFO|Microsoft.AspNetCore.Mvc.Infrastructure.ObjectResultExecutor|Executing ObjectResult, writing value of type 'Quote.AspNetCore.ApiJsonResultData'. |url: http://localhost/Values/PageList|action: PageList
2019-01-19 15:36:06.8643|2|INFO|Microsoft.AspNetCore.Mvc.Internal.ControllerActionInvoker|Executed action DapperTast.Controllers.ValuesController.PageList (DapperTast) in 243.6255ms |url: http://localhost/Values/PageList|action: PageList
2019-01-19 15:36:06.8701|2|INFO|Microsoft.AspNetCore.Hosting.Internal.WebHost|Request finished in 535.9119ms 200 application/json; charset=utf-8 |url: http://localhost/Values/PageList|action: PageList
2019-01-19 15:45:48.0436||INFO|Microsoft.AspNetCore.DataProtection.KeyManagement.XmlKeyManager|User profile is available. Using 'C:\Users\Administrator\AppData\Local\ASP.NET\DataProtection-Keys' as key repository and Windows DPAPI to encrypt keys at rest. |url: |action: 
2019-01-19 15:45:49.8820|1|INFO|Microsoft.AspNetCore.Hosting.Internal.WebHost|Request starting HTTP/1.1 GET http://localhost:5008/api/values   |url: http://localhost/api/values|action: 
2019-01-19 15:45:50.3322|2|INFO|Microsoft.AspNetCore.Hosting.Internal.WebHost|Request finished in 446.2214ms 404  |url: http://localhost/api/values|action: 
2019-01-19 15:48:21.8329|1|INFO|Microsoft.AspNetCore.Hosting.Internal.WebHost|Request starting HTTP/1.1 GET http://localhost:5008/System/GetJWTStr/Token?Uid=CFCDB300-3C3B-4C92-8C15-9BE6E45EA029&Role=123&Project=123&TokenType=web   |url: http://localhost/System/GetJWTStr/Token|action: 
2019-01-19 15:48:21.9376|1|INFO|Microsoft.AspNetCore.Mvc.Internal.ControllerActionInvoker|Route matched with {action = "GetJWTStr", controller = "System"}. Executing action DapperTast.Controllers.SystemController.GetJWTStr (DapperTast) |url: http://localhost/System/GetJWTStr/Token|action: GetJWTStr
2019-01-19 15:48:22.1159|1|INFO|Microsoft.AspNetCore.Mvc.Internal.ControllerActionInvoker|Executing action method DapperTast.Controllers.SystemController.GetJWTStr (DapperTast) with arguments (DapperTast.Helper.TokenModel) - Validation state: Valid |url: http://localhost/System/GetJWTStr/Token|action: GetJWTStr
2019-01-19 15:48:22.2714|2|INFO|Microsoft.AspNetCore.Mvc.Internal.ControllerActionInvoker|Executed action method DapperTast.Controllers.SystemController.GetJWTStr (DapperTast), returned result Microsoft.AspNetCore.Mvc.ObjectResult in 147.6798ms. |url: http://localhost/System/GetJWTStr/Token|action: GetJWTStr
2019-01-19 15:48:22.2866|1|INFO|Microsoft.AspNetCore.Mvc.Infrastructure.ObjectResultExecutor|Executing ObjectResult, writing value of type 'Quote.AspNetCore.ApiJsonResultData'. |url: http://localhost/System/GetJWTStr/Token|action: GetJWTStr
2019-01-19 15:48:22.3250|2|INFO|Microsoft.AspNetCore.Mvc.Internal.ControllerActionInvoker|Executed action DapperTast.Controllers.SystemController.GetJWTStr (DapperTast) in 369.8274ms |url: http://localhost/System/GetJWTStr/Token|action: GetJWTStr
2019-01-19 15:48:22.3250|2|INFO|Microsoft.AspNetCore.Hosting.Internal.WebHost|Request finished in 496.6036ms 200 application/json; charset=utf-8 |url: http://localhost/System/GetJWTStr/Token|action: GetJWTStr
2019-01-19 15:48:36.3998|1|INFO|Microsoft.AspNetCore.Hosting.Internal.WebHost|Request starting HTTP/1.1 GET http://localhost:5008/Values/PageList   |url: http://localhost/Values/PageList|action: 
2019-01-19 15:48:36.4914|2|INFO|Microsoft.AspNetCore.Authentication.JwtBearer.JwtBearerHandler|Successfully validated the token. |url: http://localhost/Values/PageList|action: 
2019-01-19 15:48:36.5028|1|INFO|Microsoft.AspNetCore.Mvc.Internal.ControllerActionInvoker|Route matched with {action = "PageList", controller = "Values"}. Executing action DapperTast.Controllers.ValuesController.PageList (DapperTast) |url: http://localhost/Values/PageList|action: PageList
2019-01-19 15:48:36.5227|1|INFO|Microsoft.AspNetCore.Authorization.DefaultAuthorizationService|Authorization was successful. |url: http://localhost/Values/PageList|action: PageList
2019-01-19 15:48:36.5602|1|INFO|Microsoft.AspNetCore.Mvc.Internal.ControllerActionInvoker|Executing action method DapperTast.Controllers.ValuesController.PageList (DapperTast) - Validation state: Valid |url: http://localhost/Values/PageList|action: PageList
2019-01-19 15:48:36.5602|2|INFO|Microsoft.AspNetCore.Mvc.Internal.ControllerActionInvoker|Executed action method DapperTast.Controllers.ValuesController.PageList (DapperTast), returned result Microsoft.AspNetCore.Mvc.ObjectResult in 0.7652ms. |url: http://localhost/Values/PageList|action: PageList
2019-01-19 15:48:36.5602|1|INFO|Microsoft.AspNetCore.Mvc.Infrastructure.ObjectResultExecutor|Executing ObjectResult, writing value of type 'Quote.AspNetCore.ApiJsonResultData'. |url: http://localhost/Values/PageList|action: PageList
2019-01-19 15:48:36.5893|2|INFO|Microsoft.AspNetCore.Mvc.Internal.ControllerActionInvoker|Executed action DapperTast.Controllers.ValuesController.PageList (DapperTast) in 81.7968ms |url: http://localhost/Values/PageList|action: PageList
2019-01-19 15:48:36.5893|2|INFO|Microsoft.AspNetCore.Hosting.Internal.WebHost|Request finished in 193.8807ms 200 application/json; charset=utf-8 |url: http://localhost/Values/PageList|action: PageList
2019-01-19 15:50:04.1396|1|INFO|Microsoft.AspNetCore.Hosting.Internal.WebHost|Request starting HTTP/1.1 GET http://localhost:5008/Values/PageList   |url: http://localhost/Values/PageList|action: 
2019-01-19 15:50:04.1571|2|INFO|Microsoft.AspNetCore.Authentication.JwtBearer.JwtBearerHandler|Successfully validated the token. |url: http://localhost/Values/PageList|action: 
2019-01-19 15:50:04.1972|1|INFO|Microsoft.AspNetCore.Mvc.Internal.ControllerActionInvoker|Route matched with {action = "PageList", controller = "Values"}. Executing action DapperTast.Controllers.ValuesController.PageList (DapperTast) |url: http://localhost/Values/PageList|action: PageList
2019-01-19 15:50:04.2162|1|INFO|Microsoft.AspNetCore.Authorization.DefaultAuthorizationService|Authorization was successful. |url: http://localhost/Values/PageList|action: PageList
2019-01-19 15:50:04.2536|1|INFO|Microsoft.AspNetCore.Mvc.Internal.ControllerActionInvoker|Executing action method DapperTast.Controllers.ValuesController.PageList (DapperTast) - Validation state: Valid |url: http://localhost/Values/PageList|action: PageList
2019-01-19 16:02:15.0391||INFO|Microsoft.AspNetCore.DataProtection.KeyManagement.XmlKeyManager|User profile is available. Using 'C:\Users\Administrator\AppData\Local\ASP.NET\DataProtection-Keys' as key repository and Windows DPAPI to encrypt keys at rest. |url: |action: 
2019-01-19 16:02:16.7462|1|INFO|Microsoft.AspNetCore.Hosting.Internal.WebHost|Request starting HTTP/1.1 GET http://localhost:5008/api/values   |url: http://localhost/api/values|action: 
2019-01-19 16:02:17.0214|2|INFO|Microsoft.AspNetCore.Hosting.Internal.WebHost|Request finished in 276.4226ms 404  |url: http://localhost/api/values|action: 
2019-01-19 16:02:20.6971|1|INFO|Microsoft.AspNetCore.Hosting.Internal.WebHost|Request starting HTTP/1.1 GET http://localhost:5008/swagger/index.html   |url: http://localhost/swagger/index.html|action: 
2019-01-19 16:02:20.8099|2|INFO|Microsoft.AspNetCore.Hosting.Internal.WebHost|Request finished in 112.8096ms 200 text/html |url: http://localhost/swagger/index.html|action: 
2019-01-19 16:02:21.2816|1|INFO|Microsoft.AspNetCore.Hosting.Internal.WebHost|Request starting HTTP/1.1 GET http://localhost:5008/swagger/v1/swagger.json   |url: http://localhost/swagger/v1/swagger.json|action: 
2019-01-19 16:02:21.2982|1|INFO|Microsoft.AspNetCore.Hosting.Internal.WebHost|Request starting HTTP/1.1 GET http://localhost:5008/swagger/favicon-32x32.png   |url: http://localhost/swagger/favicon-32x32.png|action: 
2019-01-19 16:02:21.3131|2|INFO|Microsoft.AspNetCore.StaticFiles.StaticFileMiddleware|Sending file. Request path: '/favicon-32x32.png'. Physical path: 'N/A' |url: http://localhost/swagger/favicon-32x32.png|action: 
2019-01-19 16:02:21.3131|2|INFO|Microsoft.AspNetCore.Hosting.Internal.WebHost|Request finished in 15.8924ms 200 image/png |url: http://localhost/swagger/favicon-32x32.png|action: 
2019-01-19 16:02:21.5223|2|INFO|Microsoft.AspNetCore.Hosting.Internal.WebHost|Request finished in 240.6649ms 200 application/json;charset=utf-8 |url: http://localhost/swagger/v1/swagger.json|action: 
2019-01-19 16:02:37.9261|1|INFO|Microsoft.AspNetCore.Hosting.Internal.WebHost|Request starting HTTP/1.1 GET http://localhost:5008/System/GetJWTStr/Token?Uid=CFCDB300-3C3B-4C92-8C15-9BE6E45EA029&Role=123&Project=123&TokenType=web   |url: http://localhost/System/GetJWTStr/Token|action: 
2019-01-19 16:02:37.9939|1|INFO|Microsoft.AspNetCore.Mvc.Internal.ControllerActionInvoker|Route matched with {action = "GetJWTStr", controller = "System"}. Executing action DapperTast.Controllers.SystemController.GetJWTStr (DapperTast) |url: http://localhost/System/GetJWTStr/Token|action: GetJWTStr
2019-01-19 16:02:38.0406|1|INFO|Microsoft.AspNetCore.Mvc.Internal.ControllerActionInvoker|Executing action method DapperTast.Controllers.SystemController.GetJWTStr (DapperTast) with arguments (DapperTast.Helper.TokenModel) - Validation state: Valid |url: http://localhost/System/GetJWTStr/Token|action: GetJWTStr
2019-01-19 16:02:38.0926|2|INFO|Microsoft.AspNetCore.Mvc.Internal.ControllerActionInvoker|Executed action method DapperTast.Controllers.SystemController.GetJWTStr (DapperTast), returned result Microsoft.AspNetCore.Mvc.ObjectResult in 48.3666ms. |url: http://localhost/System/GetJWTStr/Token|action: GetJWTStr
2019-01-19 16:02:38.1066|1|INFO|Microsoft.AspNetCore.Mvc.Infrastructure.ObjectResultExecutor|Executing ObjectResult, writing value of type 'Quote.AspNetCore.ApiJsonResultData'. |url: http://localhost/System/GetJWTStr/Token|action: GetJWTStr
2019-01-19 16:02:38.1215|2|INFO|Microsoft.AspNetCore.Mvc.Internal.ControllerActionInvoker|Executed action DapperTast.Controllers.SystemController.GetJWTStr (DapperTast) in 120.8952ms |url: http://localhost/System/GetJWTStr/Token|action: GetJWTStr
2019-01-19 16:02:38.1215|2|INFO|Microsoft.AspNetCore.Hosting.Internal.WebHost|Request finished in 196.7084ms 200 application/json; charset=utf-8 |url: http://localhost/System/GetJWTStr/Token|action: GetJWTStr
2019-01-19 16:03:06.0000|1|INFO|Microsoft.AspNetCore.Hosting.Internal.WebHost|Request starting HTTP/1.1 GET http://localhost:5008/Values/PageList   |url: http://localhost/Values/PageList|action: 
2019-01-19 16:03:06.1353|1|INFO|Microsoft.AspNetCore.Authentication.JwtBearer.JwtBearerHandler|Failed to validate the token. Microsoft.IdentityModel.Tokens.SecurityTokenInvalidIssuerException: IDX10211: Unable to validate issuer. The 'issuer' parameter is null or whitespace
   at Microsoft.IdentityModel.Tokens.Validators.ValidateIssuer(String issuer, SecurityToken securityToken, TokenValidationParameters validationParameters) in C:\agent2\_work\56\s\src\Microsoft.IdentityModel.Tokens\Validators.cs:line 145
   at System.IdentityModel.Tokens.Jwt.JwtSecurityTokenHandler.ValidateTokenPayload(JwtSecurityToken jwtToken, TokenValidationParameters validationParameters) in C:\agent2\_work\56\s\src\System.IdentityModel.Tokens.Jwt\JwtSecurityTokenHandler.cs:line 737
   at System.IdentityModel.Tokens.Jwt.JwtSecurityTokenHandler.ValidateToken(String token, TokenValidationParameters validationParameters, SecurityToken& validatedToken) in C:\agent2\_work\56\s\src\System.IdentityModel.Tokens.Jwt\JwtSecurityTokenHandler.cs:line 719
   at Microsoft.AspNetCore.Authentication.JwtBearer.JwtBearerHandler.HandleAuthenticateAsync()|url: http://localhost/Values/PageList|action: 
2019-01-19 16:03:06.1458|7|INFO|Microsoft.AspNetCore.Authentication.JwtBearer.JwtBearerHandler|Bearer was not authenticated. Failure message: IDX10211: Unable to validate issuer. The 'issuer' parameter is null or whitespace |url: http://localhost/Values/PageList|action: 
2019-01-19 16:03:06.1458|1|INFO|Microsoft.AspNetCore.Mvc.Internal.ControllerActionInvoker|Route matched with {action = "PageList", controller = "Values"}. Executing action DapperTast.Controllers.ValuesController.PageList (DapperTast) |url: http://localhost/Values/PageList|action: PageList
2019-01-19 16:03:06.1750|2|INFO|Microsoft.AspNetCore.Authorization.DefaultAuthorizationService|Authorization failed. |url: http://localhost/Values/PageList|action: PageList
2019-01-19 16:03:06.1750|3|INFO|Microsoft.AspNetCore.Mvc.Internal.ControllerActionInvoker|Authorization failed for the request at filter 'Microsoft.AspNetCore.Mvc.Authorization.AuthorizeFilter'. |url: http://localhost/Values/PageList|action: PageList
2019-01-19 16:03:06.1813|1|INFO|Microsoft.AspNetCore.Mvc.ChallengeResult|Executing ChallengeResult with authentication schemes (). |url: http://localhost/Values/PageList|action: PageList
2019-01-19 16:03:06.1813|12|INFO|Microsoft.AspNetCore.Authentication.JwtBearer.JwtBearerHandler|AuthenticationScheme: Bearer was challenged. |url: http://localhost/Values/PageList|action: PageList
2019-01-19 16:03:06.1813|2|INFO|Microsoft.AspNetCore.Mvc.Internal.ControllerActionInvoker|Executed action DapperTast.Controllers.ValuesController.PageList (DapperTast) in 45.5874ms |url: http://localhost/Values/PageList|action: PageList
2019-01-19 16:03:06.1977|2|INFO|Microsoft.AspNetCore.Hosting.Internal.WebHost|Request finished in 197.865ms 401  |url: http://localhost/Values/PageList|action: PageList
2019-01-19 16:04:07.4838||INFO|Microsoft.AspNetCore.DataProtection.KeyManagement.XmlKeyManager|User profile is available. Using 'C:\Users\Administrator\AppData\Local\ASP.NET\DataProtection-Keys' as key repository and Windows DPAPI to encrypt keys at rest. |url: |action: 
2019-01-19 16:04:09.0247|1|INFO|Microsoft.AspNetCore.Hosting.Internal.WebHost|Request starting HTTP/1.1 GET http://localhost:5008/api/values   |url: http://localhost/api/values|action: 
2019-01-19 16:04:09.3547|2|INFO|Microsoft.AspNetCore.Hosting.Internal.WebHost|Request finished in 330.8049ms 404  |url: http://localhost/api/values|action: 
2019-01-19 16:04:19.6390|1|INFO|Microsoft.AspNetCore.Hosting.Internal.WebHost|Request starting HTTP/1.1 GET http://localhost:5008/swagger/index.html   |url: http://localhost/swagger/index.html|action: 
2019-01-19 16:04:19.7382|2|INFO|Microsoft.AspNetCore.Hosting.Internal.WebHost|Request finished in 99.3473ms 200 text/html |url: http://localhost/swagger/index.html|action: 
2019-01-19 16:04:20.1284|1|INFO|Microsoft.AspNetCore.Hosting.Internal.WebHost|Request starting HTTP/1.1 GET http://localhost:5008/swagger/v1/swagger.json   |url: http://localhost/swagger/v1/swagger.json|action: 
2019-01-19 16:04:20.3471|2|INFO|Microsoft.AspNetCore.Hosting.Internal.WebHost|Request finished in 218.6952ms 200 application/json;charset=utf-8 |url: http://localhost/swagger/v1/swagger.json|action: 
2019-01-19 16:05:00.5276|1|INFO|Microsoft.AspNetCore.Hosting.Internal.WebHost|Request starting HTTP/1.1 GET http://localhost:5008/System/GetJWTStr/Token?Uid=CFCDB300-3C3B-4C92-8C15-9BE6E45EA029&Role=123&Project=123&TokenType=web   |url: http://localhost/System/GetJWTStr/Token|action: 
2019-01-19 16:05:00.5814|1|INFO|Microsoft.AspNetCore.Mvc.Internal.ControllerActionInvoker|Route matched with {action = "GetJWTStr", controller = "System"}. Executing action DapperTast.Controllers.SystemController.GetJWTStr (DapperTast) |url: http://localhost/System/GetJWTStr/Token|action: GetJWTStr
2019-01-19 16:05:00.6247|1|INFO|Microsoft.AspNetCore.Mvc.Internal.ControllerActionInvoker|Executing action method DapperTast.Controllers.SystemController.GetJWTStr (DapperTast) with arguments (DapperTast.Helper.TokenModel) - Validation state: Valid |url: http://localhost/System/GetJWTStr/Token|action: GetJWTStr
2019-01-19 16:05:00.6698|2|INFO|Microsoft.AspNetCore.Mvc.Internal.ControllerActionInvoker|Executed action method DapperTast.Controllers.SystemController.GetJWTStr (DapperTast), returned result Microsoft.AspNetCore.Mvc.ObjectResult in 41.6255ms. |url: http://localhost/System/GetJWTStr/Token|action: GetJWTStr
2019-01-19 16:05:00.6818|1|INFO|Microsoft.AspNetCore.Mvc.Infrastructure.ObjectResultExecutor|Executing ObjectResult, writing value of type 'Quote.AspNetCore.ApiJsonResultData'. |url: http://localhost/System/GetJWTStr/Token|action: GetJWTStr
2019-01-19 16:05:00.6818|2|INFO|Microsoft.AspNetCore.Mvc.Internal.ControllerActionInvoker|Executed action DapperTast.Controllers.SystemController.GetJWTStr (DapperTast) in 110.1601ms |url: http://localhost/System/GetJWTStr/Token|action: GetJWTStr
2019-01-19 16:05:00.6818|2|INFO|Microsoft.AspNetCore.Hosting.Internal.WebHost|Request finished in 169.7932ms 200 application/json; charset=utf-8 |url: http://localhost/System/GetJWTStr/Token|action: GetJWTStr
2019-01-19 16:05:27.3993|1|INFO|Microsoft.AspNetCore.Hosting.Internal.WebHost|Request starting HTTP/1.1 GET http://localhost:5008/Values/PageList   |url: http://localhost/Values/PageList|action: 
2019-01-19 16:05:27.5004|1|INFO|Microsoft.AspNetCore.Authentication.JwtBearer.JwtBearerHandler|Failed to validate the token. Microsoft.IdentityModel.Tokens.SecurityTokenInvalidIssuerException: IDX10211: Unable to validate issuer. The 'issuer' parameter is null or whitespace
   at Microsoft.IdentityModel.Tokens.Validators.ValidateIssuer(String issuer, SecurityToken securityToken, TokenValidationParameters validationParameters) in C:\agent2\_work\56\s\src\Microsoft.IdentityModel.Tokens\Validators.cs:line 145
   at System.IdentityModel.Tokens.Jwt.JwtSecurityTokenHandler.ValidateTokenPayload(JwtSecurityToken jwtToken, TokenValidationParameters validationParameters) in C:\agent2\_work\56\s\src\System.IdentityModel.Tokens.Jwt\JwtSecurityTokenHandler.cs:line 737
   at System.IdentityModel.Tokens.Jwt.JwtSecurityTokenHandler.ValidateToken(String token, TokenValidationParameters validationParameters, SecurityToken& validatedToken) in C:\agent2\_work\56\s\src\System.IdentityModel.Tokens.Jwt\JwtSecurityTokenHandler.cs:line 719
   at Microsoft.AspNetCore.Authentication.JwtBearer.JwtBearerHandler.HandleAuthenticateAsync()|url: http://localhost/Values/PageList|action: 
2019-01-19 16:05:27.5004|7|INFO|Microsoft.AspNetCore.Authentication.JwtBearer.JwtBearerHandler|Bearer was not authenticated. Failure message: IDX10211: Unable to validate issuer. The 'issuer' parameter is null or whitespace |url: http://localhost/Values/PageList|action: 
2019-01-19 16:05:27.5137|1|INFO|Microsoft.AspNetCore.Mvc.Internal.ControllerActionInvoker|Route matched with {action = "PageList", controller = "Values"}. Executing action DapperTast.Controllers.ValuesController.PageList (DapperTast) |url: http://localhost/Values/PageList|action: PageList
2019-01-19 16:05:27.5272|2|INFO|Microsoft.AspNetCore.Authorization.DefaultAuthorizationService|Authorization failed. |url: http://localhost/Values/PageList|action: PageList
2019-01-19 16:05:27.5272|3|INFO|Microsoft.AspNetCore.Mvc.Internal.ControllerActionInvoker|Authorization failed for the request at filter 'Microsoft.AspNetCore.Mvc.Authorization.AuthorizeFilter'. |url: http://localhost/Values/PageList|action: PageList
2019-01-19 16:05:27.5272|1|INFO|Microsoft.AspNetCore.Mvc.ChallengeResult|Executing ChallengeResult with authentication schemes (). |url: http://localhost/Values/PageList|action: PageList
2019-01-19 16:05:27.5468|12|INFO|Microsoft.AspNetCore.Authentication.JwtBearer.JwtBearerHandler|AuthenticationScheme: Bearer was challenged. |url: http://localhost/Values/PageList|action: PageList
2019-01-19 16:05:27.5468|2|INFO|Microsoft.AspNetCore.Mvc.Internal.ControllerActionInvoker|Executed action DapperTast.Controllers.ValuesController.PageList (DapperTast) in 33.8059ms |url: http://localhost/Values/PageList|action: PageList
2019-01-19 16:05:27.5468|2|INFO|Microsoft.AspNetCore.Hosting.Internal.WebHost|Request finished in 150.4661ms 401  |url: http://localhost/Values/PageList|action: PageList
2019-01-19 16:06:04.5918||INFO|Microsoft.AspNetCore.DataProtection.KeyManagement.XmlKeyManager|User profile is available. Using 'C:\Users\Administrator\AppData\Local\ASP.NET\DataProtection-Keys' as key repository and Windows DPAPI to encrypt keys at rest. |url: |action: 
2019-01-19 16:06:06.0708|1|INFO|Microsoft.AspNetCore.Hosting.Internal.WebHost|Request starting HTTP/1.1 GET http://localhost:5008/api/values   |url: http://localhost/api/values|action: 
2019-01-19 16:06:06.4754|2|INFO|Microsoft.AspNetCore.Hosting.Internal.WebHost|Request finished in 406.281ms 404  |url: http://localhost/api/values|action: 
2019-01-19 16:06:13.8041|1|INFO|Microsoft.AspNetCore.Hosting.Internal.WebHost|Request starting HTTP/1.1 GET http://localhost:5008/System/GetJWTStr/Token?Uid=CFCDB300-3C3B-4C92-8C15-9BE6E45EA029&Role=123&Project=123&TokenType=web   |url: http://localhost/System/GetJWTStr/Token|action: 
2019-01-19 16:06:13.8842|1|INFO|Microsoft.AspNetCore.Mvc.Internal.ControllerActionInvoker|Route matched with {action = "GetJWTStr", controller = "System"}. Executing action DapperTast.Controllers.SystemController.GetJWTStr (DapperTast) |url: http://localhost/System/GetJWTStr/Token|action: GetJWTStr
2019-01-19 16:06:13.9425|1|INFO|Microsoft.AspNetCore.Mvc.Internal.ControllerActionInvoker|Executing action method DapperTast.Controllers.SystemController.GetJWTStr (DapperTast) with arguments (DapperTast.Helper.TokenModel) - Validation state: Valid |url: http://localhost/System/GetJWTStr/Token|action: GetJWTStr
2019-01-19 16:06:14.0379|2|INFO|Microsoft.AspNetCore.Mvc.Internal.ControllerActionInvoker|Executed action method DapperTast.Controllers.SystemController.GetJWTStr (DapperTast), returned result Microsoft.AspNetCore.Mvc.ObjectResult in 91.5666ms. |url: http://localhost/System/GetJWTStr/Token|action: GetJWTStr
2019-01-19 16:06:14.0530|1|INFO|Microsoft.AspNetCore.Mvc.Infrastructure.ObjectResultExecutor|Executing ObjectResult, writing value of type 'Quote.AspNetCore.ApiJsonResultData'. |url: http://localhost/System/GetJWTStr/Token|action: GetJWTStr
2019-01-19 16:06:14.0814|2|INFO|Microsoft.AspNetCore.Mvc.Internal.ControllerActionInvoker|Executed action DapperTast.Controllers.SystemController.GetJWTStr (DapperTast) in 189.4264ms |url: http://localhost/System/GetJWTStr/Token|action: GetJWTStr
2019-01-19 16:06:14.0814|2|INFO|Microsoft.AspNetCore.Hosting.Internal.WebHost|Request finished in 279.9925ms 200 application/json; charset=utf-8 |url: http://localhost/System/GetJWTStr/Token|action: GetJWTStr
2019-01-19 16:06:22.0177|1|INFO|Microsoft.AspNetCore.Hosting.Internal.WebHost|Request starting HTTP/1.1 GET http://localhost:5008/Values/PageList   |url: http://localhost/Values/PageList|action: 
2019-01-19 16:06:22.0962|2|INFO|Microsoft.AspNetCore.Authentication.JwtBearer.JwtBearerHandler|Successfully validated the token. |url: http://localhost/Values/PageList|action: 
2019-01-19 16:06:22.0962|1|INFO|Microsoft.AspNetCore.Mvc.Internal.ControllerActionInvoker|Route matched with {action = "PageList", controller = "Values"}. Executing action DapperTast.Controllers.ValuesController.PageList (DapperTast) |url: http://localhost/Values/PageList|action: PageList
2019-01-19 16:06:22.1158|1|INFO|Microsoft.AspNetCore.Authorization.DefaultAuthorizationService|Authorization was successful. |url: http://localhost/Values/PageList|action: PageList
2019-01-19 16:06:22.1220|1|INFO|Microsoft.AspNetCore.Mvc.Internal.ControllerActionInvoker|Executing action method DapperTast.Controllers.ValuesController.PageList (DapperTast) - Validation state: Valid |url: http://localhost/Values/PageList|action: PageList
2019-01-19 16:06:22.1220|2|INFO|Microsoft.AspNetCore.Mvc.Internal.ControllerActionInvoker|Executed action method DapperTast.Controllers.ValuesController.PageList (DapperTast), returned result Microsoft.AspNetCore.Mvc.ObjectResult in 0.6666ms. |url: http://localhost/Values/PageList|action: PageList
2019-01-19 16:06:22.1220|1|INFO|Microsoft.AspNetCore.Mvc.Infrastructure.ObjectResultExecutor|Executing ObjectResult, writing value of type 'Quote.AspNetCore.ApiJsonResultData'. |url: http://localhost/Values/PageList|action: PageList
2019-01-19 16:06:22.1392|2|INFO|Microsoft.AspNetCore.Mvc.Internal.ControllerActionInvoker|Executed action DapperTast.Controllers.ValuesController.PageList (DapperTast) in 37.7513ms |url: http://localhost/Values/PageList|action: PageList
2019-01-19 16:06:22.1392|2|INFO|Microsoft.AspNetCore.Hosting.Internal.WebHost|Request finished in 122.8792ms 200 application/json; charset=utf-8 |url: http://localhost/Values/PageList|action: PageList
