2019-07-28 00:22:25.7632||INFO|Microsoft.AspNetCore.DataProtection.KeyManagement.XmlKeyManager|User profile is available. Using 'C:\Users\Administrator\AppData\Local\ASP.NET\DataProtection-Keys' as key repository and Windows DPAPI to encrypt keys at rest. |url: |action: 
2019-07-28 00:22:26.7863|1|INFO|Microsoft.AspNetCore.Hosting.Internal.WebHost|Request starting HTTP/1.1 GET http://localhost:5008/api/values   |url: http://localhost/api/values|action: 
2019-07-28 00:22:27.1133|2|INFO|Microsoft.AspNetCore.Hosting.Internal.WebHost|Request finished in 328.3191ms 404  |url: http://localhost/api/values|action: 
2019-07-28 00:22:31.9236|1|INFO|Microsoft.AspNetCore.Hosting.Internal.WebHost|Request starting HTTP/1.1 GET http://localhost:5008/swagger/index.html   |url: http://localhost/swagger/index.html|action: 
2019-07-28 00:22:32.0316|2|INFO|Microsoft.AspNetCore.Hosting.Internal.WebHost|Request finished in 108.7185ms 200 text/html |url: http://localhost/swagger/index.html|action: 
2019-07-28 00:22:33.3366|1|INFO|Microsoft.AspNetCore.Hosting.Internal.WebHost|Request starting HTTP/1.1 GET http://localhost:5008/swagger/v1/swagger.json   |url: http://localhost/swagger/v1/swagger.json|action: 
2019-07-28 00:22:33.5517|2|INFO|Microsoft.AspNetCore.Hosting.Internal.WebHost|Request finished in 215.5332ms 200 application/json;charset=utf-8 |url: http://localhost/swagger/v1/swagger.json|action: 
2019-07-28 00:22:40.9181|1|INFO|Microsoft.AspNetCore.Hosting.Internal.WebHost|Request starting HTTP/1.1 POST http://localhost:5008/Health_Card_To_His/get_his_scheduling_list application/json-patch+json 67 |url: http://localhost/Health_Card_To_His/get_his_scheduling_list|action: 
2019-07-28 00:22:40.9271|4|INFO|Microsoft.AspNetCore.Cors.Infrastructure.CorsService|Policy execution successful. |url: http://localhost/Health_Card_To_His/get_his_scheduling_list|action: 
2019-07-28 00:22:40.9721|3|INFO|Microsoft.AspNetCore.Mvc.Internal.ControllerActionInvoker|Route matched with {action = "get_his_scheduling_list", controller = "Health_Card_To_His"}. Executing controller action with signature System.Threading.Tasks.Task`1[Quote.AspNetCore.ApiJsonResultData] get_his_scheduling_list(DapperTast.Param.Get_His_Scheduling_List_Param) on controller DapperTast.Controllers.Health_Card_To_HisController (DapperTast). |url: http://localhost/Health_Card_To_His/get_his_scheduling_list|action: get_his_scheduling_list
2019-07-28 00:22:41.0211|1|INFO|Microsoft.AspNetCore.Mvc.Internal.ControllerActionInvoker|Executing action method DapperTast.Controllers.Health_Card_To_HisController.get_his_scheduling_list (DapperTast) - Validation state: Valid |url: http://localhost/Health_Card_To_His/get_his_scheduling_list|action: get_his_scheduling_list
2019-07-28 00:22:41.2871|2|INFO|Microsoft.AspNetCore.Mvc.Internal.ControllerActionInvoker|Executed action method DapperTast.Controllers.Health_Card_To_HisController.get_his_scheduling_list (DapperTast), returned result Microsoft.AspNetCore.Mvc.ObjectResult in 262.428ms. |url: http://localhost/Health_Card_To_His/get_his_scheduling_list|action: get_his_scheduling_list
2019-07-28 00:22:41.3001|1|INFO|Microsoft.AspNetCore.Mvc.Infrastructure.ObjectResultExecutor|Executing ObjectResult, writing value of type 'Quote.AspNetCore.ApiJsonResultData'. |url: http://localhost/Health_Card_To_His/get_his_scheduling_list|action: get_his_scheduling_list
2019-07-28 00:22:41.3001|2|INFO|Microsoft.AspNetCore.Mvc.Internal.ControllerActionInvoker|Executed action DapperTast.Controllers.Health_Card_To_HisController.get_his_scheduling_list (DapperTast) in 335.1974ms |url: http://localhost/Health_Card_To_His/get_his_scheduling_list|action: get_his_scheduling_list
2019-07-28 00:22:41.3191|2|INFO|Microsoft.AspNetCore.Hosting.Internal.WebHost|Request finished in 401.1796ms 200 application/json; charset=utf-8 |url: http://localhost/Health_Card_To_His/get_his_scheduling_list|action: get_his_scheduling_list
2019-07-28 15:24:33.2131||INFO|Microsoft.AspNetCore.DataProtection.KeyManagement.XmlKeyManager|User profile is available. Using 'C:\Users\Administrator\AppData\Local\ASP.NET\DataProtection-Keys' as key repository and Windows DPAPI to encrypt keys at rest. |url: |action: 
2019-07-28 15:24:34.5161|1|INFO|Microsoft.AspNetCore.Hosting.Internal.WebHost|Request starting HTTP/1.1 GET http://localhost:5008/api/values   |url: http://localhost/api/values|action: 
2019-07-28 15:24:35.1052|2|INFO|Microsoft.AspNetCore.Hosting.Internal.WebHost|Request finished in 591.4032ms 404  |url: http://localhost/api/values|action: 
2019-07-28 15:25:46.7563|1|INFO|Microsoft.AspNetCore.Hosting.Internal.WebHost|Request starting HTTP/1.1 GET http://localhost:5008/swagger/index.html   |url: http://localhost/swagger/index.html|action: 
2019-07-28 15:25:47.1703|2|INFO|Microsoft.AspNetCore.Hosting.Internal.WebHost|Request finished in 416.0259ms 200 text/html |url: http://localhost/swagger/index.html|action: 
2019-07-28 15:25:47.9523|1|INFO|Microsoft.AspNetCore.Hosting.Internal.WebHost|Request starting HTTP/1.1 GET http://localhost:5008/swagger/v1/swagger.json   |url: http://localhost/swagger/v1/swagger.json|action: 
2019-07-28 15:25:48.1814|2|INFO|Microsoft.AspNetCore.Hosting.Internal.WebHost|Request finished in 223.3822ms 200 application/json;charset=utf-8 |url: http://localhost/swagger/v1/swagger.json|action: 
2019-07-28 15:26:22.8033|1|INFO|Microsoft.AspNetCore.Hosting.Internal.WebHost|Request starting HTTP/1.1 POST http://localhost:5008/Health_Card_To_His/get_his_scheduling_list application/json-patch+json 6 |url: http://localhost/Health_Card_To_His/get_his_scheduling_list|action: 
2019-07-28 15:26:22.8323|4|INFO|Microsoft.AspNetCore.Cors.Infrastructure.CorsService|Policy execution successful. |url: http://localhost/Health_Card_To_His/get_his_scheduling_list|action: 
2019-07-28 15:26:22.8833|3|INFO|Microsoft.AspNetCore.Mvc.Internal.ControllerActionInvoker|Route matched with {action = "get_his_scheduling_list", controller = "Health_Card_To_His"}. Executing controller action with signature System.Threading.Tasks.Task`1[Quote.AspNetCore.ApiJsonResultData] get_his_scheduling_list(DapperTast.Param.Get_His_Scheduling_List_Param) on controller DapperTast.Controllers.Health_Card_To_HisController (DapperTast). |url: http://localhost/Health_Card_To_His/get_his_scheduling_list|action: get_his_scheduling_list
2019-07-28 15:26:23.0144|1|INFO|Microsoft.AspNetCore.Mvc.Internal.ControllerActionInvoker|Executing action method DapperTast.Controllers.Health_Card_To_HisController.get_his_scheduling_list (DapperTast) - Validation state: Invalid |url: http://localhost/Health_Card_To_His/get_his_scheduling_list|action: get_his_scheduling_list
2019-07-28 15:29:34.4763||INFO|Microsoft.AspNetCore.DataProtection.KeyManagement.XmlKeyManager|User profile is available. Using 'C:\Users\Administrator\AppData\Local\ASP.NET\DataProtection-Keys' as key repository and Windows DPAPI to encrypt keys at rest. |url: |action: 
2019-07-28 15:29:34.9933|1|INFO|Microsoft.AspNetCore.Hosting.Internal.WebHost|Request starting HTTP/1.1 GET http://localhost:5008/api/values   |url: http://localhost/api/values|action: 
2019-07-28 15:29:35.2013|2|INFO|Microsoft.AspNetCore.Hosting.Internal.WebHost|Request finished in 207.7166ms 404  |url: http://localhost/api/values|action: 
2019-07-28 15:29:39.1806|1|INFO|Microsoft.AspNetCore.Hosting.Internal.WebHost|Request starting HTTP/1.1 GET http://localhost:5008/swagger/index.html   |url: http://localhost/swagger/index.html|action: 
2019-07-28 15:29:39.2906|2|INFO|Microsoft.AspNetCore.Hosting.Internal.WebHost|Request finished in 110.7481ms 200 text/html |url: http://localhost/swagger/index.html|action: 
2019-07-28 15:29:40.0146|1|INFO|Microsoft.AspNetCore.Hosting.Internal.WebHost|Request starting HTTP/1.1 GET http://localhost:5008/swagger/v1/swagger.json   |url: http://localhost/swagger/v1/swagger.json|action: 
2019-07-28 15:29:40.1946|2|INFO|Microsoft.AspNetCore.Hosting.Internal.WebHost|Request finished in 179.8876ms 200 application/json;charset=utf-8 |url: http://localhost/swagger/v1/swagger.json|action: 
2019-07-28 15:29:47.9751|1|INFO|Microsoft.AspNetCore.Hosting.Internal.WebHost|Request starting HTTP/1.1 POST http://localhost:5008/Health_Card_To_His/get_his_scheduling_list application/json-patch+json 4 |url: http://localhost/Health_Card_To_His/get_his_scheduling_list|action: 
2019-07-28 15:29:47.9751|4|INFO|Microsoft.AspNetCore.Cors.Infrastructure.CorsService|Policy execution successful. |url: http://localhost/Health_Card_To_His/get_his_scheduling_list|action: 
2019-07-28 15:29:48.0301|3|INFO|Microsoft.AspNetCore.Mvc.Internal.ControllerActionInvoker|Route matched with {action = "get_his_scheduling_list", controller = "Health_Card_To_His"}. Executing controller action with signature System.Threading.Tasks.Task`1[Quote.AspNetCore.ApiJsonResultData] get_his_scheduling_list(DapperTast.Param.Get_His_Scheduling_List_Param) on controller DapperTast.Controllers.Health_Card_To_HisController (DapperTast). |url: http://localhost/Health_Card_To_His/get_his_scheduling_list|action: get_his_scheduling_list
2019-07-28 15:29:48.0781|1|INFO|Microsoft.AspNetCore.Mvc.Internal.ControllerActionInvoker|Executing action method DapperTast.Controllers.Health_Card_To_HisController.get_his_scheduling_list (DapperTast) - Validation state: Invalid |url: http://localhost/Health_Card_To_His/get_his_scheduling_list|action: get_his_scheduling_list
2019-07-28 15:29:48.0891|2|INFO|Microsoft.AspNetCore.Mvc.Internal.ControllerActionInvoker|Executed action method DapperTast.Controllers.Health_Card_To_HisController.get_his_scheduling_list (DapperTast), returned result Microsoft.AspNetCore.Mvc.ObjectResult in 5.6312ms. |url: http://localhost/Health_Card_To_His/get_his_scheduling_list|action: get_his_scheduling_list
2019-07-28 15:29:48.0891|1|INFO|Microsoft.AspNetCore.Mvc.Infrastructure.ObjectResultExecutor|Executing ObjectResult, writing value of type 'Quote.AspNetCore.ApiJsonResultData'. |url: http://localhost/Health_Card_To_His/get_his_scheduling_list|action: get_his_scheduling_list
2019-07-28 15:29:48.1161|2|INFO|Microsoft.AspNetCore.Mvc.Internal.ControllerActionInvoker|Executed action DapperTast.Controllers.Health_Card_To_HisController.get_his_scheduling_list (DapperTast) in 81.5088ms |url: http://localhost/Health_Card_To_His/get_his_scheduling_list|action: get_his_scheduling_list
2019-07-28 15:29:48.1161|2|INFO|Microsoft.AspNetCore.Hosting.Internal.WebHost|Request finished in 141.9657ms 200 application/json; charset=utf-8 |url: http://localhost/Health_Card_To_His/get_his_scheduling_list|action: get_his_scheduling_list
2019-07-28 15:30:12.3565|1|INFO|Microsoft.AspNetCore.Hosting.Internal.WebHost|Request starting HTTP/1.1 GET http://localhost:5008/swagger/index.html   |url: http://localhost/swagger/index.html|action: 
2019-07-28 15:30:12.3565|2|INFO|Microsoft.AspNetCore.Hosting.Internal.WebHost|Request finished in 2.2071ms 200 text/html |url: http://localhost/swagger/index.html|action: 
2019-07-28 15:30:12.5375|1|INFO|Microsoft.AspNetCore.Hosting.Internal.WebHost|Request starting HTTP/1.1 GET http://localhost:5008/swagger/v1/swagger.json   |url: http://localhost/swagger/v1/swagger.json|action: 
2019-07-28 15:30:12.5375|2|INFO|Microsoft.AspNetCore.Hosting.Internal.WebHost|Request finished in 3.6427ms 200 application/json;charset=utf-8 |url: http://localhost/swagger/v1/swagger.json|action: 
2019-07-28 15:30:12.5515|1|INFO|Microsoft.AspNetCore.Hosting.Internal.WebHost|Request starting HTTP/1.1 GET http://localhost:5008/swagger/favicon-32x32.png   |url: http://localhost/swagger/favicon-32x32.png|action: 
2019-07-28 15:30:12.5715|2|INFO|Microsoft.AspNetCore.StaticFiles.StaticFileMiddleware|Sending file. Request path: '/favicon-32x32.png'. Physical path: 'N/A' |url: http://localhost/swagger/favicon-32x32.png|action: 
2019-07-28 15:30:12.5715|2|INFO|Microsoft.AspNetCore.Hosting.Internal.WebHost|Request finished in 20.9771ms 200 image/png |url: http://localhost/swagger/favicon-32x32.png|action: 
2019-07-28 15:30:23.8401|1|INFO|Microsoft.AspNetCore.Hosting.Internal.WebHost|Request starting HTTP/1.1 POST http://localhost:5008/Health_Card_To_His/get_his_scheduling_list application/json-patch+json 34 |url: http://localhost/Health_Card_To_His/get_his_scheduling_list|action: 
2019-07-28 15:30:23.8401|4|INFO|Microsoft.AspNetCore.Cors.Infrastructure.CorsService|Policy execution successful. |url: http://localhost/Health_Card_To_His/get_his_scheduling_list|action: 
2019-07-28 15:30:23.8401|3|INFO|Microsoft.AspNetCore.Mvc.Internal.ControllerActionInvoker|Route matched with {action = "get_his_scheduling_list", controller = "Health_Card_To_His"}. Executing controller action with signature System.Threading.Tasks.Task`1[Quote.AspNetCore.ApiJsonResultData] get_his_scheduling_list(DapperTast.Param.Get_His_Scheduling_List_Param) on controller DapperTast.Controllers.Health_Card_To_HisController (DapperTast). |url: http://localhost/Health_Card_To_His/get_his_scheduling_list|action: get_his_scheduling_list
2019-07-28 15:30:23.8401|1|INFO|Microsoft.AspNetCore.Mvc.Internal.ControllerActionInvoker|Executing action method DapperTast.Controllers.Health_Card_To_HisController.get_his_scheduling_list (DapperTast) - Validation state: Valid |url: http://localhost/Health_Card_To_His/get_his_scheduling_list|action: get_his_scheduling_list
2019-07-28 15:30:24.1301|2|INFO|Microsoft.AspNetCore.Mvc.Internal.ControllerActionInvoker|Executed action method DapperTast.Controllers.Health_Card_To_HisController.get_his_scheduling_list (DapperTast), returned result Microsoft.AspNetCore.Mvc.ObjectResult in 283.1631ms. |url: http://localhost/Health_Card_To_His/get_his_scheduling_list|action: get_his_scheduling_list
2019-07-28 15:30:24.1341|1|INFO|Microsoft.AspNetCore.Mvc.Infrastructure.ObjectResultExecutor|Executing ObjectResult, writing value of type 'Quote.AspNetCore.ApiJsonResultData'. |url: http://localhost/Health_Card_To_His/get_his_scheduling_list|action: get_his_scheduling_list
2019-07-28 15:30:24.1341|2|INFO|Microsoft.AspNetCore.Mvc.Internal.ControllerActionInvoker|Executed action DapperTast.Controllers.Health_Card_To_HisController.get_his_scheduling_list (DapperTast) in 297.506ms |url: http://localhost/Health_Card_To_His/get_his_scheduling_list|action: get_his_scheduling_list
2019-07-28 15:30:24.1341|2|INFO|Microsoft.AspNetCore.Hosting.Internal.WebHost|Request finished in 306.1788ms 200 application/json; charset=utf-8 |url: http://localhost/Health_Card_To_His/get_his_scheduling_list|action: get_his_scheduling_list
2019-07-28 15:30:43.0322|1|INFO|Microsoft.AspNetCore.Hosting.Internal.WebHost|Request starting HTTP/1.1 POST http://localhost:5008/Health_Card_To_His/get_his_scheduling_list application/json-patch+json 34 |url: http://localhost/Health_Card_To_His/get_his_scheduling_list|action: 
2019-07-28 15:30:43.0322|4|INFO|Microsoft.AspNetCore.Cors.Infrastructure.CorsService|Policy execution successful. |url: http://localhost/Health_Card_To_His/get_his_scheduling_list|action: 
2019-07-28 15:30:43.0322|3|INFO|Microsoft.AspNetCore.Mvc.Internal.ControllerActionInvoker|Route matched with {action = "get_his_scheduling_list", controller = "Health_Card_To_His"}. Executing controller action with signature System.Threading.Tasks.Task`1[Quote.AspNetCore.ApiJsonResultData] get_his_scheduling_list(DapperTast.Param.Get_His_Scheduling_List_Param) on controller DapperTast.Controllers.Health_Card_To_HisController (DapperTast). |url: http://localhost/Health_Card_To_His/get_his_scheduling_list|action: get_his_scheduling_list
2019-07-28 15:30:43.0322|1|INFO|Microsoft.AspNetCore.Mvc.Internal.ControllerActionInvoker|Executing action method DapperTast.Controllers.Health_Card_To_HisController.get_his_scheduling_list (DapperTast) - Validation state: Valid |url: http://localhost/Health_Card_To_His/get_his_scheduling_list|action: get_his_scheduling_list
2019-07-28 15:30:43.0612|2|INFO|Microsoft.AspNetCore.Mvc.Internal.ControllerActionInvoker|Executed action method DapperTast.Controllers.Health_Card_To_HisController.get_his_scheduling_list (DapperTast), returned result Microsoft.AspNetCore.Mvc.ObjectResult in 27.8853ms. |url: http://localhost/Health_Card_To_His/get_his_scheduling_list|action: get_his_scheduling_list
2019-07-28 15:30:43.0612|1|INFO|Microsoft.AspNetCore.Mvc.Infrastructure.ObjectResultExecutor|Executing ObjectResult, writing value of type 'Quote.AspNetCore.ApiJsonResultData'. |url: http://localhost/Health_Card_To_His/get_his_scheduling_list|action: get_his_scheduling_list
2019-07-28 15:30:43.0612|2|INFO|Microsoft.AspNetCore.Mvc.Internal.ControllerActionInvoker|Executed action DapperTast.Controllers.Health_Card_To_HisController.get_his_scheduling_list (DapperTast) in 32.9919ms |url: http://localhost/Health_Card_To_His/get_his_scheduling_list|action: get_his_scheduling_list
2019-07-28 15:30:43.0612|2|INFO|Microsoft.AspNetCore.Hosting.Internal.WebHost|Request finished in 35.4055ms 200 application/json; charset=utf-8 |url: http://localhost/Health_Card_To_His/get_his_scheduling_list|action: get_his_scheduling_list
2019-07-28 15:31:07.1266|1|INFO|Microsoft.AspNetCore.Hosting.Internal.WebHost|Request starting HTTP/1.1 POST http://localhost:5008/Health_Card_To_His/get_his_scheduling_list application/json-patch+json 34 |url: http://localhost/Health_Card_To_His/get_his_scheduling_list|action: 
2019-07-28 15:31:07.1266|4|INFO|Microsoft.AspNetCore.Cors.Infrastructure.CorsService|Policy execution successful. |url: http://localhost/Health_Card_To_His/get_his_scheduling_list|action: 
2019-07-28 15:31:07.1266|3|INFO|Microsoft.AspNetCore.Mvc.Internal.ControllerActionInvoker|Route matched with {action = "get_his_scheduling_list", controller = "Health_Card_To_His"}. Executing controller action with signature System.Threading.Tasks.Task`1[Quote.AspNetCore.ApiJsonResultData] get_his_scheduling_list(DapperTast.Param.Get_His_Scheduling_List_Param) on controller DapperTast.Controllers.Health_Card_To_HisController (DapperTast). |url: http://localhost/Health_Card_To_His/get_his_scheduling_list|action: get_his_scheduling_list
2019-07-28 15:31:07.1266|1|INFO|Microsoft.AspNetCore.Mvc.Internal.ControllerActionInvoker|Executing action method DapperTast.Controllers.Health_Card_To_HisController.get_his_scheduling_list (DapperTast) - Validation state: Valid |url: http://localhost/Health_Card_To_His/get_his_scheduling_list|action: get_his_scheduling_list
2019-07-28 15:31:07.1436|2|INFO|Microsoft.AspNetCore.Mvc.Internal.ControllerActionInvoker|Executed action method DapperTast.Controllers.Health_Card_To_HisController.get_his_scheduling_list (DapperTast), returned result Microsoft.AspNetCore.Mvc.ObjectResult in 11.0171ms. |url: http://localhost/Health_Card_To_His/get_his_scheduling_list|action: get_his_scheduling_list
2019-07-28 15:31:07.1436|1|INFO|Microsoft.AspNetCore.Mvc.Infrastructure.ObjectResultExecutor|Executing ObjectResult, writing value of type 'Quote.AspNetCore.ApiJsonResultData'. |url: http://localhost/Health_Card_To_His/get_his_scheduling_list|action: get_his_scheduling_list
2019-07-28 15:31:07.1436|2|INFO|Microsoft.AspNetCore.Mvc.Internal.ControllerActionInvoker|Executed action DapperTast.Controllers.Health_Card_To_HisController.get_his_scheduling_list (DapperTast) in 18.9004ms |url: http://localhost/Health_Card_To_His/get_his_scheduling_list|action: get_his_scheduling_list
2019-07-28 15:31:07.1436|2|INFO|Microsoft.AspNetCore.Hosting.Internal.WebHost|Request finished in 20.4049ms 200 application/json; charset=utf-8 |url: http://localhost/Health_Card_To_His/get_his_scheduling_list|action: get_his_scheduling_list
2019-07-28 15:34:24.5779|1|INFO|Microsoft.AspNetCore.Hosting.Internal.WebHost|Request starting HTTP/1.1 POST http://localhost:5008/Health_Card_To_His/get_his_scheduling_list application/json-patch+json 34 |url: http://localhost/Health_Card_To_His/get_his_scheduling_list|action: 
2019-07-28 15:34:24.5779|4|INFO|Microsoft.AspNetCore.Cors.Infrastructure.CorsService|Policy execution successful. |url: http://localhost/Health_Card_To_His/get_his_scheduling_list|action: 
2019-07-28 15:34:24.5779|3|INFO|Microsoft.AspNetCore.Mvc.Internal.ControllerActionInvoker|Route matched with {action = "get_his_scheduling_list", controller = "Health_Card_To_His"}. Executing controller action with signature System.Threading.Tasks.Task`1[Quote.AspNetCore.ApiJsonResultData] get_his_scheduling_list(DapperTast.Param.Get_His_Scheduling_List_Param) on controller DapperTast.Controllers.Health_Card_To_HisController (DapperTast). |url: http://localhost/Health_Card_To_His/get_his_scheduling_list|action: get_his_scheduling_list
2019-07-28 15:34:24.5779|1|INFO|Microsoft.AspNetCore.Mvc.Internal.ControllerActionInvoker|Executing action method DapperTast.Controllers.Health_Card_To_HisController.get_his_scheduling_list (DapperTast) - Validation state: Valid |url: http://localhost/Health_Card_To_His/get_his_scheduling_list|action: get_his_scheduling_list
2019-07-28 15:34:24.5939|2|INFO|Microsoft.AspNetCore.Mvc.Internal.ControllerActionInvoker|Executed action method DapperTast.Controllers.Health_Card_To_HisController.get_his_scheduling_list (DapperTast), returned result Microsoft.AspNetCore.Mvc.ObjectResult in 12.8581ms. |url: http://localhost/Health_Card_To_His/get_his_scheduling_list|action: get_his_scheduling_list
2019-07-28 15:34:24.5939|1|INFO|Microsoft.AspNetCore.Mvc.Infrastructure.ObjectResultExecutor|Executing ObjectResult, writing value of type 'Quote.AspNetCore.ApiJsonResultData'. |url: http://localhost/Health_Card_To_His/get_his_scheduling_list|action: get_his_scheduling_list
2019-07-28 15:34:24.5939|2|INFO|Microsoft.AspNetCore.Mvc.Internal.ControllerActionInvoker|Executed action DapperTast.Controllers.Health_Card_To_HisController.get_his_scheduling_list (DapperTast) in 15.5343ms |url: http://localhost/Health_Card_To_His/get_his_scheduling_list|action: get_his_scheduling_list
2019-07-28 15:34:24.5939|2|INFO|Microsoft.AspNetCore.Hosting.Internal.WebHost|Request finished in 18.6656ms 200 application/json; charset=utf-8 |url: http://localhost/Health_Card_To_His/get_his_scheduling_list|action: get_his_scheduling_list
2019-07-28 15:34:39.4377|1|INFO|Microsoft.AspNetCore.Hosting.Internal.WebHost|Request starting HTTP/1.1 POST http://localhost:5008/Health_Card_To_His/get_his_scheduling_list application/json-patch+json 34 |url: http://localhost/Health_Card_To_His/get_his_scheduling_list|action: 
2019-07-28 15:34:39.4377|4|INFO|Microsoft.AspNetCore.Cors.Infrastructure.CorsService|Policy execution successful. |url: http://localhost/Health_Card_To_His/get_his_scheduling_list|action: 
2019-07-28 15:34:39.4377|3|INFO|Microsoft.AspNetCore.Mvc.Internal.ControllerActionInvoker|Route matched with {action = "get_his_scheduling_list", controller = "Health_Card_To_His"}. Executing controller action with signature System.Threading.Tasks.Task`1[Quote.AspNetCore.ApiJsonResultData] get_his_scheduling_list(DapperTast.Param.Get_His_Scheduling_List_Param) on controller DapperTast.Controllers.Health_Card_To_HisController (DapperTast). |url: http://localhost/Health_Card_To_His/get_his_scheduling_list|action: get_his_scheduling_list
2019-07-28 15:34:39.4377|1|INFO|Microsoft.AspNetCore.Mvc.Internal.ControllerActionInvoker|Executing action method DapperTast.Controllers.Health_Card_To_HisController.get_his_scheduling_list (DapperTast) - Validation state: Valid |url: http://localhost/Health_Card_To_His/get_his_scheduling_list|action: get_his_scheduling_list
2019-07-28 15:34:39.4507|2|INFO|Microsoft.AspNetCore.Mvc.Internal.ControllerActionInvoker|Executed action method DapperTast.Controllers.Health_Card_To_HisController.get_his_scheduling_list (DapperTast), returned result Microsoft.AspNetCore.Mvc.ObjectResult in 6.5648ms. |url: http://localhost/Health_Card_To_His/get_his_scheduling_list|action: get_his_scheduling_list
2019-07-28 15:34:39.4507|1|INFO|Microsoft.AspNetCore.Mvc.Infrastructure.ObjectResultExecutor|Executing ObjectResult, writing value of type 'Quote.AspNetCore.ApiJsonResultData'. |url: http://localhost/Health_Card_To_His/get_his_scheduling_list|action: get_his_scheduling_list
2019-07-28 15:34:39.4507|2|INFO|Microsoft.AspNetCore.Mvc.Internal.ControllerActionInvoker|Executed action DapperTast.Controllers.Health_Card_To_HisController.get_his_scheduling_list (DapperTast) in 12.3813ms |url: http://localhost/Health_Card_To_His/get_his_scheduling_list|action: get_his_scheduling_list
2019-07-28 15:34:39.4507|2|INFO|Microsoft.AspNetCore.Hosting.Internal.WebHost|Request finished in 14.6393ms 200 application/json; charset=utf-8 |url: http://localhost/Health_Card_To_His/get_his_scheduling_list|action: get_his_scheduling_list
2019-07-28 15:34:42.0889|1|INFO|Microsoft.AspNetCore.Hosting.Internal.WebHost|Request starting HTTP/1.1 POST http://localhost:5008/Health_Card_To_His/get_his_scheduling_list application/json-patch+json 34 |url: http://localhost/Health_Card_To_His/get_his_scheduling_list|action: 
2019-07-28 15:34:42.0889|4|INFO|Microsoft.AspNetCore.Cors.Infrastructure.CorsService|Policy execution successful. |url: http://localhost/Health_Card_To_His/get_his_scheduling_list|action: 
2019-07-28 15:34:42.0889|3|INFO|Microsoft.AspNetCore.Mvc.Internal.ControllerActionInvoker|Route matched with {action = "get_his_scheduling_list", controller = "Health_Card_To_His"}. Executing controller action with signature System.Threading.Tasks.Task`1[Quote.AspNetCore.ApiJsonResultData] get_his_scheduling_list(DapperTast.Param.Get_His_Scheduling_List_Param) on controller DapperTast.Controllers.Health_Card_To_HisController (DapperTast). |url: http://localhost/Health_Card_To_His/get_his_scheduling_list|action: get_his_scheduling_list
2019-07-28 15:34:42.0889|1|INFO|Microsoft.AspNetCore.Mvc.Internal.ControllerActionInvoker|Executing action method DapperTast.Controllers.Health_Card_To_HisController.get_his_scheduling_list (DapperTast) - Validation state: Valid |url: http://localhost/Health_Card_To_His/get_his_scheduling_list|action: get_his_scheduling_list
2019-07-28 15:34:42.0979|2|INFO|Microsoft.AspNetCore.Mvc.Internal.ControllerActionInvoker|Executed action method DapperTast.Controllers.Health_Card_To_HisController.get_his_scheduling_list (DapperTast), returned result Microsoft.AspNetCore.Mvc.ObjectResult in 5.3105ms. |url: http://localhost/Health_Card_To_His/get_his_scheduling_list|action: get_his_scheduling_list
2019-07-28 15:34:42.0979|1|INFO|Microsoft.AspNetCore.Mvc.Infrastructure.ObjectResultExecutor|Executing ObjectResult, writing value of type 'Quote.AspNetCore.ApiJsonResultData'. |url: http://localhost/Health_Card_To_His/get_his_scheduling_list|action: get_his_scheduling_list
2019-07-28 15:34:42.0979|2|INFO|Microsoft.AspNetCore.Mvc.Internal.ControllerActionInvoker|Executed action DapperTast.Controllers.Health_Card_To_HisController.get_his_scheduling_list (DapperTast) in 7.4753ms |url: http://localhost/Health_Card_To_His/get_his_scheduling_list|action: get_his_scheduling_list
2019-07-28 15:34:42.0979|2|INFO|Microsoft.AspNetCore.Hosting.Internal.WebHost|Request finished in 10.4102ms 200 application/json; charset=utf-8 |url: http://localhost/Health_Card_To_His/get_his_scheduling_list|action: get_his_scheduling_list
2019-07-28 15:34:52.5535|1|INFO|Microsoft.AspNetCore.Hosting.Internal.WebHost|Request starting HTTP/1.1 GET http://localhost:5008/swagger/index.html   |url: http://localhost/swagger/index.html|action: 
2019-07-28 15:34:52.5535|2|INFO|Microsoft.AspNetCore.Hosting.Internal.WebHost|Request finished in 4.9594ms 200 text/html |url: http://localhost/swagger/index.html|action: 
2019-07-28 15:34:52.7505|1|INFO|Microsoft.AspNetCore.Hosting.Internal.WebHost|Request starting HTTP/1.1 GET http://localhost:5008/swagger/v1/swagger.json   |url: http://localhost/swagger/v1/swagger.json|action: 
2019-07-28 15:34:52.7525|2|INFO|Microsoft.AspNetCore.Hosting.Internal.WebHost|Request finished in 2.5539ms 200 application/json;charset=utf-8 |url: http://localhost/swagger/v1/swagger.json|action: 
2019-07-28 15:34:52.7665|1|INFO|Microsoft.AspNetCore.Hosting.Internal.WebHost|Request starting HTTP/1.1 GET http://localhost:5008/swagger/favicon-32x32.png   |url: http://localhost/swagger/favicon-32x32.png|action: 
2019-07-28 15:34:52.7665|2|INFO|Microsoft.AspNetCore.StaticFiles.StaticFileMiddleware|Sending file. Request path: '/favicon-32x32.png'. Physical path: 'N/A' |url: http://localhost/swagger/favicon-32x32.png|action: 
2019-07-28 15:34:52.7665|2|INFO|Microsoft.AspNetCore.Hosting.Internal.WebHost|Request finished in 8.2202ms 200 image/png |url: http://localhost/swagger/favicon-32x32.png|action: 
2019-07-28 15:35:10.2935|1|INFO|Microsoft.AspNetCore.Hosting.Internal.WebHost|Request starting HTTP/1.1 POST http://localhost:5008/Health_Card_To_His/get_his_scheduling_list application/json-patch+json 29 |url: http://localhost/Health_Card_To_His/get_his_scheduling_list|action: 
2019-07-28 15:35:10.2935|4|INFO|Microsoft.AspNetCore.Cors.Infrastructure.CorsService|Policy execution successful. |url: http://localhost/Health_Card_To_His/get_his_scheduling_list|action: 
2019-07-28 15:35:10.2935|3|INFO|Microsoft.AspNetCore.Mvc.Internal.ControllerActionInvoker|Route matched with {action = "get_his_scheduling_list", controller = "Health_Card_To_His"}. Executing controller action with signature System.Threading.Tasks.Task`1[Quote.AspNetCore.ApiJsonResultData] get_his_scheduling_list(DapperTast.Param.Get_His_Scheduling_List_Param) on controller DapperTast.Controllers.Health_Card_To_HisController (DapperTast). |url: http://localhost/Health_Card_To_His/get_his_scheduling_list|action: get_his_scheduling_list
2019-07-28 15:35:10.2935|1|INFO|Microsoft.AspNetCore.Mvc.Internal.ControllerActionInvoker|Executing action method DapperTast.Controllers.Health_Card_To_HisController.get_his_scheduling_list (DapperTast) - Validation state: Valid |url: http://localhost/Health_Card_To_His/get_his_scheduling_list|action: get_his_scheduling_list
2019-07-28 15:35:10.3045|2|INFO|Microsoft.AspNetCore.Mvc.Internal.ControllerActionInvoker|Executed action method DapperTast.Controllers.Health_Card_To_HisController.get_his_scheduling_list (DapperTast), returned result Microsoft.AspNetCore.Mvc.ObjectResult in 7.424ms. |url: http://localhost/Health_Card_To_His/get_his_scheduling_list|action: get_his_scheduling_list
2019-07-28 15:35:10.3045|1|INFO|Microsoft.AspNetCore.Mvc.Infrastructure.ObjectResultExecutor|Executing ObjectResult, writing value of type 'Quote.AspNetCore.ApiJsonResultData'. |url: http://localhost/Health_Card_To_His/get_his_scheduling_list|action: get_his_scheduling_list
2019-07-28 15:35:10.3045|2|INFO|Microsoft.AspNetCore.Mvc.Internal.ControllerActionInvoker|Executed action DapperTast.Controllers.Health_Card_To_HisController.get_his_scheduling_list (DapperTast) in 9.8436ms |url: http://localhost/Health_Card_To_His/get_his_scheduling_list|action: get_his_scheduling_list
2019-07-28 15:35:10.3045|2|INFO|Microsoft.AspNetCore.Hosting.Internal.WebHost|Request finished in 13.1374ms 200 application/json; charset=utf-8 |url: http://localhost/Health_Card_To_His/get_his_scheduling_list|action: get_his_scheduling_list
2019-07-28 15:49:23.6513||INFO|Microsoft.AspNetCore.DataProtection.KeyManagement.XmlKeyManager|User profile is available. Using 'C:\Users\Administrator\AppData\Local\ASP.NET\DataProtection-Keys' as key repository and Windows DPAPI to encrypt keys at rest. |url: |action: 
2019-07-28 15:49:24.1173|1|INFO|Microsoft.AspNetCore.Hosting.Internal.WebHost|Request starting HTTP/1.1 GET http://localhost:5008/api/values   |url: http://localhost/api/values|action: 
2019-07-28 15:49:24.3634|2|INFO|Microsoft.AspNetCore.Hosting.Internal.WebHost|Request finished in 247.4401ms 404  |url: http://localhost/api/values|action: 
2019-07-28 15:49:28.8896|1|INFO|Microsoft.AspNetCore.Hosting.Internal.WebHost|Request starting HTTP/1.1 POST http://localhost:5008/Health_Card_To_His/get_his_scheduling_list application/json-patch+json 29 |url: http://localhost/Health_Card_To_His/get_his_scheduling_list|action: 
2019-07-28 15:49:28.8896|4|INFO|Microsoft.AspNetCore.Cors.Infrastructure.CorsService|Policy execution successful. |url: http://localhost/Health_Card_To_His/get_his_scheduling_list|action: 
2019-07-28 15:49:28.9376|3|INFO|Microsoft.AspNetCore.Mvc.Internal.ControllerActionInvoker|Route matched with {action = "get_his_scheduling_list", controller = "Health_Card_To_His"}. Executing controller action with signature System.Threading.Tasks.Task`1[Quote.AspNetCore.ApiJsonResultData] get_his_scheduling_list(DapperTast.Param.Get_His_Scheduling_List_Param) on controller DapperTast.Controllers.Health_Card_To_HisController (DapperTast). |url: http://localhost/Health_Card_To_His/get_his_scheduling_list|action: get_his_scheduling_list
2019-07-28 15:49:29.0266|1|INFO|Microsoft.AspNetCore.Mvc.Internal.ControllerActionInvoker|Executing action method DapperTast.Controllers.Health_Card_To_HisController.get_his_scheduling_list (DapperTast) - Validation state: Valid |url: http://localhost/Health_Card_To_His/get_his_scheduling_list|action: get_his_scheduling_list
2019-07-28 15:49:29.1906|2|INFO|Microsoft.AspNetCore.Mvc.Internal.ControllerActionInvoker|Executed action method DapperTast.Controllers.Health_Card_To_HisController.get_his_scheduling_list (DapperTast), returned result Microsoft.AspNetCore.Mvc.ObjectResult in 159.0547ms. |url: http://localhost/Health_Card_To_His/get_his_scheduling_list|action: get_his_scheduling_list
2019-07-28 15:49:29.2026|1|INFO|Microsoft.AspNetCore.Mvc.Infrastructure.ObjectResultExecutor|Executing ObjectResult, writing value of type 'Quote.AspNetCore.ApiJsonResultData'. |url: http://localhost/Health_Card_To_His/get_his_scheduling_list|action: get_his_scheduling_list
2019-07-28 15:49:29.2176|2|INFO|Microsoft.AspNetCore.Mvc.Internal.ControllerActionInvoker|Executed action DapperTast.Controllers.Health_Card_To_HisController.get_his_scheduling_list (DapperTast) in 273.3211ms |url: http://localhost/Health_Card_To_His/get_his_scheduling_list|action: get_his_scheduling_list
2019-07-28 15:49:29.2176|2|INFO|Microsoft.AspNetCore.Hosting.Internal.WebHost|Request finished in 336.202ms 200 application/json; charset=utf-8 |url: http://localhost/Health_Card_To_His/get_his_scheduling_list|action: get_his_scheduling_list
2019-07-28 15:51:55.4600|1|INFO|Microsoft.AspNetCore.Hosting.Internal.WebHost|Request starting HTTP/1.1 POST http://localhost:5008/Health_Card_To_His/get_his_scheduling_list application/json-patch+json 29 |url: http://localhost/Health_Card_To_His/get_his_scheduling_list|action: 
2019-07-28 15:51:55.4600|4|INFO|Microsoft.AspNetCore.Cors.Infrastructure.CorsService|Policy execution successful. |url: http://localhost/Health_Card_To_His/get_his_scheduling_list|action: 
2019-07-28 15:51:55.4600|3|INFO|Microsoft.AspNetCore.Mvc.Internal.ControllerActionInvoker|Route matched with {action = "get_his_scheduling_list", controller = "Health_Card_To_His"}. Executing controller action with signature System.Threading.Tasks.Task`1[Quote.AspNetCore.ApiJsonResultData] get_his_scheduling_list(DapperTast.Param.Get_His_Scheduling_List_Param) on controller DapperTast.Controllers.Health_Card_To_HisController (DapperTast). |url: http://localhost/Health_Card_To_His/get_his_scheduling_list|action: get_his_scheduling_list
2019-07-28 15:51:55.4620|1|INFO|Microsoft.AspNetCore.Mvc.Internal.ControllerActionInvoker|Executing action method DapperTast.Controllers.Health_Card_To_HisController.get_his_scheduling_list (DapperTast) - Validation state: Valid |url: http://localhost/Health_Card_To_His/get_his_scheduling_list|action: get_his_scheduling_list
2019-07-28 15:51:55.4820|2|INFO|Microsoft.AspNetCore.Mvc.Internal.ControllerActionInvoker|Executed action method DapperTast.Controllers.Health_Card_To_HisController.get_his_scheduling_list (DapperTast), returned result Microsoft.AspNetCore.Mvc.ObjectResult in 18.6545ms. |url: http://localhost/Health_Card_To_His/get_his_scheduling_list|action: get_his_scheduling_list
2019-07-28 15:51:55.4820|1|INFO|Microsoft.AspNetCore.Mvc.Infrastructure.ObjectResultExecutor|Executing ObjectResult, writing value of type 'Quote.AspNetCore.ApiJsonResultData'. |url: http://localhost/Health_Card_To_His/get_his_scheduling_list|action: get_his_scheduling_list
2019-07-28 15:51:55.4980|2|INFO|Microsoft.AspNetCore.Mvc.Internal.ControllerActionInvoker|Executed action DapperTast.Controllers.Health_Card_To_HisController.get_his_scheduling_list (DapperTast) in 36.9772ms |url: http://localhost/Health_Card_To_His/get_his_scheduling_list|action: get_his_scheduling_list
2019-07-28 15:51:55.4980|2|INFO|Microsoft.AspNetCore.Hosting.Internal.WebHost|Request finished in 40.1961ms 200 application/json; charset=utf-8 |url: http://localhost/Health_Card_To_His/get_his_scheduling_list|action: get_his_scheduling_list
2019-07-28 15:52:58.1966|1|INFO|Microsoft.AspNetCore.Hosting.Internal.WebHost|Request starting HTTP/1.1 POST http://localhost:5008/Health_Card_To_His/get_his_scheduling_list application/json-patch+json 29 |url: http://localhost/Health_Card_To_His/get_his_scheduling_list|action: 
2019-07-28 15:52:58.1966|4|INFO|Microsoft.AspNetCore.Cors.Infrastructure.CorsService|Policy execution successful. |url: http://localhost/Health_Card_To_His/get_his_scheduling_list|action: 
2019-07-28 15:52:58.1966|3|INFO|Microsoft.AspNetCore.Mvc.Internal.ControllerActionInvoker|Route matched with {action = "get_his_scheduling_list", controller = "Health_Card_To_His"}. Executing controller action with signature System.Threading.Tasks.Task`1[Quote.AspNetCore.ApiJsonResultData] get_his_scheduling_list(DapperTast.Param.Get_His_Scheduling_List_Param) on controller DapperTast.Controllers.Health_Card_To_HisController (DapperTast). |url: http://localhost/Health_Card_To_His/get_his_scheduling_list|action: get_his_scheduling_list
2019-07-28 15:52:58.1966|1|INFO|Microsoft.AspNetCore.Mvc.Internal.ControllerActionInvoker|Executing action method DapperTast.Controllers.Health_Card_To_HisController.get_his_scheduling_list (DapperTast) - Validation state: Valid |url: http://localhost/Health_Card_To_His/get_his_scheduling_list|action: get_his_scheduling_list
2019-07-28 15:52:58.2096|2|INFO|Microsoft.AspNetCore.Mvc.Internal.ControllerActionInvoker|Executed action method DapperTast.Controllers.Health_Card_To_HisController.get_his_scheduling_list (DapperTast), returned result Microsoft.AspNetCore.Mvc.ObjectResult in 10.9046ms. |url: http://localhost/Health_Card_To_His/get_his_scheduling_list|action: get_his_scheduling_list
2019-07-28 15:52:58.2096|1|INFO|Microsoft.AspNetCore.Mvc.Infrastructure.ObjectResultExecutor|Executing ObjectResult, writing value of type 'Quote.AspNetCore.ApiJsonResultData'. |url: http://localhost/Health_Card_To_His/get_his_scheduling_list|action: get_his_scheduling_list
2019-07-28 15:52:58.2096|2|INFO|Microsoft.AspNetCore.Mvc.Internal.ControllerActionInvoker|Executed action DapperTast.Controllers.Health_Card_To_HisController.get_his_scheduling_list (DapperTast) in 13.1737ms |url: http://localhost/Health_Card_To_His/get_his_scheduling_list|action: get_his_scheduling_list
2019-07-28 15:52:58.2096|2|INFO|Microsoft.AspNetCore.Hosting.Internal.WebHost|Request finished in 14.8244ms 200 application/json; charset=utf-8 |url: http://localhost/Health_Card_To_His/get_his_scheduling_list|action: get_his_scheduling_list
